{
  "stats": {
    "suites": 30,
    "tests": 68,
    "passes": 68,
    "pending": 0,
    "failures": 0,
    "testsRegistered": 68,
    "passPercent": 100,
    "pendingPercent": 0,
    "other": 0,
    "hasOther": false,
    "skipped": 0,
    "hasSkipped": false,
    "start": "2025-06-02T02:04:23.999Z",
    "end": "2025-06-02T02:08:03.753Z",
    "duration": 219754
  },
  "results": [
    {
      "uuid": "50c0ab11-1304-4dbf-8c61-77f5a75e6af0",
      "title": "",
      "fullFile": "cypress/e2e/ui/property-listing/property-details.cy.js",
      "file": "cypress/e2e/ui/property-listing/property-details.cy.js",
      "beforeHooks": [],
      "afterHooks": [],
      "tests": [],
      "suites": [
        {
          "uuid": "7a928a15-326d-4f3a-99a6-245929c4e604",
          "title": "Property Details Page: UI and Form Functionality",
          "fullFile": "",
          "file": "",
          "beforeHooks": [],
          "afterHooks": [],
          "tests": [
            {
              "title": "[PROPDET-001] should display all property details correctly",
              "fullTitle": "Property Details Page: UI and Form Functionality [PROPDET-001] should display all property details correctly",
              "timedOut": null,
              "duration": 3909,
              "state": "passed",
              "speed": "fast",
              "pass": true,
              "fail": false,
              "pending": false,
              "context": null,
              "code": "_featuredListingsPage.default.clickMoreButton();\n_propertyDetailsPage.default.verifyAllDetails(_validationPropertyDetails.default.expectedPropertyDetails);\n_propertyDetailsPage.default.verifyRealtorName();",
              "err": {},
              "uuid": "c3769b99-e39d-49d2-9945-c5d0bf32b2ee",
              "parentUUID": "7a928a15-326d-4f3a-99a6-245929c4e604",
              "isHook": false,
              "skipped": false
            },
            {
              "title": "[PROPDET-002] should allow users to submit an inquiry form and redirect back to featured listings",
              "fullTitle": "Property Details Page: UI and Form Functionality [PROPDET-002] should allow users to submit an inquiry form and redirect back to featured listings",
              "timedOut": null,
              "duration": 4781,
              "state": "passed",
              "speed": "fast",
              "pass": true,
              "fail": false,
              "pending": false,
              "context": null,
              "code": "_featuredListingsPage.default.clickMoreButton();\n_propertyDetailsPage.default.clickMakeAnInquiryButton();\n_propertyDetailsPage.default.fillInquiryForm(_formData.default.inquiryFormData);\ncy.reload();\ncy.url().should(\"include\", \"featured-listings\");",
              "err": {},
              "uuid": "f4a420cf-2c9e-4b5e-9c0b-3d100c1ef9ac",
              "parentUUID": "7a928a15-326d-4f3a-99a6-245929c4e604",
              "isHook": false,
              "skipped": false
            }
          ],
          "suites": [],
          "passes": [
            "c3769b99-e39d-49d2-9945-c5d0bf32b2ee",
            "f4a420cf-2c9e-4b5e-9c0b-3d100c1ef9ac"
          ],
          "failures": [],
          "pending": [],
          "skipped": [],
          "duration": 8690,
          "root": false,
          "rootEmpty": false,
          "_timeout": 2000
        }
      ],
      "passes": [],
      "failures": [],
      "pending": [],
      "skipped": [],
      "duration": 0,
      "root": true,
      "rootEmpty": true,
      "_timeout": 2000
    },
    {
      "uuid": "5f80f109-5e6a-4975-bdad-852c6bdf16c4",
      "title": "",
      "fullFile": "cypress/e2e/ui/login/login-positive.cy.js",
      "file": "cypress/e2e/ui/login/login-positive.cy.js",
      "beforeHooks": [],
      "afterHooks": [],
      "tests": [],
      "suites": [
        {
          "uuid": "2c739da4-6908-4ad1-bace-9d154fec2230",
          "title": "Login Functionality: Positive Test Cases",
          "fullFile": "",
          "file": "",
          "beforeHooks": [],
          "afterHooks": [],
          "tests": [
            {
              "title": "[LOGIN-POS-001] should successfully login with valid credentials",
              "fullTitle": "Login Functionality: Positive Test Cases [LOGIN-POS-001] should successfully login with valid credentials",
              "timedOut": null,
              "duration": 2190,
              "state": "passed",
              "speed": "fast",
              "pass": true,
              "fail": false,
              "pending": false,
              "context": null,
              "code": "_loginPage.default.login(this.userCredential.validLoginData.email, this.userCredential.validLoginData.password);\ncy.url().should(\"include\", \"dashboard/user/profile\");\ncy.title().should(\"eq\", \"User: Profile | Delek Homes\");",
              "err": {},
              "uuid": "410a7225-169a-4881-807c-6fddcab4d052",
              "parentUUID": "2c739da4-6908-4ad1-bace-9d154fec2230",
              "isHook": false,
              "skipped": false
            }
          ],
          "suites": [],
          "passes": [
            "410a7225-169a-4881-807c-6fddcab4d052"
          ],
          "failures": [],
          "pending": [],
          "skipped": [],
          "duration": 2190,
          "root": false,
          "rootEmpty": false,
          "_timeout": 2000
        }
      ],
      "passes": [],
      "failures": [],
      "pending": [],
      "skipped": [],
      "duration": 0,
      "root": true,
      "rootEmpty": true,
      "_timeout": 2000
    },
    {
      "uuid": "dcc21af5-9641-45b7-a23d-8bbd44cfdbe5",
      "title": "",
      "fullFile": "cypress/e2e/ui/register/realtor-register-positive.cy.js",
      "file": "cypress/e2e/ui/register/realtor-register-positive.cy.js",
      "beforeHooks": [],
      "afterHooks": [],
      "tests": [],
      "suites": [
        {
          "uuid": "e730f34e-96f6-4958-8f74-b2838efa00ea",
          "title": "Register Page: Realtor Positive Test Cases",
          "fullFile": "",
          "file": "",
          "beforeHooks": [],
          "afterHooks": [],
          "tests": [
            {
              "title": "[REG-REALTOR-POS-001] should register as a realtor when the checkbox is checked and display a welcome message",
              "fullTitle": "Register Page: Realtor Positive Test Cases [REG-REALTOR-POS-001] should register as a realtor when the checkbox is checked and display a welcome message",
              "timedOut": null,
              "duration": 3258,
              "state": "passed",
              "speed": "fast",
              "pass": true,
              "fail": false,
              "pending": false,
              "context": null,
              "code": "_registerPage.default.checkRegisterRealtor();\n_registerPage.default.fillRegistrationForm(_generateUser.firstName, _generateUser.lastName, _generateUser.email, _generateUser.password);\n_registerPage.default.assertWelcomeMessageIsDisplayed();",
              "err": {},
              "uuid": "65dc0702-8dba-4174-9142-e0ec952aa6d8",
              "parentUUID": "e730f34e-96f6-4958-8f74-b2838efa00ea",
              "isHook": false,
              "skipped": false
            },
            {
              "title": "[REG-REALTOR-POS-002] should keep realtor registration option unchecked when the checkbox is not selected",
              "fullTitle": "Register Page: Realtor Positive Test Cases [REG-REALTOR-POS-002] should keep realtor registration option unchecked when the checkbox is not selected",
              "timedOut": null,
              "duration": 324,
              "state": "passed",
              "speed": "fast",
              "pass": true,
              "fail": false,
              "pending": false,
              "context": null,
              "code": "_registerPage.default.uncheckedRegisterRealtor();\n_registerPage.default.verifyRegisterRealtorIsUnchecked();",
              "err": {},
              "uuid": "f3978ba2-6588-4fc2-a3f7-3f94b8e42a60",
              "parentUUID": "e730f34e-96f6-4958-8f74-b2838efa00ea",
              "isHook": false,
              "skipped": false
            }
          ],
          "suites": [],
          "passes": [
            "65dc0702-8dba-4174-9142-e0ec952aa6d8",
            "f3978ba2-6588-4fc2-a3f7-3f94b8e42a60"
          ],
          "failures": [],
          "pending": [],
          "skipped": [],
          "duration": 3582,
          "root": false,
          "rootEmpty": false,
          "_timeout": 2000
        }
      ],
      "passes": [],
      "failures": [],
      "pending": [],
      "skipped": [],
      "duration": 0,
      "root": true,
      "rootEmpty": true,
      "_timeout": 2000
    },
    {
      "uuid": "3b493864-21d9-41ec-8fa5-8df6c08826f6",
      "title": "",
      "fullFile": "cypress/e2e/ui/login/logout-positive.cy.js",
      "file": "cypress/e2e/ui/login/logout-positive.cy.js",
      "beforeHooks": [],
      "afterHooks": [],
      "tests": [],
      "suites": [
        {
          "uuid": "f6dfde3a-499d-4ee2-9dea-8c728a888b1d",
          "title": "User Logout Functionality - Positive Test Case",
          "fullFile": "",
          "file": "",
          "beforeHooks": [],
          "afterHooks": [],
          "tests": [
            {
              "title": "[LOGOUT-POS-001] should successfully logout and redirect the user to login page",
              "fullTitle": "User Logout Functionality - Positive Test Case [LOGOUT-POS-001] should successfully logout and redirect the user to login page",
              "timedOut": null,
              "duration": 1561,
              "state": "passed",
              "speed": "fast",
              "pass": true,
              "fail": false,
              "pending": false,
              "context": null,
              "code": "_headerComponent.default.clickUserIconMenuButton();\n_headerComponent.default.clickLogoutButton();\ncy.url().should(\"include\", \"/auth/login\");",
              "err": {},
              "uuid": "240aac20-432b-4349-ad86-d67e7aa7e285",
              "parentUUID": "f6dfde3a-499d-4ee2-9dea-8c728a888b1d",
              "isHook": false,
              "skipped": false
            }
          ],
          "suites": [],
          "passes": [
            "240aac20-432b-4349-ad86-d67e7aa7e285"
          ],
          "failures": [],
          "pending": [],
          "skipped": [],
          "duration": 1561,
          "root": false,
          "rootEmpty": false,
          "_timeout": 2000
        }
      ],
      "passes": [],
      "failures": [],
      "pending": [],
      "skipped": [],
      "duration": 0,
      "root": true,
      "rootEmpty": true,
      "_timeout": 2000
    },
    {
      "uuid": "745a4491-60cb-4326-93fb-bed4ad6aea7f",
      "title": "",
      "fullFile": "cypress/e2e/api/listings/api-create-listing.cy.js",
      "file": "cypress/e2e/api/listings/api-create-listing.cy.js",
      "beforeHooks": [],
      "afterHooks": [],
      "tests": [],
      "suites": [
        {
          "uuid": "1ddfccc7-8bd9-4ef0-8165-7a6edfeed817",
          "title": "End-to-End: Create and Delete Property Listing via API",
          "fullFile": "",
          "file": "",
          "beforeHooks": [],
          "afterHooks": [],
          "tests": [
            {
              "title": "[LISTING-001] should create a new property listing via API",
              "fullTitle": "End-to-End: Create and Delete Property Listing via API [LISTING-001] should create a new property listing via API",
              "timedOut": null,
              "duration": 551,
              "state": "passed",
              "speed": "fast",
              "pass": true,
              "fail": false,
              "pending": false,
              "context": null,
              "code": "cy.fixture('new-property-listing-data.json').then(data => {\n  cy.createListing({\n    listingData: data.newRealEstateAPI,\n    imagePath: 'images/beautifulHouse.png'\n  }).then(listingId => {\n    cy.log(`New Listing Created! ID: ${listingId}`);\n    cy.writeFile(path, {\n      listingId\n    });\n  });\n});",
              "err": {},
              "uuid": "34407532-c2e0-40eb-a4a4-7134e3d31a94",
              "parentUUID": "1ddfccc7-8bd9-4ef0-8165-7a6edfeed817",
              "isHook": false,
              "skipped": false
            },
            {
              "title": "[LISTING-002] should delete the created property listing by ID via API",
              "fullTitle": "End-to-End: Create and Delete Property Listing via API [LISTING-002] should delete the created property listing by ID via API",
              "timedOut": null,
              "duration": 87,
              "state": "passed",
              "speed": "fast",
              "pass": true,
              "fail": false,
              "pending": false,
              "context": null,
              "code": "cy.fixture('last-listing-ID.json').then(({\n  listingId\n}) => {\n  cy.deleteListing(listingId).then(response => {\n    cy.log(`Deleted Listing ID: ${listingId}`);\n    expect(response.status).to.eq(200);\n  });\n});",
              "err": {},
              "uuid": "697cabb3-dd95-489e-8ded-e0b74af3dc42",
              "parentUUID": "1ddfccc7-8bd9-4ef0-8165-7a6edfeed817",
              "isHook": false,
              "skipped": false
            }
          ],
          "suites": [],
          "passes": [
            "34407532-c2e0-40eb-a4a4-7134e3d31a94",
            "697cabb3-dd95-489e-8ded-e0b74af3dc42"
          ],
          "failures": [],
          "pending": [],
          "skipped": [],
          "duration": 638,
          "root": false,
          "rootEmpty": false,
          "_timeout": 2000
        }
      ],
      "passes": [],
      "failures": [],
      "pending": [],
      "skipped": [],
      "duration": 0,
      "root": true,
      "rootEmpty": true,
      "_timeout": 2000
    },
    {
      "uuid": "dc0e9fe4-d13c-4c7a-8589-17cd08913c26",
      "title": "",
      "fullFile": "cypress/e2e/api/listing-search/api-search-listing.cy.js",
      "file": "cypress/e2e/api/listing-search/api-search-listing.cy.js",
      "beforeHooks": [],
      "afterHooks": [],
      "tests": [],
      "suites": [
        {
          "uuid": "a81f0120-31bc-4c27-b2b8-e661e0696ef0",
          "title": "End-to-End: property listing creation , search created property , and delete created property listing  by ID via API",
          "fullFile": "",
          "file": "",
          "beforeHooks": [],
          "afterHooks": [],
          "tests": [
            {
              "title": "[LISTING-004] Should filter and display listings based on selected state",
              "fullTitle": "End-to-End: property listing creation , search created property , and delete created property listing  by ID via API [LISTING-004] Should filter and display listings based on selected state",
              "timedOut": null,
              "duration": 1950,
              "state": "passed",
              "speed": "fast",
              "pass": true,
              "fail": false,
              "pending": false,
              "context": null,
              "code": "_home.default.searchState(_newPropertyListingData.default.newRealEstateAPI.state);\nconst fullState = _newPropertyListingData.default.newRealEstateAPI.state; // \"California\"\nconst abbrState = _stateAbbreviations.default[fullState]; //\"CA\"\n_featuredListings.default.verifyAllResultsIncludeState([fullState, abbrState]);",
              "err": {},
              "uuid": "e1b615c0-c30e-4e01-88b0-6ce78ba245e8",
              "parentUUID": "a81f0120-31bc-4c27-b2b8-e661e0696ef0",
              "isHook": false,
              "skipped": false
            }
          ],
          "suites": [],
          "passes": [
            "e1b615c0-c30e-4e01-88b0-6ce78ba245e8"
          ],
          "failures": [],
          "pending": [],
          "skipped": [],
          "duration": 1950,
          "root": false,
          "rootEmpty": false,
          "_timeout": 2000
        }
      ],
      "passes": [],
      "failures": [],
      "pending": [],
      "skipped": [],
      "duration": 0,
      "root": true,
      "rootEmpty": true,
      "_timeout": 2000
    },
    {
      "uuid": "7fa6e944-86b6-4ed3-bec3-4a54b28e49c3",
      "title": "",
      "fullFile": "cypress/e2e/ui/login/login-negative.cy.js",
      "file": "cypress/e2e/ui/login/login-negative.cy.js",
      "beforeHooks": [],
      "afterHooks": [],
      "tests": [],
      "suites": [
        {
          "uuid": "f32d53f7-30ca-4689-80ed-f076bda64e55",
          "title": "Login Functionality: Negative Test Cases",
          "fullFile": "",
          "file": "",
          "beforeHooks": [],
          "afterHooks": [],
          "tests": [
            {
              "title": "LOGIN-NEG-001] should display error for invalid email and password format",
              "fullTitle": "Login Functionality: Negative Test Cases LOGIN-NEG-001] should display error for invalid email and password format",
              "timedOut": null,
              "duration": 1797,
              "state": "passed",
              "speed": "fast",
              "pass": true,
              "fail": false,
              "pending": false,
              "context": null,
              "code": "_loginPage.default.login(this.userCredential.invalidLoginData.email, this.userCredential.invalidLoginData.password);\n_loginPage.default.assertErrorMessageVisible(this.message.login.invalidEmail);",
              "err": {},
              "uuid": "73d32913-0f40-4331-8f45-09f9b0433ac0",
              "parentUUID": "f32d53f7-30ca-4689-80ed-f076bda64e55",
              "isHook": false,
              "skipped": false
            },
            {
              "title": "[LOGIN-NEG-002] should display error when email filed is empty",
              "fullTitle": "Login Functionality: Negative Test Cases [LOGIN-NEG-002] should display error when email filed is empty",
              "timedOut": null,
              "duration": 829,
              "state": "passed",
              "speed": "fast",
              "pass": true,
              "fail": false,
              "pending": false,
              "context": null,
              "code": "_loginPage.default.login(\"\", this.userCredential.validLoginData.password);\n_loginPage.default.assertErrorMessageVisible(this.message.login.emailRequired);",
              "err": {},
              "uuid": "a1384a5e-48fe-4f77-b0c1-0ab3144ae94e",
              "parentUUID": "f32d53f7-30ca-4689-80ed-f076bda64e55",
              "isHook": false,
              "skipped": false
            },
            {
              "title": "[LOGIN-NEG-003] should display error when password field is empty",
              "fullTitle": "Login Functionality: Negative Test Cases [LOGIN-NEG-003] should display error when password field is empty",
              "timedOut": null,
              "duration": 750,
              "state": "passed",
              "speed": "fast",
              "pass": true,
              "fail": false,
              "pending": false,
              "context": null,
              "code": "_loginPage.default.login(this.userCredential.validLoginData.email, \"\");\n_loginPage.default.assertErrorMessageVisible(this.message.login.passwordRequired);",
              "err": {},
              "uuid": "79c9344a-5cff-4f2e-bd2e-9aecd3a69fbc",
              "parentUUID": "f32d53f7-30ca-4689-80ed-f076bda64e55",
              "isHook": false,
              "skipped": false
            }
          ],
          "suites": [],
          "passes": [
            "73d32913-0f40-4331-8f45-09f9b0433ac0",
            "a1384a5e-48fe-4f77-b0c1-0ab3144ae94e",
            "79c9344a-5cff-4f2e-bd2e-9aecd3a69fbc"
          ],
          "failures": [],
          "pending": [],
          "skipped": [],
          "duration": 3376,
          "root": false,
          "rootEmpty": false,
          "_timeout": 2000
        }
      ],
      "passes": [],
      "failures": [],
      "pending": [],
      "skipped": [],
      "duration": 0,
      "root": true,
      "rootEmpty": true,
      "_timeout": 2000
    },
    {
      "uuid": "4b8ff510-40ad-4c89-8b97-2376b3c0b8cc",
      "title": "",
      "fullFile": "cypress/e2e/api/listings/api-delete-listing.cy.js",
      "file": "cypress/e2e/api/listings/api-delete-listing.cy.js",
      "beforeHooks": [],
      "afterHooks": [],
      "tests": [],
      "suites": [
        {
          "uuid": "498f6deb-ce73-465e-b70c-a2fc7db4cebf",
          "title": "Delete Property Listing via API",
          "fullFile": "",
          "file": "",
          "beforeHooks": [],
          "afterHooks": [],
          "tests": [
            {
              "title": "should delete multiple listings individually",
              "fullTitle": "Delete Property Listing via API should delete multiple listings individually",
              "timedOut": null,
              "duration": 208,
              "state": "passed",
              "speed": "fast",
              "pass": true,
              "fail": false,
              "pending": false,
              "context": null,
              "code": "const bearerToken = `Bearer ${localStorage.getItem(\"accessToken\") || \"\"}`;\nlistingIds.forEach(listingId => {\n  cy.api({\n    method: \"DELETE\",\n    url: `/api/estate-objects/${listingId}`,\n    headers: {\n      Authorization: bearerToken\n    }\n  }).then(response => {\n    expect(response.status).to.eq(200);\n  });\n});",
              "err": {},
              "uuid": "3893ac55-07b7-4e01-b58b-669ed14318b1",
              "parentUUID": "498f6deb-ce73-465e-b70c-a2fc7db4cebf",
              "isHook": false,
              "skipped": false
            }
          ],
          "suites": [],
          "passes": [
            "3893ac55-07b7-4e01-b58b-669ed14318b1"
          ],
          "failures": [],
          "pending": [],
          "skipped": [],
          "duration": 208,
          "root": false,
          "rootEmpty": false,
          "_timeout": 2000
        }
      ],
      "passes": [],
      "failures": [],
      "pending": [],
      "skipped": [],
      "duration": 0,
      "root": true,
      "rootEmpty": true,
      "_timeout": 2000
    },
    {
      "uuid": "c25434cc-2026-43e5-8baf-d825f1f83f92",
      "title": "",
      "fullFile": "cypress/e2e/ui/register/user-register-positive.cy.js",
      "file": "cypress/e2e/ui/register/user-register-positive.cy.js",
      "beforeHooks": [],
      "afterHooks": [],
      "tests": [],
      "suites": [
        {
          "uuid": "92a9c2a3-1823-4f8a-9a11-3214a5103f01",
          "title": "Register Page: User Positive Test Cases",
          "fullFile": "",
          "file": "",
          "beforeHooks": [],
          "afterHooks": [],
          "tests": [
            {
              "title": "[REG-USER-POS-001] should allow user to input all required registration fields and verify values",
              "fullTitle": "Register Page: User Positive Test Cases [REG-USER-POS-001] should allow user to input all required registration fields and verify values",
              "timedOut": null,
              "duration": 2326,
              "state": "passed",
              "speed": "fast",
              "pass": true,
              "fail": false,
              "pending": false,
              "context": null,
              "code": "_registerPage.default.fillFirstName(_generateUser.firstName);\n_registerPage.default.fillLastName(_generateUser.lastName);\n_registerPage.default.fillEmail(_generateUser.email);\n_registerPage.default.fillPassword(_generateUser.password);\n_registerPage.default.assertRegisterFieldsContainValues(_generateUser.firstName, _generateUser.lastName, _generateUser.email, _generateUser.password);",
              "err": {},
              "uuid": "5ff5bf86-38b8-4b97-b89a-aa0931d8942a",
              "parentUUID": "92a9c2a3-1823-4f8a-9a11-3214a5103f01",
              "isHook": false,
              "skipped": false
            },
            {
              "title": "[REG-USER-POS-002] should register user with valid new credentials and redirect to profile page",
              "fullTitle": "Register Page: User Positive Test Cases [REG-USER-POS-002] should register user with valid new credentials and redirect to profile page",
              "timedOut": null,
              "duration": 1614,
              "state": "passed",
              "speed": "fast",
              "pass": true,
              "fail": false,
              "pending": false,
              "context": null,
              "code": "_registerPage.default.fillRegistrationForm(_generateUser.firstName, _generateUser.lastName, _generateUser.email, _generateUser.password);\ncy.url().should(\"include\", \"dashboard/user/profile\");",
              "err": {},
              "uuid": "60de923a-3ea6-4861-b4de-da7c1289d0c7",
              "parentUUID": "92a9c2a3-1823-4f8a-9a11-3214a5103f01",
              "isHook": false,
              "skipped": false
            },
            {
              "title": "[REG-USER-POS-003] should toggle password visibility on the registration form",
              "fullTitle": "Register Page: User Positive Test Cases [REG-USER-POS-003] should toggle password visibility on the registration form",
              "timedOut": null,
              "duration": 1565,
              "state": "passed",
              "speed": "fast",
              "pass": true,
              "fail": false,
              "pending": false,
              "context": null,
              "code": "_registerPage.default.fillFirstName(_generateUser.firstName);\n_registerPage.default.fillLastName(_generateUser.lastName);\n_registerPage.default.fillEmail(_generateUser.email);\n_registerPage.default.fillPassword(_generateUser.password);\n_registerPage.default.verifyPasswordVisibilityToggleShowsPassword(_generateUser.password);\n_registerPage.default.verifyPasswordVisibilityToggleHidesPassword();",
              "err": {},
              "uuid": "187f7884-13b9-4df0-87a5-f403f5a4d14a",
              "parentUUID": "92a9c2a3-1823-4f8a-9a11-3214a5103f01",
              "isHook": false,
              "skipped": false
            }
          ],
          "suites": [],
          "passes": [
            "5ff5bf86-38b8-4b97-b89a-aa0931d8942a",
            "60de923a-3ea6-4861-b4de-da7c1289d0c7",
            "187f7884-13b9-4df0-87a5-f403f5a4d14a"
          ],
          "failures": [],
          "pending": [],
          "skipped": [],
          "duration": 5505,
          "root": false,
          "rootEmpty": false,
          "_timeout": 2000
        }
      ],
      "passes": [],
      "failures": [],
      "pending": [],
      "skipped": [],
      "duration": 0,
      "root": true,
      "rootEmpty": true,
      "_timeout": 2000
    },
    {
      "uuid": "523ba20a-ffe3-4fbd-bcf1-00b80317fc35",
      "title": "",
      "fullFile": "cypress/e2e/ui/register/user-register-negative.cy.js",
      "file": "cypress/e2e/ui/register/user-register-negative.cy.js",
      "beforeHooks": [],
      "afterHooks": [],
      "tests": [],
      "suites": [
        {
          "uuid": "a71bd457-6369-492d-bdb5-48e48db2e0de",
          "title": "Register Page: User Negative Test Cases",
          "fullFile": "",
          "file": "",
          "beforeHooks": [],
          "afterHooks": [],
          "tests": [
            {
              "title": "[REG-USER-NEG-001] should display error when First Name field is empty",
              "fullTitle": "Register Page: User Negative Test Cases [REG-USER-NEG-001] should display error when First Name field is empty",
              "timedOut": null,
              "duration": 2584,
              "state": "passed",
              "speed": "fast",
              "pass": true,
              "fail": false,
              "pending": false,
              "context": null,
              "code": "_registerPage.default.fillRegistrationForm(\"\", _generateUser.lastName, _generateUser.email, _generateUser.password);\n_registerPage.default.assertErrorMessageVisible(this.message.registration.firstNameRequired);",
              "err": {},
              "uuid": "bce1f6e4-1783-4df1-8101-b909c8321bdf",
              "parentUUID": "a71bd457-6369-492d-bdb5-48e48db2e0de",
              "isHook": false,
              "skipped": false
            },
            {
              "title": "[REG-USER-NEG-002] should display error when Last Name field is empty",
              "fullTitle": "Register Page: User Negative Test Cases [REG-USER-NEG-002] should display error when Last Name field is empty",
              "timedOut": null,
              "duration": 1375,
              "state": "passed",
              "speed": "fast",
              "pass": true,
              "fail": false,
              "pending": false,
              "context": null,
              "code": "_registerPage.default.fillRegistrationForm(_generateUser.firstName, \"\", _generateUser.email, _generateUser.password);\n_registerPage.default.assertErrorMessageVisible(this.message.registration.lastNameRequired);",
              "err": {},
              "uuid": "de52f79a-64a9-437a-b396-811441f28ed4",
              "parentUUID": "a71bd457-6369-492d-bdb5-48e48db2e0de",
              "isHook": false,
              "skipped": false
            },
            {
              "title": "[REG-USER-NEG-003] should display error when Email field is empty",
              "fullTitle": "Register Page: User Negative Test Cases [REG-USER-NEG-003] should display error when Email field is empty",
              "timedOut": null,
              "duration": 1061,
              "state": "passed",
              "speed": "fast",
              "pass": true,
              "fail": false,
              "pending": false,
              "context": null,
              "code": "_registerPage.default.fillRegistrationForm(_generateUser.firstName, _generateUser.lastName, \"\", _generateUser.password);\n_registerPage.default.assertErrorMessageVisible(this.message.registration.emailRequired);",
              "err": {},
              "uuid": "0e5eeacf-7277-4e2b-967e-7677de2fec37",
              "parentUUID": "a71bd457-6369-492d-bdb5-48e48db2e0de",
              "isHook": false,
              "skipped": false
            },
            {
              "title": "[REG-USER-NEG-004] should display error when Password field is empty",
              "fullTitle": "Register Page: User Negative Test Cases [REG-USER-NEG-004] should display error when Password field is empty",
              "timedOut": null,
              "duration": 1145,
              "state": "passed",
              "speed": "fast",
              "pass": true,
              "fail": false,
              "pending": false,
              "context": null,
              "code": "_registerPage.default.fillRegistrationForm(_generateUser.firstName, _generateUser.lastName, _generateUser.email, \"\");\n_registerPage.default.assertErrorMessageVisible(this.message.registration.passwordRequired);",
              "err": {},
              "uuid": "5ab1eaad-5d77-4636-bb72-7df0835672e1",
              "parentUUID": "a71bd457-6369-492d-bdb5-48e48db2e0de",
              "isHook": false,
              "skipped": false
            },
            {
              "title": "[REG-USER-NEG-005] should display errors for all fields when submitting an empty form",
              "fullTitle": "Register Page: User Negative Test Cases [REG-USER-NEG-005] should display errors for all fields when submitting an empty form",
              "timedOut": null,
              "duration": 803,
              "state": "passed",
              "speed": "fast",
              "pass": true,
              "fail": false,
              "pending": false,
              "context": null,
              "code": "_registerPage.default.fillRegistrationForm(\"\", \"\", \"\", \"\");\nconst requiredFields = [this.message.registration.firstNameRequired, this.message.registration.lastNameRequired, this.message.registration.emailRequired, this.message.registration.passwordRequired];\nrequiredFields.forEach(msg => {\n  _registerPage.default.assertErrorMessageVisible(msg);\n});",
              "err": {},
              "uuid": "54055244-e2a5-4abd-b3d0-222ab3ff090a",
              "parentUUID": "a71bd457-6369-492d-bdb5-48e48db2e0de",
              "isHook": false,
              "skipped": false
            },
            {
              "title": "[REG-USER-NEG-006] should display error when registering with an already registered email",
              "fullTitle": "Register Page: User Negative Test Cases [REG-USER-NEG-006] should display error when registering with an already registered email",
              "timedOut": null,
              "duration": 1410,
              "state": "passed",
              "speed": "fast",
              "pass": true,
              "fail": false,
              "pending": false,
              "context": null,
              "code": "_registerPage.default.fillRegistrationForm(_generateUser.firstName, _generateUser.lastName, this.userCredential.validLoginData.email, _generateUser.password);\n_registerPage.default.assertInputErrorMessageIsDisplayed();",
              "err": {},
              "uuid": "56cebcf4-9e9e-4878-8664-5d1da4316b83",
              "parentUUID": "a71bd457-6369-492d-bdb5-48e48db2e0de",
              "isHook": false,
              "skipped": false
            }
          ],
          "suites": [],
          "passes": [
            "bce1f6e4-1783-4df1-8101-b909c8321bdf",
            "de52f79a-64a9-437a-b396-811441f28ed4",
            "0e5eeacf-7277-4e2b-967e-7677de2fec37",
            "5ab1eaad-5d77-4636-bb72-7df0835672e1",
            "54055244-e2a5-4abd-b3d0-222ab3ff090a",
            "56cebcf4-9e9e-4878-8664-5d1da4316b83"
          ],
          "failures": [],
          "pending": [],
          "skipped": [],
          "duration": 8378,
          "root": false,
          "rootEmpty": false,
          "_timeout": 2000
        }
      ],
      "passes": [],
      "failures": [],
      "pending": [],
      "skipped": [],
      "duration": 0,
      "root": true,
      "rootEmpty": true,
      "_timeout": 2000
    },
    {
      "uuid": "d4eede5e-a079-4b0f-a0f4-b97a73a1f17b",
      "title": "",
      "fullFile": "cypress/e2e/ui/home/home-search.cy.js",
      "file": "cypress/e2e/ui/home/home-search.cy.js",
      "beforeHooks": [],
      "afterHooks": [],
      "tests": [],
      "suites": [
        {
          "uuid": "ec66092e-5ffd-406a-be66-ceb07b7ef958",
          "title": "Home Page: Property Search Functionality",
          "fullFile": "",
          "file": "",
          "beforeHooks": [],
          "afterHooks": [],
          "tests": [
            {
              "title": "[HOME-003] should filter and display listings within the selected price range",
              "fullTitle": "Home Page: Property Search Functionality [HOME-003] should filter and display listings within the selected price range",
              "timedOut": null,
              "duration": 789,
              "state": "passed",
              "speed": "fast",
              "pass": true,
              "fail": false,
              "pending": false,
              "context": null,
              "code": "",
              "err": {},
              "uuid": "9411182e-3ba2-41dc-b333-4c07d13eb7e2",
              "parentUUID": "ec66092e-5ffd-406a-be66-ceb07b7ef958",
              "isHook": false,
              "skipped": false
            }
          ],
          "suites": [],
          "passes": [
            "9411182e-3ba2-41dc-b333-4c07d13eb7e2"
          ],
          "failures": [],
          "pending": [],
          "skipped": [],
          "duration": 789,
          "root": false,
          "rootEmpty": false,
          "_timeout": 2000
        }
      ],
      "passes": [],
      "failures": [],
      "pending": [],
      "skipped": [],
      "duration": 0,
      "root": true,
      "rootEmpty": true,
      "_timeout": 2000
    },
    {
      "uuid": "b9965784-877e-4a61-8ff0-4d0265b697d1",
      "title": "",
      "fullFile": "cypress/e2e/ui/featured-listings/featured-listing-search.cy.js",
      "file": "cypress/e2e/ui/featured-listings/featured-listing-search.cy.js",
      "beforeHooks": [],
      "afterHooks": [],
      "tests": [],
      "suites": [
        {
          "uuid": "8bf0d888-3029-4c49-b3f1-68ff2ba86358",
          "title": "Featured Listings Page: Property Search Functionality and Results Validation",
          "fullFile": "",
          "file": "",
          "beforeHooks": [],
          "afterHooks": [],
          "tests": [
            {
              "title": "[FEATLIST-001] should display correct property details after performing a featured listing search",
              "fullTitle": "Featured Listings Page: Property Search Functionality and Results Validation [FEATLIST-001] should display correct property details after performing a featured listing search",
              "timedOut": null,
              "duration": 2426,
              "state": "passed",
              "speed": "fast",
              "pass": true,
              "fail": false,
              "pending": false,
              "context": null,
              "code": "_home.default.fillHomeSearchForm({\n  keyword: _searchFormData.default.homePageSearchFormData.searchByKeyword,\n  bedrooms: _searchFormData.default.homePageSearchFormData.searchByBedrooms,\n  city: _searchFormData.default.homePageSearchFormData.searchByCity,\n  state: _searchFormData.default.homePageSearchFormData.searchByState\n});\ncy.url().should(\"include\", \"featured-listings\");\n_featuredListings.default.verifyResultOfThePropertyDetails(_validationPropertyDetails.default.expectedFeaturedCardDetails);",
              "err": {},
              "uuid": "5d51bab5-e1bc-4c0c-a0d5-ce0224cb0a4d",
              "parentUUID": "8bf0d888-3029-4c49-b3f1-68ff2ba86358",
              "isHook": false,
              "skipped": false
            }
          ],
          "suites": [],
          "passes": [
            "5d51bab5-e1bc-4c0c-a0d5-ce0224cb0a4d"
          ],
          "failures": [],
          "pending": [],
          "skipped": [],
          "duration": 2426,
          "root": false,
          "rootEmpty": false,
          "_timeout": 2000
        }
      ],
      "passes": [],
      "failures": [],
      "pending": [],
      "skipped": [],
      "duration": 0,
      "root": true,
      "rootEmpty": true,
      "_timeout": 2000
    },
    {
      "uuid": "d2f1c192-fa39-4385-b0d4-14ce874578b8",
      "title": "",
      "fullFile": "cypress/e2e/api/listings/api-get-listing.cy.js",
      "file": "cypress/e2e/api/listings/api-get-listing.cy.js",
      "beforeHooks": [],
      "afterHooks": [],
      "tests": [],
      "suites": [
        {
          "uuid": "e5b05e99-998c-40f8-8aaa-1fde2c94caf5",
          "title": "API: Create and Get Listing",
          "fullFile": "",
          "file": "",
          "beforeHooks": [],
          "afterHooks": [],
          "tests": [
            {
              "title": "[LISTING-001] should create a new property listing via API",
              "fullTitle": "API: Create and Get Listing [LISTING-001] should create a new property listing via API",
              "timedOut": null,
              "duration": 538,
              "state": "passed",
              "speed": "fast",
              "pass": true,
              "fail": false,
              "pending": false,
              "context": null,
              "code": "cy.createListing({\n  listingData: this.listingData,\n  imagePath: \"images/beautifulHouse.png\"\n}).then(createdListingId => {\n  cy.log(`New Listing Created! ID: ${createdListingId}`);\n  cy.writeFile(path, {\n    createdListingId\n  });\n});",
              "err": {},
              "uuid": "c89ceeaa-5acb-4206-98af-e491f9442443",
              "parentUUID": "e5b05e99-998c-40f8-8aaa-1fde2c94caf5",
              "isHook": false,
              "skipped": false
            },
            {
              "title": "[LISTING-002] should GET the created listing and verify details",
              "fullTitle": "API: Create and Get Listing [LISTING-002] should GET the created listing and verify details",
              "timedOut": null,
              "duration": 120,
              "state": "passed",
              "speed": "fast",
              "pass": true,
              "fail": false,
              "pending": false,
              "context": null,
              "code": "const bearerToken = `Bearer ${localStorage.getItem(\"accessToken\") || \"\"}`;\ncy.fixture(\"created-listing-ID.json\").then(({\n  createdListingId\n}) => {\n  cy.api({\n    method: \"GET\",\n    url: `/api/estate-objects/${createdListingId}`,\n    headers: {\n      Authorization: bearerToken\n    }\n  }).then(getResponse => {\n    expect(getResponse.status).to.eq(200);\n    expect(getResponse.body.estateObject.title).to.eq(this.listingData.title);\n  });\n});",
              "err": {},
              "uuid": "ba7b883f-251c-432e-8159-c663f57a4907",
              "parentUUID": "e5b05e99-998c-40f8-8aaa-1fde2c94caf5",
              "isHook": false,
              "skipped": false
            }
          ],
          "suites": [],
          "passes": [
            "c89ceeaa-5acb-4206-98af-e491f9442443",
            "ba7b883f-251c-432e-8159-c663f57a4907"
          ],
          "failures": [],
          "pending": [],
          "skipped": [],
          "duration": 658,
          "root": false,
          "rootEmpty": false,
          "_timeout": 2000
        }
      ],
      "passes": [],
      "failures": [],
      "pending": [],
      "skipped": [],
      "duration": 0,
      "root": true,
      "rootEmpty": true,
      "_timeout": 2000
    },
    {
      "uuid": "58dd8cfa-7340-4706-be9c-42bab31f4ffb",
      "title": "",
      "fullFile": "cypress/e2e/ui/dashboard/dashboard.cy.js",
      "file": "cypress/e2e/ui/dashboard/dashboard.cy.js",
      "beforeHooks": [],
      "afterHooks": [],
      "tests": [],
      "suites": [
        {
          "uuid": "86c57dea-c8d0-49dd-931a-9dee75bc51f8",
          "title": "Dashboard Profile Page: Theme Toggle & User Info Verification",
          "fullFile": "",
          "file": "",
          "beforeHooks": [],
          "afterHooks": [],
          "tests": [
            {
              "title": "[DASH-PROFILE-001] Should switch to dark theme when the toggle is clicked",
              "fullTitle": "Dashboard Profile Page: Theme Toggle & User Info Verification [DASH-PROFILE-001] Should switch to dark theme when the toggle is clicked",
              "timedOut": null,
              "duration": 1082,
              "state": "passed",
              "speed": "fast",
              "pass": true,
              "fail": false,
              "pending": false,
              "context": null,
              "code": "_headerComponent.default.enableDarkTheme();\n_headerComponent.default.verifyDarkThemeIsEnabled();",
              "err": {},
              "uuid": "d86672f1-3b51-4c76-bac4-6179b224cdb3",
              "parentUUID": "86c57dea-c8d0-49dd-931a-9dee75bc51f8",
              "isHook": false,
              "skipped": false
            },
            {
              "title": "[DASH-PROFILE-002] Should switch to light theme when the toggle is clicked",
              "fullTitle": "Dashboard Profile Page: Theme Toggle & User Info Verification [DASH-PROFILE-002] Should switch to light theme when the toggle is clicked",
              "timedOut": null,
              "duration": 543,
              "state": "passed",
              "speed": "fast",
              "pass": true,
              "fail": false,
              "pending": false,
              "context": null,
              "code": "_headerComponent.default.enableDarkTheme();\n_headerComponent.default.enableLightTheme();\n_headerComponent.default.verifyLightThemeIsEnabled();",
              "err": {},
              "uuid": "870d2a12-734f-4a2b-9986-d574885b1f4a",
              "parentUUID": "86c57dea-c8d0-49dd-931a-9dee75bc51f8",
              "isHook": false,
              "skipped": false
            },
            {
              "title": "[DASH-PROFILE-003] Should display the Profile page title",
              "fullTitle": "Dashboard Profile Page: Theme Toggle & User Info Verification [DASH-PROFILE-003] Should display the Profile page title",
              "timedOut": null,
              "duration": 358,
              "state": "passed",
              "speed": "fast",
              "pass": true,
              "fail": false,
              "pending": false,
              "context": null,
              "code": "_dashboard.default.verifyProfilePageTitleIsVisible();",
              "err": {},
              "uuid": "f4f68752-fc2e-4d75-9d61-09cf72ec356e",
              "parentUUID": "86c57dea-c8d0-49dd-931a-9dee75bc51f8",
              "isHook": false,
              "skipped": false
            },
            {
              "title": "[DASH-PROFILE-004] Should display the user's full name on Profile page",
              "fullTitle": "Dashboard Profile Page: Theme Toggle & User Info Verification [DASH-PROFILE-004] Should display the user's full name on Profile page",
              "timedOut": null,
              "duration": 327,
              "state": "passed",
              "speed": "fast",
              "pass": true,
              "fail": false,
              "pending": false,
              "context": null,
              "code": "_dashboard.default.verifyUserFullNameIsDisplayed();",
              "err": {},
              "uuid": "cfc8611e-5edd-476e-9415-40d7740dd268",
              "parentUUID": "86c57dea-c8d0-49dd-931a-9dee75bc51f8",
              "isHook": false,
              "skipped": false
            },
            {
              "title": "[DASH-PROFILE-005] Should display the correct user role on Profile page",
              "fullTitle": "Dashboard Profile Page: Theme Toggle & User Info Verification [DASH-PROFILE-005] Should display the correct user role on Profile page",
              "timedOut": null,
              "duration": 353,
              "state": "passed",
              "speed": "fast",
              "pass": true,
              "fail": false,
              "pending": false,
              "context": null,
              "code": "_dashboard.default.verifyRole(this.userCredential.userData.role);",
              "err": {},
              "uuid": "9ba42bf9-581b-4b53-b6f1-d7d4299b6006",
              "parentUUID": "86c57dea-c8d0-49dd-931a-9dee75bc51f8",
              "isHook": false,
              "skipped": false
            },
            {
              "title": "[DASH-PROFILE-006] Should display the Management label in the sidebar",
              "fullTitle": "Dashboard Profile Page: Theme Toggle & User Info Verification [DASH-PROFILE-006] Should display the Management label in the sidebar",
              "timedOut": null,
              "duration": 371,
              "state": "passed",
              "speed": "fast",
              "pass": true,
              "fail": false,
              "pending": false,
              "context": null,
              "code": "_dashboard.default.verifyManagementLabelIsDisplayed();",
              "err": {},
              "uuid": "b8abe671-b930-49d5-9013-5caacc40a605",
              "parentUUID": "86c57dea-c8d0-49dd-931a-9dee75bc51f8",
              "isHook": false,
              "skipped": false
            },
            {
              "title": "[DASH-PROFILE-007] Should display the profile banner card on Profile page",
              "fullTitle": "Dashboard Profile Page: Theme Toggle & User Info Verification [DASH-PROFILE-007] Should display the profile banner card on Profile page",
              "timedOut": null,
              "duration": 461,
              "state": "passed",
              "speed": "fast",
              "pass": true,
              "fail": false,
              "pending": false,
              "context": null,
              "code": "_dashboard.default.verifyProfileBannerCardIsDisplayed();",
              "err": {},
              "uuid": "dcc01b43-468f-4968-8b74-5195fdde2d80",
              "parentUUID": "86c57dea-c8d0-49dd-931a-9dee75bc51f8",
              "isHook": false,
              "skipped": false
            }
          ],
          "suites": [],
          "passes": [
            "d86672f1-3b51-4c76-bac4-6179b224cdb3",
            "870d2a12-734f-4a2b-9986-d574885b1f4a",
            "f4f68752-fc2e-4d75-9d61-09cf72ec356e",
            "cfc8611e-5edd-476e-9415-40d7740dd268",
            "9ba42bf9-581b-4b53-b6f1-d7d4299b6006",
            "b8abe671-b930-49d5-9013-5caacc40a605",
            "dcc01b43-468f-4968-8b74-5195fdde2d80"
          ],
          "failures": [],
          "pending": [],
          "skipped": [],
          "duration": 3495,
          "root": false,
          "rootEmpty": false,
          "_timeout": 2000
        }
      ],
      "passes": [],
      "failures": [],
      "pending": [],
      "skipped": [],
      "duration": 0,
      "root": true,
      "rootEmpty": true,
      "_timeout": 2000
    },
    {
      "uuid": "8b56c48d-eea7-4646-854d-26afd997bf24",
      "title": "",
      "fullFile": "cypress/e2e/ui/register/realtor-register-negative.cy.js",
      "file": "cypress/e2e/ui/register/realtor-register-negative.cy.js",
      "beforeHooks": [],
      "afterHooks": [],
      "tests": [],
      "suites": [
        {
          "uuid": "9bca4f2e-6e7f-4f25-93a1-0fe75eb21789",
          "title": "Register Page: Realtor Negative Test Cases",
          "fullFile": "",
          "file": "",
          "beforeHooks": [],
          "afterHooks": [],
          "tests": [
            {
              "title": "[REG-REALTOR-NEG-001] Should display error when attempting to register with an already registered email",
              "fullTitle": "Register Page: Realtor Negative Test Cases [REG-REALTOR-NEG-001] Should display error when attempting to register with an already registered email",
              "timedOut": null,
              "duration": 2750,
              "state": "passed",
              "speed": "fast",
              "pass": true,
              "fail": false,
              "pending": false,
              "context": null,
              "code": "_registerPage.default.fillRegistrationForm(_generateUser.firstName, _generateUser.lastName, this.userCredential.validLoginData.email, _generateUser.password);\n_registerPage.default.assertInputErrorMessageIsDisplayed();",
              "err": {},
              "uuid": "3af54daa-8b66-4d01-81d1-0ec2565db9ad",
              "parentUUID": "9bca4f2e-6e7f-4f25-93a1-0fe75eb21789",
              "isHook": false,
              "skipped": false
            }
          ],
          "suites": [],
          "passes": [
            "3af54daa-8b66-4d01-81d1-0ec2565db9ad"
          ],
          "failures": [],
          "pending": [],
          "skipped": [],
          "duration": 2750,
          "root": false,
          "rootEmpty": false,
          "_timeout": 2000
        }
      ],
      "passes": [],
      "failures": [],
      "pending": [],
      "skipped": [],
      "duration": 0,
      "root": true,
      "rootEmpty": true,
      "_timeout": 2000
    },
    {
      "uuid": "51abc5ac-214f-4640-b770-c31f6ba1f9e4",
      "title": "",
      "fullFile": "cypress/e2e/ui/property-listing/property-details.cy.js",
      "file": "cypress/e2e/ui/property-listing/property-details.cy.js",
      "beforeHooks": [],
      "afterHooks": [],
      "tests": [],
      "suites": [
        {
          "uuid": "853577fc-c9c5-48c1-bdd9-12a53d348386",
          "title": "Property Details Page: UI and Form Functionality",
          "fullFile": "",
          "file": "",
          "beforeHooks": [],
          "afterHooks": [],
          "tests": [
            {
              "title": "[PROPDET-001] should display all property details correctly",
              "fullTitle": "Property Details Page: UI and Form Functionality [PROPDET-001] should display all property details correctly",
              "timedOut": null,
              "duration": 3527,
              "state": "passed",
              "speed": "fast",
              "pass": true,
              "fail": false,
              "pending": false,
              "context": null,
              "code": "_featuredListingsPage.default.clickMoreButton();\n_propertyDetailsPage.default.verifyAllDetails(_validationPropertyDetails.default.expectedPropertyDetails);\n_propertyDetailsPage.default.verifyRealtorName();",
              "err": {},
              "uuid": "fdf74fa2-47c3-4bdd-b8b4-4e71bdfff0ba",
              "parentUUID": "853577fc-c9c5-48c1-bdd9-12a53d348386",
              "isHook": false,
              "skipped": false
            },
            {
              "title": "[PROPDET-002] should allow users to submit an inquiry form and redirect back to featured listings",
              "fullTitle": "Property Details Page: UI and Form Functionality [PROPDET-002] should allow users to submit an inquiry form and redirect back to featured listings",
              "timedOut": null,
              "duration": 4847,
              "state": "passed",
              "speed": "fast",
              "pass": true,
              "fail": false,
              "pending": false,
              "context": null,
              "code": "_featuredListingsPage.default.clickMoreButton();\n_propertyDetailsPage.default.clickMakeAnInquiryButton();\n_propertyDetailsPage.default.fillInquiryForm(_formData.default.inquiryFormData);\ncy.reload();\ncy.url().should(\"include\", \"featured-listings\");",
              "err": {},
              "uuid": "06d32907-9d41-4993-b16e-57b2aca82c55",
              "parentUUID": "853577fc-c9c5-48c1-bdd9-12a53d348386",
              "isHook": false,
              "skipped": false
            }
          ],
          "suites": [],
          "passes": [
            "fdf74fa2-47c3-4bdd-b8b4-4e71bdfff0ba",
            "06d32907-9d41-4993-b16e-57b2aca82c55"
          ],
          "failures": [],
          "pending": [],
          "skipped": [],
          "duration": 8374,
          "root": false,
          "rootEmpty": false,
          "_timeout": 2000
        }
      ],
      "passes": [],
      "failures": [],
      "pending": [],
      "skipped": [],
      "duration": 0,
      "root": true,
      "rootEmpty": true,
      "_timeout": 2000
    },
    {
      "uuid": "0c6dd74c-8281-424f-9689-faac253afa0c",
      "title": "",
      "fullFile": "cypress/e2e/ui/login/login-positive.cy.js",
      "file": "cypress/e2e/ui/login/login-positive.cy.js",
      "beforeHooks": [],
      "afterHooks": [],
      "tests": [],
      "suites": [
        {
          "uuid": "c59342c3-df29-4e7f-945b-1cc468a352c1",
          "title": "Login Functionality: Positive Test Cases",
          "fullFile": "",
          "file": "",
          "beforeHooks": [],
          "afterHooks": [],
          "tests": [
            {
              "title": "[LOGIN-POS-001] should successfully login with valid credentials",
              "fullTitle": "Login Functionality: Positive Test Cases [LOGIN-POS-001] should successfully login with valid credentials",
              "timedOut": null,
              "duration": 2122,
              "state": "passed",
              "speed": "fast",
              "pass": true,
              "fail": false,
              "pending": false,
              "context": null,
              "code": "_loginPage.default.login(this.userCredential.validLoginData.email, this.userCredential.validLoginData.password);\ncy.url().should(\"include\", \"dashboard/user/profile\");\ncy.title().should(\"eq\", \"User: Profile | Delek Homes\");",
              "err": {},
              "uuid": "b6114457-812c-423d-a69d-f0206945523b",
              "parentUUID": "c59342c3-df29-4e7f-945b-1cc468a352c1",
              "isHook": false,
              "skipped": false
            }
          ],
          "suites": [],
          "passes": [
            "b6114457-812c-423d-a69d-f0206945523b"
          ],
          "failures": [],
          "pending": [],
          "skipped": [],
          "duration": 2122,
          "root": false,
          "rootEmpty": false,
          "_timeout": 2000
        }
      ],
      "passes": [],
      "failures": [],
      "pending": [],
      "skipped": [],
      "duration": 0,
      "root": true,
      "rootEmpty": true,
      "_timeout": 2000
    },
    {
      "uuid": "c8d905cb-a6b6-4ebc-9a57-804d5a7a87b7",
      "title": "",
      "fullFile": "cypress/e2e/ui/login/logout-positive.cy.js",
      "file": "cypress/e2e/ui/login/logout-positive.cy.js",
      "beforeHooks": [],
      "afterHooks": [],
      "tests": [],
      "suites": [
        {
          "uuid": "1b5d6b9a-eca9-40fc-98bb-8b9d5ea4b0b4",
          "title": "User Logout Functionality - Positive Test Case",
          "fullFile": "",
          "file": "",
          "beforeHooks": [],
          "afterHooks": [],
          "tests": [
            {
              "title": "[LOGOUT-POS-001] should successfully logout and redirect the user to login page",
              "fullTitle": "User Logout Functionality - Positive Test Case [LOGOUT-POS-001] should successfully logout and redirect the user to login page",
              "timedOut": null,
              "duration": 1698,
              "state": "passed",
              "speed": "fast",
              "pass": true,
              "fail": false,
              "pending": false,
              "context": null,
              "code": "_headerComponent.default.clickUserIconMenuButton();\n_headerComponent.default.clickLogoutButton();\ncy.url().should(\"include\", \"/auth/login\");",
              "err": {},
              "uuid": "d8ad6c45-728b-4473-9e60-d971b4cb7299",
              "parentUUID": "1b5d6b9a-eca9-40fc-98bb-8b9d5ea4b0b4",
              "isHook": false,
              "skipped": false
            }
          ],
          "suites": [],
          "passes": [
            "d8ad6c45-728b-4473-9e60-d971b4cb7299"
          ],
          "failures": [],
          "pending": [],
          "skipped": [],
          "duration": 1698,
          "root": false,
          "rootEmpty": false,
          "_timeout": 2000
        }
      ],
      "passes": [],
      "failures": [],
      "pending": [],
      "skipped": [],
      "duration": 0,
      "root": true,
      "rootEmpty": true,
      "_timeout": 2000
    },
    {
      "uuid": "0f784e37-44a0-4c00-9517-2703500b58a3",
      "title": "",
      "fullFile": "cypress/e2e/ui/register/realtor-register-positive.cy.js",
      "file": "cypress/e2e/ui/register/realtor-register-positive.cy.js",
      "beforeHooks": [],
      "afterHooks": [],
      "tests": [],
      "suites": [
        {
          "uuid": "00fd53a3-9a2a-4507-a46a-81da4285e232",
          "title": "Register Page: Realtor Positive Test Cases",
          "fullFile": "",
          "file": "",
          "beforeHooks": [],
          "afterHooks": [],
          "tests": [
            {
              "title": "[REG-REALTOR-POS-001] should register as a realtor when the checkbox is checked and display a welcome message",
              "fullTitle": "Register Page: Realtor Positive Test Cases [REG-REALTOR-POS-001] should register as a realtor when the checkbox is checked and display a welcome message",
              "timedOut": null,
              "duration": 3392,
              "state": "passed",
              "speed": "fast",
              "pass": true,
              "fail": false,
              "pending": false,
              "context": null,
              "code": "_registerPage.default.checkRegisterRealtor();\n_registerPage.default.fillRegistrationForm(_generateUser.firstName, _generateUser.lastName, _generateUser.email, _generateUser.password);\n_registerPage.default.assertWelcomeMessageIsDisplayed();",
              "err": {},
              "uuid": "08da9af9-9657-4ecb-8d1a-70ae340b2015",
              "parentUUID": "00fd53a3-9a2a-4507-a46a-81da4285e232",
              "isHook": false,
              "skipped": false
            },
            {
              "title": "[REG-REALTOR-POS-002] should keep realtor registration option unchecked when the checkbox is not selected",
              "fullTitle": "Register Page: Realtor Positive Test Cases [REG-REALTOR-POS-002] should keep realtor registration option unchecked when the checkbox is not selected",
              "timedOut": null,
              "duration": 277,
              "state": "passed",
              "speed": "fast",
              "pass": true,
              "fail": false,
              "pending": false,
              "context": null,
              "code": "_registerPage.default.uncheckedRegisterRealtor();\n_registerPage.default.verifyRegisterRealtorIsUnchecked();",
              "err": {},
              "uuid": "7f5f1e54-eb74-41d0-994b-16344a287164",
              "parentUUID": "00fd53a3-9a2a-4507-a46a-81da4285e232",
              "isHook": false,
              "skipped": false
            }
          ],
          "suites": [],
          "passes": [
            "08da9af9-9657-4ecb-8d1a-70ae340b2015",
            "7f5f1e54-eb74-41d0-994b-16344a287164"
          ],
          "failures": [],
          "pending": [],
          "skipped": [],
          "duration": 3669,
          "root": false,
          "rootEmpty": false,
          "_timeout": 2000
        }
      ],
      "passes": [],
      "failures": [],
      "pending": [],
      "skipped": [],
      "duration": 0,
      "root": true,
      "rootEmpty": true,
      "_timeout": 2000
    },
    {
      "uuid": "e2339664-3c9a-4d48-b087-2888aa6d5590",
      "title": "",
      "fullFile": "cypress/e2e/api/listings/api-create-listing.cy.js",
      "file": "cypress/e2e/api/listings/api-create-listing.cy.js",
      "beforeHooks": [],
      "afterHooks": [],
      "tests": [],
      "suites": [
        {
          "uuid": "82434eec-e3e4-4883-9da6-9db4f5e11d14",
          "title": "End-to-End: Create and Delete Property Listing via API",
          "fullFile": "",
          "file": "",
          "beforeHooks": [],
          "afterHooks": [],
          "tests": [
            {
              "title": "[LISTING-001] should create a new property listing via API",
              "fullTitle": "End-to-End: Create and Delete Property Listing via API [LISTING-001] should create a new property listing via API",
              "timedOut": null,
              "duration": 772,
              "state": "passed",
              "speed": "fast",
              "pass": true,
              "fail": false,
              "pending": false,
              "context": null,
              "code": "cy.fixture('new-property-listing-data.json').then(data => {\n  cy.createListing({\n    listingData: data.newRealEstateAPI,\n    imagePath: 'images/beautifulHouse.png'\n  }).then(listingId => {\n    cy.log(`New Listing Created! ID: ${listingId}`);\n    cy.writeFile(path, {\n      listingId\n    });\n  });\n});",
              "err": {},
              "uuid": "14176425-ad03-42c1-8d62-089b4ecbb191",
              "parentUUID": "82434eec-e3e4-4883-9da6-9db4f5e11d14",
              "isHook": false,
              "skipped": false
            },
            {
              "title": "[LISTING-002] should delete the created property listing by ID via API",
              "fullTitle": "End-to-End: Create and Delete Property Listing via API [LISTING-002] should delete the created property listing by ID via API",
              "timedOut": null,
              "duration": 102,
              "state": "passed",
              "speed": "fast",
              "pass": true,
              "fail": false,
              "pending": false,
              "context": null,
              "code": "cy.fixture('last-listing-ID.json').then(({\n  listingId\n}) => {\n  cy.deleteListing(listingId).then(response => {\n    cy.log(`Deleted Listing ID: ${listingId}`);\n    expect(response.status).to.eq(200);\n  });\n});",
              "err": {},
              "uuid": "430112b6-8d50-43d4-8fd3-3f7784f897bf",
              "parentUUID": "82434eec-e3e4-4883-9da6-9db4f5e11d14",
              "isHook": false,
              "skipped": false
            }
          ],
          "suites": [],
          "passes": [
            "14176425-ad03-42c1-8d62-089b4ecbb191",
            "430112b6-8d50-43d4-8fd3-3f7784f897bf"
          ],
          "failures": [],
          "pending": [],
          "skipped": [],
          "duration": 874,
          "root": false,
          "rootEmpty": false,
          "_timeout": 2000
        }
      ],
      "passes": [],
      "failures": [],
      "pending": [],
      "skipped": [],
      "duration": 0,
      "root": true,
      "rootEmpty": true,
      "_timeout": 2000
    },
    {
      "uuid": "63c6c904-f6ba-4bf7-9ebb-1b80f6ef4a9d",
      "title": "",
      "fullFile": "cypress/e2e/api/listing-search/api-search-listing.cy.js",
      "file": "cypress/e2e/api/listing-search/api-search-listing.cy.js",
      "beforeHooks": [],
      "afterHooks": [],
      "tests": [],
      "suites": [
        {
          "uuid": "e3b7460d-8488-4bbc-b8f5-9ab43a47f54d",
          "title": "End-to-End: property listing creation , search created property , and delete created property listing  by ID via API",
          "fullFile": "",
          "file": "",
          "beforeHooks": [],
          "afterHooks": [],
          "tests": [
            {
              "title": "[LISTING-004] Should filter and display listings based on selected state",
              "fullTitle": "End-to-End: property listing creation , search created property , and delete created property listing  by ID via API [LISTING-004] Should filter and display listings based on selected state",
              "timedOut": null,
              "duration": 2241,
              "state": "passed",
              "speed": "fast",
              "pass": true,
              "fail": false,
              "pending": false,
              "context": null,
              "code": "_home.default.searchState(_newPropertyListingData.default.newRealEstateAPI.state);\nconst fullState = _newPropertyListingData.default.newRealEstateAPI.state; // \"California\"\nconst abbrState = _stateAbbreviations.default[fullState]; //\"CA\"\n_featuredListings.default.verifyAllResultsIncludeState([fullState, abbrState]);",
              "err": {},
              "uuid": "0d223e4d-494f-420a-90a1-c3519058739e",
              "parentUUID": "e3b7460d-8488-4bbc-b8f5-9ab43a47f54d",
              "isHook": false,
              "skipped": false
            }
          ],
          "suites": [],
          "passes": [
            "0d223e4d-494f-420a-90a1-c3519058739e"
          ],
          "failures": [],
          "pending": [],
          "skipped": [],
          "duration": 2241,
          "root": false,
          "rootEmpty": false,
          "_timeout": 2000
        }
      ],
      "passes": [],
      "failures": [],
      "pending": [],
      "skipped": [],
      "duration": 0,
      "root": true,
      "rootEmpty": true,
      "_timeout": 2000
    },
    {
      "uuid": "f8a2ecda-47de-4fd3-83f2-6e6e7585722c",
      "title": "",
      "fullFile": "cypress/e2e/ui/login/login-negative.cy.js",
      "file": "cypress/e2e/ui/login/login-negative.cy.js",
      "beforeHooks": [],
      "afterHooks": [],
      "tests": [],
      "suites": [
        {
          "uuid": "9b6a54fc-7172-4ff3-be3c-57bc7b5e4852",
          "title": "Login Functionality: Negative Test Cases",
          "fullFile": "",
          "file": "",
          "beforeHooks": [],
          "afterHooks": [],
          "tests": [
            {
              "title": "LOGIN-NEG-001] should display error for invalid email and password format",
              "fullTitle": "Login Functionality: Negative Test Cases LOGIN-NEG-001] should display error for invalid email and password format",
              "timedOut": null,
              "duration": 1765,
              "state": "passed",
              "speed": "fast",
              "pass": true,
              "fail": false,
              "pending": false,
              "context": null,
              "code": "_loginPage.default.login(this.userCredential.invalidLoginData.email, this.userCredential.invalidLoginData.password);\n_loginPage.default.assertErrorMessageVisible(this.message.login.invalidEmail);",
              "err": {},
              "uuid": "d4191db5-8b35-44d0-834d-a91f6674b54c",
              "parentUUID": "9b6a54fc-7172-4ff3-be3c-57bc7b5e4852",
              "isHook": false,
              "skipped": false
            },
            {
              "title": "[LOGIN-NEG-002] should display error when email filed is empty",
              "fullTitle": "Login Functionality: Negative Test Cases [LOGIN-NEG-002] should display error when email filed is empty",
              "timedOut": null,
              "duration": 705,
              "state": "passed",
              "speed": "fast",
              "pass": true,
              "fail": false,
              "pending": false,
              "context": null,
              "code": "_loginPage.default.login(\"\", this.userCredential.validLoginData.password);\n_loginPage.default.assertErrorMessageVisible(this.message.login.emailRequired);",
              "err": {},
              "uuid": "1f29bd4e-f597-43ca-9e94-cc9a7bb1ab64",
              "parentUUID": "9b6a54fc-7172-4ff3-be3c-57bc7b5e4852",
              "isHook": false,
              "skipped": false
            },
            {
              "title": "[LOGIN-NEG-003] should display error when password field is empty",
              "fullTitle": "Login Functionality: Negative Test Cases [LOGIN-NEG-003] should display error when password field is empty",
              "timedOut": null,
              "duration": 775,
              "state": "passed",
              "speed": "fast",
              "pass": true,
              "fail": false,
              "pending": false,
              "context": null,
              "code": "_loginPage.default.login(this.userCredential.validLoginData.email, \"\");\n_loginPage.default.assertErrorMessageVisible(this.message.login.passwordRequired);",
              "err": {},
              "uuid": "d9f43de6-e05c-4c39-a0a7-bcaae5fc102e",
              "parentUUID": "9b6a54fc-7172-4ff3-be3c-57bc7b5e4852",
              "isHook": false,
              "skipped": false
            }
          ],
          "suites": [],
          "passes": [
            "d4191db5-8b35-44d0-834d-a91f6674b54c",
            "1f29bd4e-f597-43ca-9e94-cc9a7bb1ab64",
            "d9f43de6-e05c-4c39-a0a7-bcaae5fc102e"
          ],
          "failures": [],
          "pending": [],
          "skipped": [],
          "duration": 3245,
          "root": false,
          "rootEmpty": false,
          "_timeout": 2000
        }
      ],
      "passes": [],
      "failures": [],
      "pending": [],
      "skipped": [],
      "duration": 0,
      "root": true,
      "rootEmpty": true,
      "_timeout": 2000
    },
    {
      "uuid": "c18ad72f-8e9b-4b3e-951b-57aaf5fbfbbb",
      "title": "",
      "fullFile": "cypress/e2e/api/listings/api-delete-listing.cy.js",
      "file": "cypress/e2e/api/listings/api-delete-listing.cy.js",
      "beforeHooks": [],
      "afterHooks": [],
      "tests": [],
      "suites": [
        {
          "uuid": "9a11d00a-df28-4f70-aa69-a3d6a963465a",
          "title": "Delete Property Listing via API",
          "fullFile": "",
          "file": "",
          "beforeHooks": [],
          "afterHooks": [],
          "tests": [
            {
              "title": "should delete multiple listings individually",
              "fullTitle": "Delete Property Listing via API should delete multiple listings individually",
              "timedOut": null,
              "duration": 232,
              "state": "passed",
              "speed": "fast",
              "pass": true,
              "fail": false,
              "pending": false,
              "context": null,
              "code": "const bearerToken = `Bearer ${localStorage.getItem(\"accessToken\") || \"\"}`;\nlistingIds.forEach(listingId => {\n  cy.api({\n    method: \"DELETE\",\n    url: `/api/estate-objects/${listingId}`,\n    headers: {\n      Authorization: bearerToken\n    }\n  }).then(response => {\n    expect(response.status).to.eq(200);\n  });\n});",
              "err": {},
              "uuid": "87eefc77-7635-4532-8170-0472bf7bc33c",
              "parentUUID": "9a11d00a-df28-4f70-aa69-a3d6a963465a",
              "isHook": false,
              "skipped": false
            }
          ],
          "suites": [],
          "passes": [
            "87eefc77-7635-4532-8170-0472bf7bc33c"
          ],
          "failures": [],
          "pending": [],
          "skipped": [],
          "duration": 232,
          "root": false,
          "rootEmpty": false,
          "_timeout": 2000
        }
      ],
      "passes": [],
      "failures": [],
      "pending": [],
      "skipped": [],
      "duration": 0,
      "root": true,
      "rootEmpty": true,
      "_timeout": 2000
    },
    {
      "uuid": "3fcf07db-2be5-4f40-8946-902a3b975994",
      "title": "",
      "fullFile": "cypress/e2e/ui/register/user-register-positive.cy.js",
      "file": "cypress/e2e/ui/register/user-register-positive.cy.js",
      "beforeHooks": [],
      "afterHooks": [],
      "tests": [],
      "suites": [
        {
          "uuid": "6f5530e2-d84a-4520-a02f-0723e4846467",
          "title": "Register Page: User Positive Test Cases",
          "fullFile": "",
          "file": "",
          "beforeHooks": [],
          "afterHooks": [],
          "tests": [
            {
              "title": "[REG-USER-POS-001] should allow user to input all required registration fields and verify values",
              "fullTitle": "Register Page: User Positive Test Cases [REG-USER-POS-001] should allow user to input all required registration fields and verify values",
              "timedOut": null,
              "duration": 2564,
              "state": "passed",
              "speed": "fast",
              "pass": true,
              "fail": false,
              "pending": false,
              "context": null,
              "code": "_registerPage.default.fillFirstName(_generateUser.firstName);\n_registerPage.default.fillLastName(_generateUser.lastName);\n_registerPage.default.fillEmail(_generateUser.email);\n_registerPage.default.fillPassword(_generateUser.password);\n_registerPage.default.assertRegisterFieldsContainValues(_generateUser.firstName, _generateUser.lastName, _generateUser.email, _generateUser.password);",
              "err": {},
              "uuid": "924b82c9-1b5f-4568-889d-b2a6ce7bf69e",
              "parentUUID": "6f5530e2-d84a-4520-a02f-0723e4846467",
              "isHook": false,
              "skipped": false
            },
            {
              "title": "[REG-USER-POS-002] should register user with valid new credentials and redirect to profile page",
              "fullTitle": "Register Page: User Positive Test Cases [REG-USER-POS-002] should register user with valid new credentials and redirect to profile page",
              "timedOut": null,
              "duration": 1546,
              "state": "passed",
              "speed": "fast",
              "pass": true,
              "fail": false,
              "pending": false,
              "context": null,
              "code": "_registerPage.default.fillRegistrationForm(_generateUser.firstName, _generateUser.lastName, _generateUser.email, _generateUser.password);\ncy.url().should(\"include\", \"dashboard/user/profile\");",
              "err": {},
              "uuid": "55283e85-7863-4f5e-a576-fb31c04bf5b2",
              "parentUUID": "6f5530e2-d84a-4520-a02f-0723e4846467",
              "isHook": false,
              "skipped": false
            },
            {
              "title": "[REG-USER-POS-003] should toggle password visibility on the registration form",
              "fullTitle": "Register Page: User Positive Test Cases [REG-USER-POS-003] should toggle password visibility on the registration form",
              "timedOut": null,
              "duration": 1518,
              "state": "passed",
              "speed": "fast",
              "pass": true,
              "fail": false,
              "pending": false,
              "context": null,
              "code": "_registerPage.default.fillFirstName(_generateUser.firstName);\n_registerPage.default.fillLastName(_generateUser.lastName);\n_registerPage.default.fillEmail(_generateUser.email);\n_registerPage.default.fillPassword(_generateUser.password);\n_registerPage.default.verifyPasswordVisibilityToggleShowsPassword(_generateUser.password);\n_registerPage.default.verifyPasswordVisibilityToggleHidesPassword();",
              "err": {},
              "uuid": "2e46f542-45e5-4f05-a188-79c1268d134c",
              "parentUUID": "6f5530e2-d84a-4520-a02f-0723e4846467",
              "isHook": false,
              "skipped": false
            }
          ],
          "suites": [],
          "passes": [
            "924b82c9-1b5f-4568-889d-b2a6ce7bf69e",
            "55283e85-7863-4f5e-a576-fb31c04bf5b2",
            "2e46f542-45e5-4f05-a188-79c1268d134c"
          ],
          "failures": [],
          "pending": [],
          "skipped": [],
          "duration": 5628,
          "root": false,
          "rootEmpty": false,
          "_timeout": 2000
        }
      ],
      "passes": [],
      "failures": [],
      "pending": [],
      "skipped": [],
      "duration": 0,
      "root": true,
      "rootEmpty": true,
      "_timeout": 2000
    },
    {
      "uuid": "2c3c7cb4-da50-41c0-a4b6-9fa227ff595d",
      "title": "",
      "fullFile": "cypress/e2e/ui/register/user-register-negative.cy.js",
      "file": "cypress/e2e/ui/register/user-register-negative.cy.js",
      "beforeHooks": [],
      "afterHooks": [],
      "tests": [],
      "suites": [
        {
          "uuid": "8a35eec7-3305-4b9c-a879-a231c68f026f",
          "title": "Register Page: User Negative Test Cases",
          "fullFile": "",
          "file": "",
          "beforeHooks": [],
          "afterHooks": [],
          "tests": [
            {
              "title": "[REG-USER-NEG-001] should display error when First Name field is empty",
              "fullTitle": "Register Page: User Negative Test Cases [REG-USER-NEG-001] should display error when First Name field is empty",
              "timedOut": null,
              "duration": 2683,
              "state": "passed",
              "speed": "fast",
              "pass": true,
              "fail": false,
              "pending": false,
              "context": null,
              "code": "_registerPage.default.fillRegistrationForm(\"\", _generateUser.lastName, _generateUser.email, _generateUser.password);\n_registerPage.default.assertErrorMessageVisible(this.message.registration.firstNameRequired);",
              "err": {},
              "uuid": "949cadfa-581c-428f-8270-d139bafe01ac",
              "parentUUID": "8a35eec7-3305-4b9c-a879-a231c68f026f",
              "isHook": false,
              "skipped": false
            },
            {
              "title": "[REG-USER-NEG-002] should display error when Last Name field is empty",
              "fullTitle": "Register Page: User Negative Test Cases [REG-USER-NEG-002] should display error when Last Name field is empty",
              "timedOut": null,
              "duration": 1332,
              "state": "passed",
              "speed": "fast",
              "pass": true,
              "fail": false,
              "pending": false,
              "context": null,
              "code": "_registerPage.default.fillRegistrationForm(_generateUser.firstName, \"\", _generateUser.email, _generateUser.password);\n_registerPage.default.assertErrorMessageVisible(this.message.registration.lastNameRequired);",
              "err": {},
              "uuid": "9ff58233-04df-4bd0-9722-af69ae6462e3",
              "parentUUID": "8a35eec7-3305-4b9c-a879-a231c68f026f",
[...]
              "err": {},
              "uuid": "179ac97f-40ce-4c42-8d20-1cd2ddc8935d",
              "parentUUID": "8a35eec7-3305-4b9c-a879-a231c68f026f",
              "isHook": false,
              "skipped": false
            },
            {
              "title": "[REG-USER-NEG-006] should display error when registering with an already registered email",
              "fullTitle": "Register Page: User Negative Test Cases [REG-USER-NEG-006] should display error when registering with an already registered email",
              "timedOut": null,
              "duration": 1411,
              "state": "passed",
              "speed": "fast",
              "pass": true,
              "fail": false,
              "pending": false,
              "context": null,
              "code": "_registerPage.default.fillRegistrationForm(_generateUser.firstName, _generateUser.lastName, this.userCredential.validLoginData.email, _generateUser.password);\n_registerPage.default.assertInputErrorMessageIsDisplayed();",
              "err": {},
              "uuid": "ed76d648-f115-413e-a673-c0b8c386d895",
              "parentUUID": "8a35eec7-3305-4b9c-a879-a231c68f026f",
              "isHook": false,
              "skipped": false
            }
          ],
          "suites": [],
          "passes": [
            "949cadfa-581c-428f-8270-d139bafe01ac",
            "9ff58233-04df-4bd0-9722-af69ae6462e3",
            "78fbdf10-62cb-4fdd-b98f-9e62e26a70f8",
            "cac07713-acf4-4a76-8396-5f119829b189",
            "179ac97f-40ce-4c42-8d20-1cd2ddc8935d",
            "ed76d648-f115-413e-a673-c0b8c386d895"
          ],
          "failures": [],
          "pending": [],
          "skipped": [],
          "duration": 8576,
          "root": false,
          "rootEmpty": false,
          "_timeout": 2000
        }
      ],
      "passes": [],
      "failures": [],
      "pending": [],
      "skipped": [],
      "duration": 0,
      "root": true,
      "rootEmpty": true,
      "_timeout": 2000
    },
    {
      "uuid": "cf5e6b86-bda6-469f-a92a-fa5253adbab0",
      "title": "",
      "fullFile": "cypress/e2e/ui/home/home-search.cy.js",
      "file": "cypress/e2e/ui/home/home-search.cy.js",
      "beforeHooks": [],
      "afterHooks": [],
      "tests": [],
      "suites": [
        {
          "uuid": "38f7dd98-7e14-4731-8132-7b9ff533f944",
          "title": "Home Page: Property Search Functionality",
          "fullFile": "",
          "file": "",
          "beforeHooks": [],
          "afterHooks": [],
          "tests": [
            {
              "title": "[HOME-003] should filter and display listings within the selected price range",
              "fullTitle": "Home Page: Property Search Functionality [HOME-003] should filter and display listings within the selected price range",
              "timedOut": null,
              "duration": 762,
              "state": "passed",
              "speed": "fast",
              "pass": true,
              "fail": false,
              "pending": false,
              "context": null,
              "code": "",
              "err": {},
              "uuid": "ae313349-bb2c-4df9-8670-949be169c670",
              "parentUUID": "38f7dd98-7e14-4731-8132-7b9ff533f944",
              "isHook": false,
              "skipped": false
            }
          ],
          "suites": [],
          "passes": [
            "ae313349-bb2c-4df9-8670-949be169c670"
          ],
          "failures": [],
          "pending": [],
          "skipped": [],
          "duration": 762,
          "root": false,
          "rootEmpty": false,
          "_timeout": 2000
        }
      ],
      "passes": [],
      "failures": [],
      "pending": [],
      "skipped": [],
      "duration": 0,
      "root": true,
      "rootEmpty": true,
      "_timeout": 2000
    },
    {
      "uuid": "5c09d599-c5f6-4245-ac08-1a0ba0c223fd",
      "title": "",
      "fullFile": "cypress/e2e/ui/featured-listings/featured-listing-search.cy.js",
      "file": "cypress/e2e/ui/featured-listings/featured-listing-search.cy.js",
      "beforeHooks": [],
      "afterHooks": [],
      "tests": [],
      "suites": [
        {
          "uuid": "615e2c40-8587-4911-9fdd-6d4d0681a7f0",
          "title": "Featured Listings Page: Property Search Functionality and Results Validation",
          "fullFile": "",
          "file": "",
          "beforeHooks": [],
          "afterHooks": [],
          "tests": [
            {
              "title": "[FEATLIST-001] should display correct property details after performing a featured listing search",
              "fullTitle": "Featured Listings Page: Property Search Functionality and Results Validation [FEATLIST-001] should display correct property details after performing a featured listing search",
              "timedOut": null,
              "duration": 2555,
              "state": "passed",
              "speed": "fast",
              "pass": true,
              "fail": false,
              "pending": false,
              "context": null,
              "code": "_home.default.fillHomeSearchForm({\n  keyword: _searchFormData.default.homePageSearchFormData.searchByKeyword,\n  bedrooms: _searchFormData.default.homePageSearchFormData.searchByBedrooms,\n  city: _searchFormData.default.homePageSearchFormData.searchByCity,\n  state: _searchFormData.default.homePageSearchFormData.searchByState\n});\ncy.url().should(\"include\", \"featured-listings\");\n_featuredListings.default.verifyResultOfThePropertyDetails(_validationPropertyDetails.default.expectedFeaturedCardDetails);",
              "err": {},
              "uuid": "17ada5c7-da55-4bb9-9967-864bcb32a2f9",
              "parentUUID": "615e2c40-8587-4911-9fdd-6d4d0681a7f0",
              "isHook": false,
              "skipped": false
            }
          ],
          "suites": [],
          "passes": [
            "17ada5c7-da55-4bb9-9967-864bcb32a2f9"
          ],
          "failures": [],
          "pending": [],
          "skipped": [],
          "duration": 2555,
          "root": false,
          "rootEmpty": false,
          "_timeout": 2000
        }
      ],
      "passes": [],
      "failures": [],
      "pending": [],
      "skipped": [],
      "duration": 0,
      "root": true,
      "rootEmpty": true,
      "_timeout": 2000
    },
    {
      "uuid": "72a6e165-1ecd-4a51-afdd-433c14b1caf9",
      "title": "",
      "fullFile": "cypress/e2e/api/listings/api-get-listing.cy.js",
      "file": "cypress/e2e/api/listings/api-get-listing.cy.js",
      "beforeHooks": [],
      "afterHooks": [],
      "tests": [],
      "suites": [
        {
          "uuid": "83eb6234-f8a1-467e-b073-2acc658d1140",
          "title": "API: Create and Get Listing",
          "fullFile": "",
          "file": "",
          "beforeHooks": [],
          "afterHooks": [],
          "tests": [
            {
              "title": "[LISTING-001] should create a new property listing via API",
              "fullTitle": "API: Create and Get Listing [LISTING-001] should create a new property listing via API",
              "timedOut": null,
              "duration": 526,
              "state": "passed",
              "speed": "fast",
              "pass": true,
              "fail": false,
              "pending": false,
              "context": null,
              "code": "cy.createListing({\n  listingData: this.listingData,\n  imagePath: \"images/beautifulHouse.png\"\n}).then(createdListingId => {\n  cy.log(`New Listing Created! ID: ${createdListingId}`);\n  cy.writeFile(path, {\n    createdListingId\n  });\n});",
              "err": {},
              "uuid": "aaca6a23-537d-413d-9275-0488774d0b9d",
              "parentUUID": "83eb6234-f8a1-467e-b073-2acc658d1140",
              "isHook": false,
              "skipped": false
            },
            {
              "title": "[LISTING-002] should GET the created listing and verify details",
              "fullTitle": "API: Create and Get Listing [LISTING-002] should GET the created listing and verify details",
              "timedOut": null,
              "duration": 82,
              "state": "passed",
              "speed": "fast",
              "pass": true,
              "fail": false,
              "pending": false,
              "context": null,
              "code": "const bearerToken = `Bearer ${localStorage.getItem(\"accessToken\") || \"\"}`;\ncy.fixture(\"created-listing-ID.json\").then(({\n  createdListingId\n}) => {\n  cy.api({\n    method: \"GET\",\n    url: `/api/estate-objects/${createdListingId}`,\n    headers: {\n      Authorization: bearerToken\n    }\n  }).then(getResponse => {\n    expect(getResponse.status).to.eq(200);\n    expect(getResponse.body.estateObject.title).to.eq(this.listingData.title);\n  });\n});",
              "err": {},
              "uuid": "fbf6a155-6167-413c-8f9d-5c005e728079",
              "parentUUID": "83eb6234-f8a1-467e-b073-2acc658d1140",
              "isHook": false,
              "skipped": false
            }
          ],
          "suites": [],
          "passes": [
            "aaca6a23-537d-413d-9275-0488774d0b9d",
            "fbf6a155-6167-413c-8f9d-5c005e728079"
          ],
          "failures": [],
          "pending": [],
          "skipped": [],
          "duration": 608,
          "root": false,
          "rootEmpty": false,
          "_timeout": 2000
        }
      ],
      "passes": [],
      "failures": [],
      "pending": [],
      "skipped": [],
      "duration": 0,
      "root": true,
      "rootEmpty": true,
      "_timeout": 2000
    },
    {
      "uuid": "32da691d-1b18-4887-9305-4a9383b95f19",
      "title": "",
      "fullFile": "cypress/e2e/ui/dashboard/dashboard.cy.js",
      "file": "cypress/e2e/ui/dashboard/dashboard.cy.js",
      "beforeHooks": [],
      "afterHooks": [],
      "tests": [],
      "suites": [
        {
          "uuid": "a3b1c76c-0cd0-4324-a417-5bc1a72ce02f",
          "title": "Dashboard Profile Page: Theme Toggle & User Info Verification",
          "fullFile": "",
          "file": "",
          "beforeHooks": [],
          "afterHooks": [],
          "tests": [
            {
              "title": "[DASH-PROFILE-001] Should switch to dark theme when the toggle is clicked",
              "fullTitle": "Dashboard Profile Page: Theme Toggle & User Info Verification [DASH-PROFILE-001] Should switch to dark theme when the toggle is clicked",
              "timedOut": null,
              "duration": 1037,
              "state": "passed",
              "speed": "fast",
              "pass": true,
              "fail": false,
              "pending": false,
              "context": null,
              "code": "_headerComponent.default.enableDarkTheme();\n_headerComponent.default.verifyDarkThemeIsEnabled();",
              "err": {},
              "uuid": "38c6e25d-6a8c-4534-bfc8-96c9d40ba186",
              "parentUUID": "a3b1c76c-0cd0-4324-a417-5bc1a72ce02f",
              "isHook": false,
              "skipped": false
            },
            {
              "title": "[DASH-PROFILE-002] Should switch to light theme when the toggle is clicked",
              "fullTitle": "Dashboard Profile Page: Theme Toggle & User Info Verification [DASH-PROFILE-002] Should switch to light theme when the toggle is clicked",
              "timedOut": null,
              "duration": 530,
              "state": "passed",
              "speed": "fast",
              "pass": true,
              "fail": false,
              "pending": false,
              "context": null,
              "code": "_headerComponent.default.enableDarkTheme();\n_headerComponent.default.enableLightTheme();\n_headerComponent.default.verifyLightThemeIsEnabled();",
              "err": {},
              "uuid": "6810928e-ac8f-46d2-8dbd-ef2a733c7f49",
              "parentUUID": "a3b1c76c-0cd0-4324-a417-5bc1a72ce02f",
              "isHook": false,
              "skipped": false
            },
            {
              "title": "[DASH-PROFILE-003] Should display the Profile page title",
              "fullTitle": "Dashboard Profile Page: Theme Toggle & User Info Verification [DASH-PROFILE-003] Should display the Profile page title",
              "timedOut": null,
              "duration": 421,
              "state": "passed",
              "speed": "fast",
              "pass": true,
              "fail": false,
              "pending": false,
              "context": null,
              "code": "_dashboard.default.verifyProfilePageTitleIsVisible();",
              "err": {},
              "uuid": "974a6411-aa54-4ff3-b51c-3d94e11580a1",
              "parentUUID": "a3b1c76c-0cd0-4324-a417-5bc1a72ce02f",
              "isHook": false,
              "skipped": false
            },
            {
              "title": "[DASH-PROFILE-004] Should display the user's full name on Profile page",
              "fullTitle": "Dashboard Profile Page: Theme Toggle & User Info Verification [DASH-PROFILE-004] Should display the user's full name on Profile page",
              "timedOut": null,
              "duration": 343,
              "state": "passed",
              "speed": "fast",
              "pass": true,
              "fail": false,
              "pending": false,
              "context": null,
              "code": "_dashboard.default.verifyUserFullNameIsDisplayed();",
              "err": {},
              "uuid": "fa81510c-a666-4cfe-8d39-53841f9751be",
              "parentUUID": "a3b1c76c-0cd0-4324-a417-5bc1a72ce02f",
              "isHook": false,
              "skipped": false
            },
            {
              "title": "[DASH-PROFILE-005] Should display the correct user role on Profile page",
              "fullTitle": "Dashboard Profile Page: Theme Toggle & User Info Verification [DASH-PROFILE-005] Should display the correct user role on Profile page",
              "timedOut": null,
              "duration": 388,
              "state": "passed",
              "speed": "fast",
              "pass": true,
              "fail": false,
              "pending": false,
              "context": null,
              "code": "_dashboard.default.verifyRole(this.userCredential.userData.role);",
              "err": {},
              "uuid": "2eefeec8-9268-4073-b0f4-1f80afe5b828",
              "parentUUID": "a3b1c76c-0cd0-4324-a417-5bc1a72ce02f",
              "isHook": false,
              "skipped": false
            },
            {
              "title": "[DASH-PROFILE-006] Should display the Management label in the sidebar",
              "fullTitle": "Dashboard Profile Page: Theme Toggle & User Info Verification [DASH-PROFILE-006] Should display the Management label in the sidebar",
              "timedOut": null,
              "duration": 484,
              "state": "passed",
              "speed": "fast",
              "pass": true,
              "fail": false,
              "pending": false,
              "context": null,
              "code": "_dashboard.default.verifyManagementLabelIsDisplayed();",
              "err": {},
              "uuid": "63721634-f10a-43ea-9efa-e8f03572261c",
              "parentUUID": "a3b1c76c-0cd0-4324-a417-5bc1a72ce02f",
              "isHook": false,
              "skipped": false
            },
            {
              "title": "[DASH-PROFILE-007] Should display the profile banner card on Profile page",
              "fullTitle": "Dashboard Profile Page: Theme Toggle & User Info Verification [DASH-PROFILE-007] Should display the profile banner card on Profile page",
              "timedOut": null,
              "duration": 372,
              "state": "passed",
              "speed": "fast",
              "pass": true,
              "fail": false,
              "pending": false,
              "context": null,
              "code": "_dashboard.default.verifyProfileBannerCardIsDisplayed();",
              "err": {},
              "uuid": "11d84609-bc7e-43a9-86a8-4e5ca555fa22",
              "parentUUID": "a3b1c76c-0cd0-4324-a417-5bc1a72ce02f",
              "isHook": false,
              "skipped": false
            }
          ],
          "suites": [],
          "passes": [
            "38c6e25d-6a8c-4534-bfc8-96c9d40ba186",
            "6810928e-ac8f-46d2-8dbd-ef2a733c7f49",
            "974a6411-aa54-4ff3-b51c-3d94e11580a1",
            "fa81510c-a666-4cfe-8d39-53841f9751be",
            "2eefeec8-9268-4073-b0f4-1f80afe5b828",
            "63721634-f10a-43ea-9efa-e8f03572261c",
            "11d84609-bc7e-43a9-86a8-4e5ca555fa22"
          ],
          "failures": [],
          "pending": [],
          "skipped": [],
          "duration": 3575,
          "root": false,
          "rootEmpty": false,
          "_timeout": 2000
        }
      ],
      "passes": [],
      "failures": [],
      "pending": [],
      "skipped": [],
      "duration": 0,
      "root": true,
      "rootEmpty": true,
      "_timeout": 2000
    },
    {
      "uuid": "374db1a4-1e4e-4461-9c9a-732d97afd8b3",
      "title": "",
      "fullFile": "cypress/e2e/ui/register/realtor-register-negative.cy.js",
      "file": "cypress/e2e/ui/register/realtor-register-negative.cy.js",
      "beforeHooks": [],
      "afterHooks": [],
      "tests": [],
      "suites": [
        {
          "uuid": "6dd08a57-9c34-4a66-80fe-9fe914cfd11c",
          "title": "Register Page: Realtor Negative Test Cases",
          "fullFile": "",
          "file": "",
          "beforeHooks": [],
          "afterHooks": [],
          "tests": [
            {
              "title": "[REG-REALTOR-NEG-001] Should display error when attempting to register with an already registered email",
              "fullTitle": "Register Page: Realtor Negative Test Cases [REG-REALTOR-NEG-001] Should display error when attempting to register with an already registered email",
              "timedOut": null,
              "duration": 2766,
              "state": "passed",
              "speed": "fast",
              "pass": true,
              "fail": false,
              "pending": false,
              "context": null,
              "code": "_registerPage.default.fillRegistrationForm(_generateUser.firstName, _generateUser.lastName, this.userCredential.validLoginData.email, _generateUser.password);\n_registerPage.default.assertInputErrorMessageIsDisplayed();",
              "err": {},
              "uuid": "05e8bb40-2ac0-4246-9713-959431bb08db",
              "parentUUID": "6dd08a57-9c34-4a66-80fe-9fe914cfd11c",
              "isHook": false,
              "skipped": false
            }
          ],
          "suites": [],
          "passes": [
            "05e8bb40-2ac0-4246-9713-959431bb08db"
          ],
          "failures": [],
          "pending": [],
          "skipped": [],
          "duration": 2766,
          "root": false,
          "rootEmpty": false,
          "_timeout": 2000
        }
      ],
      "passes": [],
      "failures": [],
      "pending": [],
      "skipped": [],
      "duration": 0,
      "root": true,
      "rootEmpty": true,
      "_timeout": 2000
    }
  ],
  "meta": {
    "mocha": {
      "version": "7.2.0"
    },
    "mochawesome": {
      "options": {
        "quiet": false,
        "reportFilename": "mochawesome",
        "saveHtml": false,
        "saveJson": true,
        "consoleReporter": "spec",
        "useInlineDiffs": false,
        "code": true
      },
      "version": "7.1.3"
    },
    "marge": {
      "options": {
        "charts": true,
        "reportDir": "reports/mochawesome",
        "overwrite": false,
        "html": false,
        "json": true
      },
      "version": "6.2.0"
    }
  }
}