{
  "stats": {
    "suites": 1,
    "tests": 7,
    "passes": 7,
    "pending": 0,
    "failures": 0,
    "start": "2025-06-03T14:05:14.227Z",
    "end": "2025-06-03T14:05:18.003Z",
    "duration": 3776,
    "testsRegistered": 7,
    "passPercent": 100,
    "pendingPercent": 0,
    "other": 0,
    "hasOther": false,
    "skipped": 0,
    "hasSkipped": false
  },
  "results": [
    {
      "uuid": "a593a1d9-35d8-42f7-8f5d-d40eda88d459",
      "title": "",
      "fullFile": "cypress/e2e/ui/dashboard/dashboard.cy.js",
      "file": "cypress/e2e/ui/dashboard/dashboard.cy.js",
      "beforeHooks": [],
      "afterHooks": [],
      "tests": [],
      "suites": [
        {
          "uuid": "56c2fef0-e77b-405c-a6d7-d729665e97dd",
          "title": "Dashboard Profile Page: Theme Toggle & User Info Verification",
          "fullFile": "",
          "file": "",
          "beforeHooks": [],
          "afterHooks": [],
          "tests": [
            {
              "title": "[DASH-PROFILE-001] Should switch to dark theme when the toggle is clicked",
              "fullTitle": "Dashboard Profile Page: Theme Toggle & User Info Verification [DASH-PROFILE-001] Should switch to dark theme when the toggle is clicked",
              "timedOut": null,
              "duration": 1036,
              "state": "passed",
              "speed": "fast",
              "pass": true,
              "fail": false,
              "pending": false,
              "context": null,
              "code": "_headerComponent.default.enableDarkTheme();\n_headerComponent.default.verifyDarkThemeIsEnabled();",
              "err": {},
              "uuid": "cdac6f99-8c88-4ce3-9ee1-41d8749ed013",
              "parentUUID": "56c2fef0-e77b-405c-a6d7-d729665e97dd",
              "isHook": false,
              "skipped": false
            },
            {
              "title": "[DASH-PROFILE-002] Should switch to light theme when the toggle is clicked",
              "fullTitle": "Dashboard Profile Page: Theme Toggle & User Info Verification [DASH-PROFILE-002] Should switch to light theme when the toggle is clicked",
              "timedOut": null,
              "duration": 537,
              "state": "passed",
              "speed": "fast",
              "pass": true,
              "fail": false,
              "pending": false,
              "context": null,
              "code": "_headerComponent.default.enableDarkTheme();\n_headerComponent.default.enableLightTheme();\n_headerComponent.default.verifyLightThemeIsEnabled();",
              "err": {},
              "uuid": "9a4b33bf-0161-4391-aa95-f9c7bd9802f2",
              "parentUUID": "56c2fef0-e77b-405c-a6d7-d729665e97dd",
              "isHook": false,
              "skipped": false
            },
            {
              "title": "[DASH-PROFILE-003] Should display the Profile page title",
              "fullTitle": "Dashboard Profile Page: Theme Toggle & User Info Verification [DASH-PROFILE-003] Should display the Profile page title",
              "timedOut": null,
              "duration": 351,
              "state": "passed",
              "speed": "fast",
              "pass": true,
              "fail": false,
              "pending": false,
              "context": null,
              "code": "_dashboard.default.verifyProfilePageTitleIsVisible();",
              "err": {},
              "uuid": "80e133f9-677e-466c-a0c6-776062639f73",
              "parentUUID": "56c2fef0-e77b-405c-a6d7-d729665e97dd",
              "isHook": false,
              "skipped": false
            },
            {
              "title": "[DASH-PROFILE-004] Should display the user's full name on Profile page",
              "fullTitle": "Dashboard Profile Page: Theme Toggle & User Info Verification [DASH-PROFILE-004] Should display the user's full name on Profile page",
              "timedOut": null,
              "duration": 399,
              "state": "passed",
              "speed": "fast",
              "pass": true,
              "fail": false,
              "pending": false,
              "context": null,
              "code": "_dashboard.default.verifyUserFullNameIsDisplayed();",
              "err": {},
              "uuid": "9a0e3d8d-3cb4-4c13-89fa-6318b2f6bc2c",
              "parentUUID": "56c2fef0-e77b-405c-a6d7-d729665e97dd",
              "isHook": false,
              "skipped": false
            },
            {
              "title": "[DASH-PROFILE-005] Should display the correct user role on Profile page",
              "fullTitle": "Dashboard Profile Page: Theme Toggle & User Info Verification [DASH-PROFILE-005] Should display the correct user role on Profile page",
              "timedOut": null,
              "duration": 384,
              "state": "passed",
              "speed": "fast",
              "pass": true,
              "fail": false,
              "pending": false,
              "context": null,
              "code": "_dashboard.default.verifyRole(this.userCredential.userData.role);",
              "err": {},
              "uuid": "fcfb02cb-0049-4b66-9545-471510be5d55",
              "parentUUID": "56c2fef0-e77b-405c-a6d7-d729665e97dd",
              "isHook": false,
              "skipped": false
            },
            {
              "title": "[DASH-PROFILE-006] Should display the Management label in the sidebar",
              "fullTitle": "Dashboard Profile Page: Theme Toggle & User Info Verification [DASH-PROFILE-006] Should display the Management label in the sidebar",
              "timedOut": null,
              "duration": 472,
              "state": "passed",
              "speed": "fast",
              "pass": true,
              "fail": false,
              "pending": false,
              "context": null,
              "code": "_dashboard.default.verifyManagementLabelIsDisplayed();",
              "err": {},
              "uuid": "4ef3254a-6f7b-41b0-a100-7df863058e9c",
              "parentUUID": "56c2fef0-e77b-405c-a6d7-d729665e97dd",
              "isHook": false,
              "skipped": false
            },
            {
              "title": "[DASH-PROFILE-007] Should display the profile banner card on Profile page",
              "fullTitle": "Dashboard Profile Page: Theme Toggle & User Info Verification [DASH-PROFILE-007] Should display the profile banner card on Profile page",
              "timedOut": null,
              "duration": 465,
              "state": "passed",
              "speed": "fast",
              "pass": true,
              "fail": false,
              "pending": false,
              "context": null,
              "code": "_dashboard.default.verifyProfileBannerCardIsDisplayed();",
              "err": {},
              "uuid": "271cd0cc-fa5f-435e-9078-5b4eec573e87",
              "parentUUID": "56c2fef0-e77b-405c-a6d7-d729665e97dd",
              "isHook": false,
              "skipped": false
            }
          ],
          "suites": [],
          "passes": [
            "cdac6f99-8c88-4ce3-9ee1-41d8749ed013",
            "9a4b33bf-0161-4391-aa95-f9c7bd9802f2",
            "80e133f9-677e-466c-a0c6-776062639f73",
            "9a0e3d8d-3cb4-4c13-89fa-6318b2f6bc2c",
            "fcfb02cb-0049-4b66-9545-471510be5d55",
            "4ef3254a-6f7b-41b0-a100-7df863058e9c",
            "271cd0cc-fa5f-435e-9078-5b4eec573e87"
          ],
          "failures": [],
          "pending": [],
          "skipped": [],
          "duration": 3644,
          "root": false,
          "rootEmpty": false,
          "_timeout": 2000
        }
      ],
      "passes": [],
      "failures": [],
      "pending": [],
      "skipped": [],
      "duration": 0,
      "root": true,
      "rootEmpty": true,
      "_timeout": 2000
    }
  ],
  "meta": {
    "mocha": {
      "version": "7.2.0"
    },
    "mochawesome": {
      "options": {
        "quiet": false,
        "reportFilename": "mochawesome",
        "saveHtml": false,
        "saveJson": true,
        "consoleReporter": "spec",
        "useInlineDiffs": false,
        "code": true
      },
      "version": "7.1.3"
    },
    "marge": {
      "options": {
        "charts": true,
        "reportDir": "reports/mochawesome",
        "overwrite": false,
        "html": false,
        "json": true
      },
      "version": "6.2.0"
    }
  }
}