{
  "stats": {
    "suites": 1,
    "tests": 1,
    "passes": 1,
    "pending": 0,
    "failures": 0,
    "start": "2025-06-03T14:04:44.930Z",
    "end": "2025-06-03T14:04:49.317Z",
    "duration": 4387,
    "testsRegistered": 1,
    "passPercent": 100,
    "pendingPercent": 0,
    "other": 0,
    "hasOther": false,
    "skipped": 0,
    "hasSkipped": false
  },
  "results": [
    {
      "uuid": "b87f0695-466f-40e7-88c5-1ec3f4902468",
      "title": "",
      "fullFile": "cypress/e2e/ui/register/realtor-register-negative.cy.js",
      "file": "cypress/e2e/ui/register/realtor-register-negative.cy.js",
      "beforeHooks": [],
      "afterHooks": [],
      "tests": [],
      "suites": [
        {
          "uuid": "baf887ab-e0a0-4292-9c35-68a07a2c664d",
          "title": "Register Page: Realtor Negative Test Cases",
          "fullFile": "",
          "file": "",
          "beforeHooks": [],
          "afterHooks": [],
          "tests": [
            {
              "title": "[REG-REALTOR-NEG-001] Should display error when attempting to register with an already registered email",
              "fullTitle": "Register Page: Realtor Negative Test Cases [REG-REALTOR-NEG-001] Should display error when attempting to register with an already registered email",
              "timedOut": null,
              "duration": 4348,
              "state": "passed",
              "speed": "fast",
              "pass": true,
              "fail": false,
              "pending": false,
              "context": null,
              "code": "_registerPage.default.fillRegistrationForm(_generateUser.firstName, _generateUser.lastName, this.userCredential.validLoginData.email, _generateUser.password);\n_registerPage.default.assertInputErrorMessageIsDisplayed();",
              "err": {},
              "uuid": "0bf87503-cfbc-4046-8d8c-711ad1815a70",
              "parentUUID": "baf887ab-e0a0-4292-9c35-68a07a2c664d",
              "isHook": false,
              "skipped": false
            }
          ],
          "suites": [],
          "passes": [
            "0bf87503-cfbc-4046-8d8c-711ad1815a70"
          ],
          "failures": [],
          "pending": [],
          "skipped": [],
          "duration": 4348,
          "root": false,
          "rootEmpty": false,
          "_timeout": 2000
        }
      ],
      "passes": [],
      "failures": [],
      "pending": [],
      "skipped": [],
      "duration": 0,
      "root": true,
      "rootEmpty": true,
      "_timeout": 2000
    }
  ],
  "meta": {
    "mocha": {
      "version": "7.2.0"
    },
    "mochawesome": {
      "options": {
        "quiet": false,
        "reportFilename": "mochawesome",
        "saveHtml": false,
        "saveJson": true,
        "consoleReporter": "spec",
        "useInlineDiffs": false,
        "code": true
      },
      "version": "7.1.3"
    },
    "marge": {
      "options": {
        "charts": true,
        "reportDir": "reports/mochawesome",
        "overwrite": false,
        "html": false,
        "json": true
      },
      "version": "6.2.0"
    }
  }
}