{
  "stats": {
    "suites": 1,
    "tests": 3,
    "passes": 3,
    "pending": 0,
    "failures": 0,
    "start": "2025-06-02T02:04:41.823Z",
    "end": "2025-06-02T02:04:47.406Z",
    "duration": 5583,
    "testsRegistered": 3,
    "passPercent": 100,
    "pendingPercent": 0,
    "other": 0,
    "hasOther": false,
    "skipped": 0,
    "hasSkipped": false
  },
  "results": [
    {
      "uuid": "c25434cc-2026-43e5-8baf-d825f1f83f92",
      "title": "",
      "fullFile": "cypress/e2e/ui/register/user-register-positive.cy.js",
      "file": "cypress/e2e/ui/register/user-register-positive.cy.js",
      "beforeHooks": [],
      "afterHooks": [],
      "tests": [],
      "suites": [
        {
          "uuid": "92a9c2a3-1823-4f8a-9a11-3214a5103f01",
          "title": "Register Page: User Positive Test Cases",
          "fullFile": "",
          "file": "",
          "beforeHooks": [],
          "afterHooks": [],
          "tests": [
            {
              "title": "[REG-USER-POS-001] should allow user to input all required registration fields and verify values",
              "fullTitle": "Register Page: User Positive Test Cases [REG-USER-POS-001] should allow user to input all required registration fields and verify values",
              "timedOut": null,
              "duration": 2326,
              "state": "passed",
              "speed": "fast",
              "pass": true,
              "fail": false,
              "pending": false,
              "context": null,
              "code": "_registerPage.default.fillFirstName(_generateUser.firstName);\n_registerPage.default.fillLastName(_generateUser.lastName);\n_registerPage.default.fillEmail(_generateUser.email);\n_registerPage.default.fillPassword(_generateUser.password);\n_registerPage.default.assertRegisterFieldsContainValues(_generateUser.firstName, _generateUser.lastName, _generateUser.email, _generateUser.password);",
              "err": {},
              "uuid": "5ff5bf86-38b8-4b97-b89a-aa0931d8942a",
              "parentUUID": "92a9c2a3-1823-4f8a-9a11-3214a5103f01",
              "isHook": false,
              "skipped": false
            },
            {
              "title": "[REG-USER-POS-002] should register user with valid new credentials and redirect to profile page",
              "fullTitle": "Register Page: User Positive Test Cases [REG-USER-POS-002] should register user with valid new credentials and redirect to profile page",
              "timedOut": null,
              "duration": 1614,
              "state": "passed",
              "speed": "fast",
              "pass": true,
              "fail": false,
              "pending": false,
              "context": null,
              "code": "_registerPage.default.fillRegistrationForm(_generateUser.firstName, _generateUser.lastName, _generateUser.email, _generateUser.password);\ncy.url().should(\"include\", \"dashboard/user/profile\");",
              "err": {},
              "uuid": "60de923a-3ea6-4861-b4de-da7c1289d0c7",
              "parentUUID": "92a9c2a3-1823-4f8a-9a11-3214a5103f01",
              "isHook": false,
              "skipped": false
            },
            {
              "title": "[REG-USER-POS-003] should toggle password visibility on the registration form",
              "fullTitle": "Register Page: User Positive Test Cases [REG-USER-POS-003] should toggle password visibility on the registration form",
              "timedOut": null,
              "duration": 1565,
              "state": "passed",
              "speed": "fast",
              "pass": true,
              "fail": false,
              "pending": false,
              "context": null,
              "code": "_registerPage.default.fillFirstName(_generateUser.firstName);\n_registerPage.default.fillLastName(_generateUser.lastName);\n_registerPage.default.fillEmail(_generateUser.email);\n_registerPage.default.fillPassword(_generateUser.password);\n_registerPage.default.verifyPasswordVisibilityToggleShowsPassword(_generateUser.password);\n_registerPage.default.verifyPasswordVisibilityToggleHidesPassword();",
              "err": {},
              "uuid": "187f7884-13b9-4df0-87a5-f403f5a4d14a",
              "parentUUID": "92a9c2a3-1823-4f8a-9a11-3214a5103f01",
              "isHook": false,
              "skipped": false
            }
          ],
          "suites": [],
          "passes": [
            "5ff5bf86-38b8-4b97-b89a-aa0931d8942a",
            "60de923a-3ea6-4861-b4de-da7c1289d0c7",
            "187f7884-13b9-4df0-87a5-f403f5a4d14a"
          ],
          "failures": [],
          "pending": [],
          "skipped": [],
          "duration": 5505,
          "root": false,
          "rootEmpty": false,
          "_timeout": 2000
        }
      ],
      "passes": [],
      "failures": [],
      "pending": [],
      "skipped": [],
      "duration": 0,
      "root": true,
      "rootEmpty": true,
      "_timeout": 2000
    }
  ],
  "meta": {
    "mocha": {
      "version": "7.2.0"
    },
    "mochawesome": {
      "options": {
        "quiet": false,
        "reportFilename": "mochawesome",
        "saveHtml": false,
        "saveJson": true,
        "consoleReporter": "spec",
        "useInlineDiffs": false,
        "code": true
      },
      "version": "7.1.3"
    },
    "marge": {
      "options": {
        "charts": true,
        "reportDir": "reports/mochawesome",
        "overwrite": false,
        "html": false,
        "json": true
      },
      "version": "6.2.0"
    }
  }
}