{
  "stats": {
    "suites": 1,
    "tests": 7,
    "passes": 7,
    "pending": 0,
    "failures": 0,
    "start": "2025-06-02T02:08:00.069Z",
    "end": "2025-06-02T02:08:03.753Z",
    "duration": 3684,
    "testsRegistered": 7,
    "passPercent": 100,
    "pendingPercent": 0,
    "other": 0,
    "hasOther": false,
    "skipped": 0,
    "hasSkipped": false
  },
  "results": [
    {
      "uuid": "32da691d-1b18-4887-9305-4a9383b95f19",
      "title": "",
      "fullFile": "cypress/e2e/ui/dashboard/dashboard.cy.js",
      "file": "cypress/e2e/ui/dashboard/dashboard.cy.js",
      "beforeHooks": [],
      "afterHooks": [],
      "tests": [],
      "suites": [
        {
          "uuid": "a3b1c76c-0cd0-4324-a417-5bc1a72ce02f",
          "title": "Dashboard Profile Page: Theme Toggle & User Info Verification",
          "fullFile": "",
          "file": "",
          "beforeHooks": [],
          "afterHooks": [],
          "tests": [
            {
              "title": "[DASH-PROFILE-001] Should switch to dark theme when the toggle is clicked",
              "fullTitle": "Dashboard Profile Page: Theme Toggle & User Info Verification [DASH-PROFILE-001] Should switch to dark theme when the toggle is clicked",
              "timedOut": null,
              "duration": 1037,
              "state": "passed",
              "speed": "fast",
              "pass": true,
              "fail": false,
              "pending": false,
              "context": null,
              "code": "_headerComponent.default.enableDarkTheme();\n_headerComponent.default.verifyDarkThemeIsEnabled();",
              "err": {},
              "uuid": "38c6e25d-6a8c-4534-bfc8-96c9d40ba186",
              "parentUUID": "a3b1c76c-0cd0-4324-a417-5bc1a72ce02f",
              "isHook": false,
              "skipped": false
            },
            {
              "title": "[DASH-PROFILE-002] Should switch to light theme when the toggle is clicked",
              "fullTitle": "Dashboard Profile Page: Theme Toggle & User Info Verification [DASH-PROFILE-002] Should switch to light theme when the toggle is clicked",
              "timedOut": null,
              "duration": 530,
              "state": "passed",
              "speed": "fast",
              "pass": true,
              "fail": false,
              "pending": false,
              "context": null,
              "code": "_headerComponent.default.enableDarkTheme();\n_headerComponent.default.enableLightTheme();\n_headerComponent.default.verifyLightThemeIsEnabled();",
              "err": {},
              "uuid": "6810928e-ac8f-46d2-8dbd-ef2a733c7f49",
              "parentUUID": "a3b1c76c-0cd0-4324-a417-5bc1a72ce02f",
              "isHook": false,
              "skipped": false
            },
            {
              "title": "[DASH-PROFILE-003] Should display the Profile page title",
              "fullTitle": "Dashboard Profile Page: Theme Toggle & User Info Verification [DASH-PROFILE-003] Should display the Profile page title",
              "timedOut": null,
              "duration": 421,
              "state": "passed",
              "speed": "fast",
              "pass": true,
              "fail": false,
              "pending": false,
              "context": null,
              "code": "_dashboard.default.verifyProfilePageTitleIsVisible();",
              "err": {},
              "uuid": "974a6411-aa54-4ff3-b51c-3d94e11580a1",
              "parentUUID": "a3b1c76c-0cd0-4324-a417-5bc1a72ce02f",
              "isHook": false,
              "skipped": false
            },
            {
              "title": "[DASH-PROFILE-004] Should display the user's full name on Profile page",
              "fullTitle": "Dashboard Profile Page: Theme Toggle & User Info Verification [DASH-PROFILE-004] Should display the user's full name on Profile page",
              "timedOut": null,
              "duration": 343,
              "state": "passed",
              "speed": "fast",
              "pass": true,
              "fail": false,
              "pending": false,
              "context": null,
              "code": "_dashboard.default.verifyUserFullNameIsDisplayed();",
              "err": {},
              "uuid": "fa81510c-a666-4cfe-8d39-53841f9751be",
              "parentUUID": "a3b1c76c-0cd0-4324-a417-5bc1a72ce02f",
              "isHook": false,
              "skipped": false
            },
            {
              "title": "[DASH-PROFILE-005] Should display the correct user role on Profile page",
              "fullTitle": "Dashboard Profile Page: Theme Toggle & User Info Verification [DASH-PROFILE-005] Should display the correct user role on Profile page",
              "timedOut": null,
              "duration": 388,
              "state": "passed",
              "speed": "fast",
              "pass": true,
              "fail": false,
              "pending": false,
              "context": null,
              "code": "_dashboard.default.verifyRole(this.userCredential.userData.role);",
              "err": {},
              "uuid": "2eefeec8-9268-4073-b0f4-1f80afe5b828",
              "parentUUID": "a3b1c76c-0cd0-4324-a417-5bc1a72ce02f",
              "isHook": false,
              "skipped": false
            },
            {
              "title": "[DASH-PROFILE-006] Should display the Management label in the sidebar",
              "fullTitle": "Dashboard Profile Page: Theme Toggle & User Info Verification [DASH-PROFILE-006] Should display the Management label in the sidebar",
              "timedOut": null,
              "duration": 484,
              "state": "passed",
              "speed": "fast",
              "pass": true,
              "fail": false,
              "pending": false,
              "context": null,
              "code": "_dashboard.default.verifyManagementLabelIsDisplayed();",
              "err": {},
              "uuid": "63721634-f10a-43ea-9efa-e8f03572261c",
              "parentUUID": "a3b1c76c-0cd0-4324-a417-5bc1a72ce02f",
              "isHook": false,
              "skipped": false
            },
            {
              "title": "[DASH-PROFILE-007] Should display the profile banner card on Profile page",
              "fullTitle": "Dashboard Profile Page: Theme Toggle & User Info Verification [DASH-PROFILE-007] Should display the profile banner card on Profile page",
              "timedOut": null,
              "duration": 372,
              "state": "passed",
              "speed": "fast",
              "pass": true,
              "fail": false,
              "pending": false,
              "context": null,
              "code": "_dashboard.default.verifyProfileBannerCardIsDisplayed();",
              "err": {},
              "uuid": "11d84609-bc7e-43a9-86a8-4e5ca555fa22",
              "parentUUID": "a3b1c76c-0cd0-4324-a417-5bc1a72ce02f",
              "isHook": false,
              "skipped": false
            }
          ],
          "suites": [],
          "passes": [
            "38c6e25d-6a8c-4534-bfc8-96c9d40ba186",
            "6810928e-ac8f-46d2-8dbd-ef2a733c7f49",
            "974a6411-aa54-4ff3-b51c-3d94e11580a1",
            "fa81510c-a666-4cfe-8d39-53841f9751be",
            "2eefeec8-9268-4073-b0f4-1f80afe5b828",
            "63721634-f10a-43ea-9efa-e8f03572261c",
            "11d84609-bc7e-43a9-86a8-4e5ca555fa22"
          ],
          "failures": [],
          "pending": [],
          "skipped": [],
          "duration": 3575,
          "root": false,
          "rootEmpty": false,
          "_timeout": 2000
        }
      ],
      "passes": [],
      "failures": [],
      "pending": [],
      "skipped": [],
      "duration": 0,
      "root": true,
      "rootEmpty": true,
      "_timeout": 2000
    }
  ],
  "meta": {
    "mocha": {
      "version": "7.2.0"
    },
    "mochawesome": {
      "options": {
        "quiet": false,
        "reportFilename": "mochawesome",
        "saveHtml": false,
        "saveJson": true,
        "consoleReporter": "spec",
        "useInlineDiffs": false,
        "code": true
      },
      "version": "7.1.3"
    },
    "marge": {
      "options": {
        "charts": true,
        "reportDir": "reports/mochawesome",
        "overwrite": false,
        "html": false,
        "json": true
      },
      "version": "6.2.0"
    }
  }
}