{
  "stats": {
    "suites": 1,
    "tests": 2,
    "passes": 2,
    "pending": 0,
    "failures": 0,
    "start": "2025-06-03T14:04:57.187Z",
    "end": "2025-06-03T14:05:00.942Z",
    "duration": 3755,
    "testsRegistered": 2,
    "passPercent": 100,
    "pendingPercent": 0,
    "other": 0,
    "hasOther": false,
    "skipped": 0,
    "hasSkipped": false
  },
  "results": [
    {
      "uuid": "851c3351-3ec5-43f6-a62b-a63dfa9d0447",
      "title": "",
      "fullFile": "cypress/e2e/ui/register/realtor-register-positive.cy.js",
      "file": "cypress/e2e/ui/register/realtor-register-positive.cy.js",
      "beforeHooks": [],
      "afterHooks": [],
      "tests": [],
      "suites": [
        {
          "uuid": "178f72b0-9616-4e4a-b3e6-1a3bf2f93889",
          "title": "Register Page: Realtor Positive Test Cases",
          "fullFile": "",
          "file": "",
          "beforeHooks": [],
          "afterHooks": [],
          "tests": [
            {
              "title": "[REG-REALTOR-POS-001] should register as a realtor when the checkbox is checked and display a welcome message",
              "fullTitle": "Register Page: Realtor Positive Test Cases [REG-REALTOR-POS-001] should register as a realtor when the checkbox is checked and display a welcome message",
              "timedOut": null,
              "duration": 3329,
              "state": "passed",
              "speed": "fast",
              "pass": true,
              "fail": false,
              "pending": false,
              "context": null,
              "code": "_registerPage.default.checkRegisterRealtor();\n_registerPage.default.fillRegistrationForm(_generateUser.firstName, _generateUser.lastName, _generateUser.email, _generateUser.password);\n_registerPage.default.assertWelcomeMessageIsDisplayed();",
              "err": {},
              "uuid": "88f470a1-2e05-4c30-9f8a-293a66a75bbc",
              "parentUUID": "178f72b0-9616-4e4a-b3e6-1a3bf2f93889",
              "isHook": false,
              "skipped": false
            },
            {
              "title": "[REG-REALTOR-POS-002] should keep realtor registration option unchecked when the checkbox is not selected",
              "fullTitle": "Register Page: Realtor Positive Test Cases [REG-REALTOR-POS-002] should keep realtor registration option unchecked when the checkbox is not selected",
              "timedOut": null,
              "duration": 380,
              "state": "passed",
              "speed": "fast",
              "pass": true,
              "fail": false,
              "pending": false,
              "context": null,
              "code": "_registerPage.default.uncheckedRegisterRealtor();\n_registerPage.default.verifyRegisterRealtorIsUnchecked();",
              "err": {},
              "uuid": "4b1204ff-7ba3-4fae-8531-01f0de1b6a35",
              "parentUUID": "178f72b0-9616-4e4a-b3e6-1a3bf2f93889",
              "isHook": false,
              "skipped": false
            }
          ],
          "suites": [],
          "passes": [
            "88f470a1-2e05-4c30-9f8a-293a66a75bbc",
            "4b1204ff-7ba3-4fae-8531-01f0de1b6a35"
          ],
          "failures": [],
          "pending": [],
          "skipped": [],
          "duration": 3709,
          "root": false,
          "rootEmpty": false,
          "_timeout": 2000
        }
      ],
      "passes": [],
      "failures": [],
      "pending": [],
      "skipped": [],
      "duration": 0,
      "root": true,
      "rootEmpty": true,
      "_timeout": 2000
    }
  ],
  "meta": {
    "mocha": {
      "version": "7.2.0"
    },
    "mochawesome": {
      "options": {
        "quiet": false,
        "reportFilename": "mochawesome",
        "saveHtml": false,
        "saveJson": true,
        "consoleReporter": "spec",
        "useInlineDiffs": false,
        "code": true
      },
      "version": "7.1.3"
    },
    "marge": {
      "options": {
        "charts": true,
        "reportDir": "reports/mochawesome",
        "overwrite": false,
        "html": false,
        "json": true
      },
      "version": "6.2.0"
    }
  }
}