{
  "stats": {
    "suites": 1,
    "tests": 3,
    "passes": 3,
    "pending": 0,
    "failures": 0,
    "start": "2025-06-03T14:05:03.985Z",
    "end": "2025-06-03T14:05:07.021Z",
    "duration": 3036,
    "testsRegistered": 3,
    "passPercent": 100,
    "pendingPercent": 0,
    "other": 0,
    "hasOther": false,
    "skipped": 0,
    "hasSkipped": false
  },
  "results": [
    {
      "uuid": "3eec516d-e271-43e9-b255-ab33533294d1",
      "title": "",
      "fullFile": "cypress/e2e/ui/login/login-negative.cy.js",
      "file": "cypress/e2e/ui/login/login-negative.cy.js",
      "beforeHooks": [],
      "afterHooks": [],
      "tests": [],
      "suites": [
        {
          "uuid": "9050eb7e-8ff3-4265-9cb9-5de5df626ac8",
          "title": "Login Functionality: Negative Test Cases",
          "fullFile": "",
          "file": "",
          "beforeHooks": [],
          "afterHooks": [],
          "tests": [
            {
              "title": "LOGIN-NEG-001] should display error for invalid email and password format",
              "fullTitle": "Login Functionality: Negative Test Cases LOGIN-NEG-001] should display error for invalid email and password format",
              "timedOut": null,
              "duration": 1525,
              "state": "passed",
              "speed": "fast",
              "pass": true,
              "fail": false,
              "pending": false,
              "context": null,
              "code": "_loginPage.default.login(this.userCredential.invalidLoginData.email, this.userCredential.invalidLoginData.password);\n_loginPage.default.assertErrorMessageVisible(this.message.login.invalidEmail);",
              "err": {},
              "uuid": "3c003c64-dc57-4fbd-9f3c-0362e97ed8df",
              "parentUUID": "9050eb7e-8ff3-4265-9cb9-5de5df626ac8",
              "isHook": false,
              "skipped": false
            },
            {
              "title": "[LOGIN-NEG-002] should display error when email filed is empty",
              "fullTitle": "Login Functionality: Negative Test Cases [LOGIN-NEG-002] should display error when email filed is empty",
              "timedOut": null,
              "duration": 667,
              "state": "passed",
              "speed": "fast",
              "pass": true,
              "fail": false,
              "pending": false,
              "context": null,
              "code": "_loginPage.default.login(\"\", this.userCredential.validLoginData.password);\n_loginPage.default.assertErrorMessageVisible(this.message.login.emailRequired);",
              "err": {},
              "uuid": "85f481bb-1993-42d2-aacd-a96e678067da",
              "parentUUID": "9050eb7e-8ff3-4265-9cb9-5de5df626ac8",
              "isHook": false,
              "skipped": false
            },
            {
              "title": "[LOGIN-NEG-003] should display error when password field is empty",
              "fullTitle": "Login Functionality: Negative Test Cases [LOGIN-NEG-003] should display error when password field is empty",
              "timedOut": null,
              "duration": 764,
              "state": "passed",
              "speed": "fast",
              "pass": true,
              "fail": false,
              "pending": false,
              "context": null,
              "code": "_loginPage.default.login(this.userCredential.validLoginData.email, \"\");\n_loginPage.default.assertErrorMessageVisible(this.message.login.passwordRequired);",
              "err": {},
              "uuid": "35f5984e-2ece-41a9-b37d-7372f5ee5ae2",
              "parentUUID": "9050eb7e-8ff3-4265-9cb9-5de5df626ac8",
              "isHook": false,
              "skipped": false
            }
          ],
          "suites": [],
          "passes": [
            "3c003c64-dc57-4fbd-9f3c-0362e97ed8df",
            "85f481bb-1993-42d2-aacd-a96e678067da",
            "35f5984e-2ece-41a9-b37d-7372f5ee5ae2"
          ],
          "failures": [],
          "pending": [],
          "skipped": [],
          "duration": 2956,
          "root": false,
          "rootEmpty": false,
          "_timeout": 2000
        }
      ],
      "passes": [],
      "failures": [],
      "pending": [],
      "skipped": [],
      "duration": 0,
      "root": true,
      "rootEmpty": true,
      "_timeout": 2000
    }
  ],
  "meta": {
    "mocha": {
      "version": "7.2.0"
    },
    "mochawesome": {
      "options": {
        "quiet": false,
        "reportFilename": "mochawesome",
        "saveHtml": false,
        "saveJson": true,
        "consoleReporter": "spec",
        "useInlineDiffs": false,
        "code": true
      },
      "version": "7.1.3"
    },
    "marge": {
      "options": {
        "charts": true,
        "reportDir": "reports/mochawesome",
        "overwrite": false,
        "html": false,
        "json": true
      },
      "version": "6.2.0"
    }
  }
}