{
  "stats": {
    "suites": 1,
    "tests": 2,
    "passes": 2,
    "pending": 0,
    "failures": 0,
    "start": "2025-06-03T14:04:42.909Z",
    "end": "2025-06-03T14:04:52.477Z",
    "duration": 9568,
    "testsRegistered": 2,
    "passPercent": 100,
    "pendingPercent": 0,
    "other": 0,
    "hasOther": false,
    "skipped": 0,
    "hasSkipped": false
  },
  "results": [
    {
      "uuid": "2dafc5cb-3ca2-4d18-9993-d9bf28184212",
      "title": "",
      "fullFile": "cypress/e2e/ui/property-listing/property-details.cy.js",
      "file": "cypress/e2e/ui/property-listing/property-details.cy.js",
      "beforeHooks": [],
      "afterHooks": [],
      "tests": [],
      "suites": [
        {
          "uuid": "06803547-9766-4a22-9b39-4594defe19c6",
          "title": "Property Details Page: UI and Form Functionality",
          "fullFile": "",
          "file": "",
          "beforeHooks": [],
          "afterHooks": [],
          "tests": [
            {
              "title": "[PROPDET-001] should display all property details correctly",
              "fullTitle": "Property Details Page: UI and Form Functionality [PROPDET-001] should display all property details correctly",
              "timedOut": null,
              "duration": 4748,
              "state": "passed",
              "speed": "fast",
              "pass": true,
              "fail": false,
              "pending": false,
              "context": null,
              "code": "_featuredListingsPage.default.clickMoreButton();\n_propertyDetailsPage.default.verifyAllDetails(_validationPropertyDetails.default.expectedPropertyDetails);\n_propertyDetailsPage.default.verifyRealtorName();",
              "err": {},
              "uuid": "96889191-af65-4cc4-b51b-e8dd00290e17",
              "parentUUID": "06803547-9766-4a22-9b39-4594defe19c6",
              "isHook": false,
              "skipped": false
            },
            {
              "title": "[PROPDET-002] should allow users to submit an inquiry form and redirect back to featured listings",
              "fullTitle": "Property Details Page: UI and Form Functionality [PROPDET-002] should allow users to submit an inquiry form and redirect back to featured listings",
              "timedOut": null,
              "duration": 4714,
              "state": "passed",
              "speed": "fast",
              "pass": true,
              "fail": false,
              "pending": false,
              "context": null,
              "code": "_featuredListingsPage.default.clickMoreButton();\n_propertyDetailsPage.default.clickMakeAnInquiryButton();\n_propertyDetailsPage.default.fillInquiryForm(_formData.default.inquiryFormData);\ncy.reload();\ncy.url().should(\"include\", \"featured-listings\");",
              "err": {},
              "uuid": "2ce5c3e5-36ba-443c-85a4-745fee479c5f",
              "parentUUID": "06803547-9766-4a22-9b39-4594defe19c6",
              "isHook": false,
              "skipped": false
            }
          ],
          "suites": [],
          "passes": [
            "96889191-af65-4cc4-b51b-e8dd00290e17",
            "2ce5c3e5-36ba-443c-85a4-745fee479c5f"
          ],
          "failures": [],
          "pending": [],
          "skipped": [],
          "duration": 9462,
          "root": false,
          "rootEmpty": false,
          "_timeout": 2000
        }
      ],
      "passes": [],
      "failures": [],
      "pending": [],
      "skipped": [],
      "duration": 0,
      "root": true,
      "rootEmpty": true,
      "_timeout": 2000
    }
  ],
  "meta": {
    "mocha": {
      "version": "7.2.0"
    },
    "mochawesome": {
      "options": {
        "quiet": false,
        "reportFilename": "mochawesome",
        "saveHtml": false,
        "saveJson": true,
        "consoleReporter": "spec",
        "useInlineDiffs": false,
        "code": true
      },
      "version": "7.1.3"
    },
    "marge": {
      "options": {
        "charts": true,
        "reportDir": "reports/mochawesome",
        "overwrite": false,
        "html": false,
        "json": true
      },
      "version": "6.2.0"
    }
  }
}