{
  "stats": {
    "suites": 1,
    "tests": 7,
    "passes": 7,
    "pending": 0,
    "failures": 0,
    "start": "2025-06-02T02:04:51.987Z",
    "end": "2025-06-02T02:04:55.608Z",
    "duration": 3621,
    "testsRegistered": 7,
    "passPercent": 100,
    "pendingPercent": 0,
    "other": 0,
    "hasOther": false,
    "skipped": 0,
    "hasSkipped": false
  },
  "results": [
    {
      "uuid": "58dd8cfa-7340-4706-be9c-42bab31f4ffb",
      "title": "",
      "fullFile": "cypress/e2e/ui/dashboard/dashboard.cy.js",
      "file": "cypress/e2e/ui/dashboard/dashboard.cy.js",
      "beforeHooks": [],
      "afterHooks": [],
      "tests": [],
      "suites": [
        {
          "uuid": "86c57dea-c8d0-49dd-931a-9dee75bc51f8",
          "title": "Dashboard Profile Page: Theme Toggle & User Info Verification",
          "fullFile": "",
          "file": "",
          "beforeHooks": [],
          "afterHooks": [],
          "tests": [
            {
              "title": "[DASH-PROFILE-001] Should switch to dark theme when the toggle is clicked",
              "fullTitle": "Dashboard Profile Page: Theme Toggle & User Info Verification [DASH-PROFILE-001] Should switch to dark theme when the toggle is clicked",
              "timedOut": null,
              "duration": 1082,
              "state": "passed",
              "speed": "fast",
              "pass": true,
              "fail": false,
              "pending": false,
              "context": null,
              "code": "_headerComponent.default.enableDarkTheme();\n_headerComponent.default.verifyDarkThemeIsEnabled();",
              "err": {},
              "uuid": "d86672f1-3b51-4c76-bac4-6179b224cdb3",
              "parentUUID": "86c57dea-c8d0-49dd-931a-9dee75bc51f8",
              "isHook": false,
              "skipped": false
            },
            {
              "title": "[DASH-PROFILE-002] Should switch to light theme when the toggle is clicked",
              "fullTitle": "Dashboard Profile Page: Theme Toggle & User Info Verification [DASH-PROFILE-002] Should switch to light theme when the toggle is clicked",
              "timedOut": null,
              "duration": 543,
              "state": "passed",
              "speed": "fast",
              "pass": true,
              "fail": false,
              "pending": false,
              "context": null,
              "code": "_headerComponent.default.enableDarkTheme();\n_headerComponent.default.enableLightTheme();\n_headerComponent.default.verifyLightThemeIsEnabled();",
              "err": {},
              "uuid": "870d2a12-734f-4a2b-9986-d574885b1f4a",
              "parentUUID": "86c57dea-c8d0-49dd-931a-9dee75bc51f8",
              "isHook": false,
              "skipped": false
            },
            {
              "title": "[DASH-PROFILE-003] Should display the Profile page title",
              "fullTitle": "Dashboard Profile Page: Theme Toggle & User Info Verification [DASH-PROFILE-003] Should display the Profile page title",
              "timedOut": null,
              "duration": 358,
              "state": "passed",
              "speed": "fast",
              "pass": true,
              "fail": false,
              "pending": false,
              "context": null,
              "code": "_dashboard.default.verifyProfilePageTitleIsVisible();",
              "err": {},
              "uuid": "f4f68752-fc2e-4d75-9d61-09cf72ec356e",
              "parentUUID": "86c57dea-c8d0-49dd-931a-9dee75bc51f8",
              "isHook": false,
              "skipped": false
            },
            {
              "title": "[DASH-PROFILE-004] Should display the user's full name on Profile page",
              "fullTitle": "Dashboard Profile Page: Theme Toggle & User Info Verification [DASH-PROFILE-004] Should display the user's full name on Profile page",
              "timedOut": null,
              "duration": 327,
              "state": "passed",
              "speed": "fast",
              "pass": true,
              "fail": false,
              "pending": false,
              "context": null,
              "code": "_dashboard.default.verifyUserFullNameIsDisplayed();",
              "err": {},
              "uuid": "cfc8611e-5edd-476e-9415-40d7740dd268",
              "parentUUID": "86c57dea-c8d0-49dd-931a-9dee75bc51f8",
              "isHook": false,
              "skipped": false
            },
            {
              "title": "[DASH-PROFILE-005] Should display the correct user role on Profile page",
              "fullTitle": "Dashboard Profile Page: Theme Toggle & User Info Verification [DASH-PROFILE-005] Should display the correct user role on Profile page",
              "timedOut": null,
              "duration": 353,
              "state": "passed",
              "speed": "fast",
              "pass": true,
              "fail": false,
              "pending": false,
              "context": null,
              "code": "_dashboard.default.verifyRole(this.userCredential.userData.role);",
              "err": {},
              "uuid": "9ba42bf9-581b-4b53-b6f1-d7d4299b6006",
              "parentUUID": "86c57dea-c8d0-49dd-931a-9dee75bc51f8",
              "isHook": false,
              "skipped": false
            },
            {
              "title": "[DASH-PROFILE-006] Should display the Management label in the sidebar",
              "fullTitle": "Dashboard Profile Page: Theme Toggle & User Info Verification [DASH-PROFILE-006] Should display the Management label in the sidebar",
              "timedOut": null,
              "duration": 371,
              "state": "passed",
              "speed": "fast",
              "pass": true,
              "fail": false,
              "pending": false,
              "context": null,
              "code": "_dashboard.default.verifyManagementLabelIsDisplayed();",
              "err": {},
              "uuid": "b8abe671-b930-49d5-9013-5caacc40a605",
              "parentUUID": "86c57dea-c8d0-49dd-931a-9dee75bc51f8",
              "isHook": false,
              "skipped": false
            },
            {
              "title": "[DASH-PROFILE-007] Should display the profile banner card on Profile page",
              "fullTitle": "Dashboard Profile Page: Theme Toggle & User Info Verification [DASH-PROFILE-007] Should display the profile banner card on Profile page",
              "timedOut": null,
              "duration": 461,
              "state": "passed",
              "speed": "fast",
              "pass": true,
              "fail": false,
              "pending": false,
              "context": null,
              "code": "_dashboard.default.verifyProfileBannerCardIsDisplayed();",
              "err": {},
              "uuid": "dcc01b43-468f-4968-8b74-5195fdde2d80",
              "parentUUID": "86c57dea-c8d0-49dd-931a-9dee75bc51f8",
              "isHook": false,
              "skipped": false
            }
          ],
          "suites": [],
          "passes": [
            "d86672f1-3b51-4c76-bac4-6179b224cdb3",
            "870d2a12-734f-4a2b-9986-d574885b1f4a",
            "f4f68752-fc2e-4d75-9d61-09cf72ec356e",
            "cfc8611e-5edd-476e-9415-40d7740dd268",
            "9ba42bf9-581b-4b53-b6f1-d7d4299b6006",
            "b8abe671-b930-49d5-9013-5caacc40a605",
            "dcc01b43-468f-4968-8b74-5195fdde2d80"
          ],
          "failures": [],
          "pending": [],
          "skipped": [],
          "duration": 3495,
          "root": false,
          "rootEmpty": false,
          "_timeout": 2000
        }
      ],
      "passes": [],
      "failures": [],
      "pending": [],
      "skipped": [],
      "duration": 0,
      "root": true,
      "rootEmpty": true,
      "_timeout": 2000
    }
  ],
  "meta": {
    "mocha": {
      "version": "7.2.0"
    },
    "mochawesome": {
      "options": {
        "quiet": false,
        "reportFilename": "mochawesome",
        "saveHtml": false,
        "saveJson": true,
        "consoleReporter": "spec",
        "useInlineDiffs": false,
        "code": true
      },
      "version": "7.1.3"
    },
    "marge": {
      "options": {
        "charts": true,
        "reportDir": "reports/mochawesome",
        "overwrite": false,
        "html": false,
        "json": true
      },
      "version": "6.2.0"
    }
  }
}