{
  "stats": {
    "suites": 1,
    "tests": 1,
    "passes": 1,
    "pending": 0,
    "failures": 0,
    "start": "2025-06-03T14:04:51.610Z",
    "end": "2025-06-03T14:04:53.730Z",
    "duration": 2120,
    "testsRegistered": 1,
    "passPercent": 100,
    "pendingPercent": 0,
    "other": 0,
    "hasOther": false,
    "skipped": 0,
    "hasSkipped": false
  },
  "results": [
    {
      "uuid": "0c5127a3-385b-4ff6-a145-21875b4a71ef",
      "title": "",
      "fullFile": "cypress/e2e/ui/login/login-positive.cy.js",
      "file": "cypress/e2e/ui/login/login-positive.cy.js",
      "beforeHooks": [],
      "afterHooks": [],
      "tests": [],
      "suites": [
        {
          "uuid": "8ce7aa67-eace-4aac-bcef-fecd63855848",
          "title": "Login Functionality: Positive Test Cases",
          "fullFile": "",
          "file": "",
          "beforeHooks": [],
          "afterHooks": [],
          "tests": [
            {
              "title": "[LOGIN-POS-001] should successfully login with valid credentials",
              "fullTitle": "Login Functionality: Positive Test Cases [LOGIN-POS-001] should successfully login with valid credentials",
              "timedOut": null,
              "duration": 2065,
              "state": "passed",
              "speed": "fast",
              "pass": true,
              "fail": false,
              "pending": false,
              "context": null,
              "code": "_loginPage.default.login(this.userCredential.validLoginData.email, this.userCredential.validLoginData.password);\ncy.url().should(\"include\", \"dashboard/user/profile\");\ncy.title().should(\"eq\", \"User: Profile | Delek Homes\");",
              "err": {},
              "uuid": "7d158025-a9a8-412d-9b2d-58dabe3a6114",
              "parentUUID": "8ce7aa67-eace-4aac-bcef-fecd63855848",
              "isHook": false,
              "skipped": false
            }
          ],
          "suites": [],
          "passes": [
            "7d158025-a9a8-412d-9b2d-58dabe3a6114"
          ],
          "failures": [],
          "pending": [],
          "skipped": [],
          "duration": 2065,
          "root": false,
          "rootEmpty": false,
          "_timeout": 2000
        }
      ],
      "passes": [],
      "failures": [],
      "pending": [],
      "skipped": [],
      "duration": 0,
      "root": true,
      "rootEmpty": true,
      "_timeout": 2000
    }
  ],
  "meta": {
    "mocha": {
      "version": "7.2.0"
    },
    "mochawesome": {
      "options": {
        "quiet": false,
        "reportFilename": "mochawesome",
        "saveHtml": false,
        "saveJson": true,
        "consoleReporter": "spec",
        "useInlineDiffs": false,
        "code": true
      },
      "version": "7.1.3"
    },
    "marge": {
      "options": {
        "charts": true,
        "reportDir": "reports/mochawesome",
        "overwrite": false,
        "html": false,
        "json": true
      },
      "version": "6.2.0"
    }
  }
}