{
  "stats": {
    "suites": 1,
    "tests": 2,
    "passes": 2,
    "pending": 0,
    "failures": 0,
    "start": "2025-06-02T02:04:38.289Z",
    "end": "2025-06-02T02:04:38.949Z",
    "duration": 660,
    "testsRegistered": 2,
    "passPercent": 100,
    "pendingPercent": 0,
    "other": 0,
    "hasOther": false,
    "skipped": 0,
    "hasSkipped": false
  },
  "results": [
    {
      "uuid": "745a4491-60cb-4326-93fb-bed4ad6aea7f",
      "title": "",
      "fullFile": "cypress/e2e/api/listings/api-create-listing.cy.js",
      "file": "cypress/e2e/api/listings/api-create-listing.cy.js",
      "beforeHooks": [],
      "afterHooks": [],
      "tests": [],
      "suites": [
        {
          "uuid": "1ddfccc7-8bd9-4ef0-8165-7a6edfeed817",
          "title": "End-to-End: Create and Delete Property Listing via API",
          "fullFile": "",
          "file": "",
          "beforeHooks": [],
          "afterHooks": [],
          "tests": [
            {
              "title": "[LISTING-001] should create a new property listing via API",
              "fullTitle": "End-to-End: Create and Delete Property Listing via API [LISTING-001] should create a new property listing via API",
              "timedOut": null,
              "duration": 551,
              "state": "passed",
              "speed": "fast",
              "pass": true,
              "fail": false,
              "pending": false,
              "context": null,
              "code": "cy.fixture('new-property-listing-data.json').then(data => {\n  cy.createListing({\n    listingData: data.newRealEstateAPI,\n    imagePath: 'images/beautifulHouse.png'\n  }).then(listingId => {\n    cy.log(`New Listing Created! ID: ${listingId}`);\n    cy.writeFile(path, {\n      listingId\n    });\n  });\n});",
              "err": {},
              "uuid": "34407532-c2e0-40eb-a4a4-7134e3d31a94",
              "parentUUID": "1ddfccc7-8bd9-4ef0-8165-7a6edfeed817",
              "isHook": false,
              "skipped": false
            },
            {
              "title": "[LISTING-002] should delete the created property listing by ID via API",
              "fullTitle": "End-to-End: Create and Delete Property Listing via API [LISTING-002] should delete the created property listing by ID via API",
              "timedOut": null,
              "duration": 87,
              "state": "passed",
              "speed": "fast",
              "pass": true,
              "fail": false,
              "pending": false,
              "context": null,
              "code": "cy.fixture('last-listing-ID.json').then(({\n  listingId\n}) => {\n  cy.deleteListing(listingId).then(response => {\n    cy.log(`Deleted Listing ID: ${listingId}`);\n    expect(response.status).to.eq(200);\n  });\n});",
              "err": {},
              "uuid": "697cabb3-dd95-489e-8ded-e0b74af3dc42",
              "parentUUID": "1ddfccc7-8bd9-4ef0-8165-7a6edfeed817",
              "isHook": false,
              "skipped": false
            }
          ],
          "suites": [],
          "passes": [
            "34407532-c2e0-40eb-a4a4-7134e3d31a94",
            "697cabb3-dd95-489e-8ded-e0b74af3dc42"
          ],
          "failures": [],
          "pending": [],
          "skipped": [],
          "duration": 638,
          "root": false,
          "rootEmpty": false,
          "_timeout": 2000
        }
      ],
      "passes": [],
      "failures": [],
      "pending": [],
      "skipped": [],
      "duration": 0,
      "root": true,
      "rootEmpty": true,
      "_timeout": 2000
    }
  ],
  "meta": {
    "mocha": {
      "version": "7.2.0"
    },
    "mochawesome": {
      "options": {
        "quiet": false,
        "reportFilename": "mochawesome",
        "saveHtml": false,
        "saveJson": true,
        "consoleReporter": "spec",
        "useInlineDiffs": false,
        "code": true
      },
      "version": "7.1.3"
    },
    "marge": {
      "options": {
        "charts": true,
        "reportDir": "reports/mochawesome",
        "overwrite": false,
        "html": false,
        "json": true
      },
      "version": "6.2.0"
    }
  }
}