{
  "stats": {
    "suites": 1,
    "tests": 2,
    "passes": 2,
    "pending": 0,
    "failures": 0,
    "start": "2025-06-02T02:08:00.051Z",
    "end": "2025-06-02T02:08:00.673Z",
    "duration": 622,
    "testsRegistered": 2,
    "passPercent": 100,
    "pendingPercent": 0,
    "other": 0,
    "hasOther": false,
    "skipped": 0,
    "hasSkipped": false
  },
  "results": [
    {
      "uuid": "72a6e165-1ecd-4a51-afdd-433c14b1caf9",
      "title": "",
      "fullFile": "cypress/e2e/api/listings/api-get-listing.cy.js",
      "file": "cypress/e2e/api/listings/api-get-listing.cy.js",
      "beforeHooks": [],
      "afterHooks": [],
      "tests": [],
      "suites": [
        {
          "uuid": "83eb6234-f8a1-467e-b073-2acc658d1140",
          "title": "API: Create and Get Listing",
          "fullFile": "",
          "file": "",
          "beforeHooks": [],
          "afterHooks": [],
          "tests": [
            {
              "title": "[LISTING-001] should create a new property listing via API",
              "fullTitle": "API: Create and Get Listing [LISTING-001] should create a new property listing via API",
              "timedOut": null,
              "duration": 526,
              "state": "passed",
              "speed": "fast",
              "pass": true,
              "fail": false,
              "pending": false,
              "context": null,
              "code": "cy.createListing({\n  listingData: this.listingData,\n  imagePath: \"images/beautifulHouse.png\"\n}).then(createdListingId => {\n  cy.log(`New Listing Created! ID: ${createdListingId}`);\n  cy.writeFile(path, {\n    createdListingId\n  });\n});",
              "err": {},
              "uuid": "aaca6a23-537d-413d-9275-0488774d0b9d",
              "parentUUID": "83eb6234-f8a1-467e-b073-2acc658d1140",
              "isHook": false,
              "skipped": false
            },
            {
              "title": "[LISTING-002] should GET the created listing and verify details",
              "fullTitle": "API: Create and Get Listing [LISTING-002] should GET the created listing and verify details",
              "timedOut": null,
              "duration": 82,
              "state": "passed",
              "speed": "fast",
              "pass": true,
              "fail": false,
              "pending": false,
              "context": null,
              "code": "const bearerToken = `Bearer ${localStorage.getItem(\"accessToken\") || \"\"}`;\ncy.fixture(\"created-listing-ID.json\").then(({\n  createdListingId\n}) => {\n  cy.api({\n    method: \"GET\",\n    url: `/api/estate-objects/${createdListingId}`,\n    headers: {\n      Authorization: bearerToken\n    }\n  }).then(getResponse => {\n    expect(getResponse.status).to.eq(200);\n    expect(getResponse.body.estateObject.title).to.eq(this.listingData.title);\n  });\n});",
              "err": {},
              "uuid": "fbf6a155-6167-413c-8f9d-5c005e728079",
              "parentUUID": "83eb6234-f8a1-467e-b073-2acc658d1140",
              "isHook": false,
              "skipped": false
            }
          ],
          "suites": [],
          "passes": [
            "aaca6a23-537d-413d-9275-0488774d0b9d",
            "fbf6a155-6167-413c-8f9d-5c005e728079"
          ],
          "failures": [],
          "pending": [],
          "skipped": [],
          "duration": 608,
          "root": false,
          "rootEmpty": false,
          "_timeout": 2000
        }
      ],
      "passes": [],
      "failures": [],
      "pending": [],
      "skipped": [],
      "duration": 0,
      "root": true,
      "rootEmpty": true,
      "_timeout": 2000
    }
  ],
  "meta": {
    "mocha": {
      "version": "7.2.0"
    },
    "mochawesome": {
      "options": {
        "quiet": false,
        "reportFilename": "mochawesome",
        "saveHtml": false,
        "saveJson": true,
        "consoleReporter": "spec",
        "useInlineDiffs": false,
        "code": true
      },
      "version": "7.1.3"
    },
    "marge": {
      "options": {
        "charts": true,
        "reportDir": "reports/mochawesome",
        "overwrite": false,
        "html": false,
        "json": true
      },
      "version": "6.2.0"
    }
  }
}