{
  "stats": {
    "suites": 1,
    "tests": 1,
    "passes": 1,
    "pending": 0,
    "failures": 0,
    "start": "2025-06-02T02:07:52.550Z",
    "end": "2025-06-02T02:07:52.791Z",
    "duration": 241,
    "testsRegistered": 1,
    "passPercent": 100,
    "pendingPercent": 0,
    "other": 0,
    "hasOther": false,
    "skipped": 0,
    "hasSkipped": false
  },
  "results": [
    {
      "uuid": "c18ad72f-8e9b-4b3e-951b-57aaf5fbfbbb",
      "title": "",
      "fullFile": "cypress/e2e/api/listings/api-delete-listing.cy.js",
      "file": "cypress/e2e/api/listings/api-delete-listing.cy.js",
      "beforeHooks": [],
      "afterHooks": [],
      "tests": [],
      "suites": [
        {
          "uuid": "9a11d00a-df28-4f70-aa69-a3d6a963465a",
          "title": "Delete Property Listing via API",
          "fullFile": "",
          "file": "",
          "beforeHooks": [],
          "afterHooks": [],
          "tests": [
            {
              "title": "should delete multiple listings individually",
              "fullTitle": "Delete Property Listing via API should delete multiple listings individually",
              "timedOut": null,
              "duration": 232,
              "state": "passed",
              "speed": "fast",
              "pass": true,
              "fail": false,
              "pending": false,
              "context": null,
              "code": "const bearerToken = `Bearer ${localStorage.getItem(\"accessToken\") || \"\"}`;\nlistingIds.forEach(listingId => {\n  cy.api({\n    method: \"DELETE\",\n    url: `/api/estate-objects/${listingId}`,\n    headers: {\n      Authorization: bearerToken\n    }\n  }).then(response => {\n    expect(response.status).to.eq(200);\n  });\n});",
              "err": {},
              "uuid": "87eefc77-7635-4532-8170-0472bf7bc33c",
              "parentUUID": "9a11d00a-df28-4f70-aa69-a3d6a963465a",
              "isHook": false,
              "skipped": false
            }
          ],
          "suites": [],
          "passes": [
            "87eefc77-7635-4532-8170-0472bf7bc33c"
          ],
          "failures": [],
          "pending": [],
          "skipped": [],
          "duration": 232,
          "root": false,
          "rootEmpty": false,
          "_timeout": 2000
        }
      ],
      "passes": [],
      "failures": [],
      "pending": [],
      "skipped": [],
      "duration": 0,
      "root": true,
      "rootEmpty": true,
      "_timeout": 2000
    }
  ],
  "meta": {
    "mocha": {
      "version": "7.2.0"
    },
    "mochawesome": {
      "options": {
        "quiet": false,
        "reportFilename": "mochawesome",
        "saveHtml": false,
        "saveJson": true,
        "consoleReporter": "spec",
        "useInlineDiffs": false,
        "code": true
      },
      "version": "7.1.3"
    },
    "marge": {
      "options": {
        "charts": true,
        "reportDir": "reports/mochawesome",
        "overwrite": false,
        "html": false,
        "json": true
      },
      "version": "6.2.0"
    }
  }
}