{
  "stats": {
    "suites": 1,
    "tests": 6,
    "passes": 6,
    "pending": 0,
    "failures": 0,
    "start": "2025-06-02T02:07:48.119Z",
    "end": "2025-06-02T02:07:56.813Z",
    "duration": 8694,
    "testsRegistered": 6,
    "passPercent": 100,
    "pendingPercent": 0,
    "other": 0,
    "hasOther": false,
    "skipped": 0,
    "hasSkipped": false
  },
  "results": [
    {
      "uuid": "2c3c7cb4-da50-41c0-a4b6-9fa227ff595d",
      "title": "",
      "fullFile": "cypress/e2e/ui/register/user-register-negative.cy.js",
      "file": "cypress/e2e/ui/register/user-register-negative.cy.js",
      "beforeHooks": [],
      "afterHooks": [],
      "tests": [],
      "suites": [
        {
          "uuid": "8a35eec7-3305-4b9c-a879-a231c68f026f",
          "title": "Register Page: User Negative Test Cases",
          "fullFile": "",
          "file": "",
          "beforeHooks": [],
          "afterHooks": [],
          "tests": [
            {
              "title": "[REG-USER-NEG-001] should display error when First Name field is empty",
              "fullTitle": "Register Page: User Negative Test Cases [REG-USER-NEG-001] should display error when First Name field is empty",
              "timedOut": null,
              "duration": 2683,
              "state": "passed",
              "speed": "fast",
              "pass": true,
              "fail": false,
              "pending": false,
              "context": null,
              "code": "_registerPage.default.fillRegistrationForm(\"\", _generateUser.lastName, _generateUser.email, _generateUser.password);\n_registerPage.default.assertErrorMessageVisible(this.message.registration.firstNameRequired);",
              "err": {},
              "uuid": "949cadfa-581c-428f-8270-d139bafe01ac",
              "parentUUID": "8a35eec7-3305-4b9c-a879-a231c68f026f",
              "isHook": false,
              "skipped": false
            },
            {
              "title": "[REG-USER-NEG-002] should display error when Last Name field is empty",
              "fullTitle": "Register Page: User Negative Test Cases [REG-USER-NEG-002] should display error when Last Name field is empty",
              "timedOut": null,
              "duration": 1332,
              "state": "passed",
              "speed": "fast",
              "pass": true,
              "fail": false,
              "pending": false,
              "context": null,
              "code": "_registerPage.default.fillRegistrationForm(_generateUser.firstName, \"\", _generateUser.email, _generateUser.password);\n_registerPage.default.assertErrorMessageVisible(this.message.registration.lastNameRequired);",
              "err": {},
              "uuid": "9ff58233-04df-4bd0-9722-af69ae6462e3",
              "parentUUID": "8a35eec7-3305-4b9c-a879-a231c68f026f",
              "isHook": false,
              "skipped": false
            },
            {
              "title": "[REG-USER-NEG-003] should display error when Email field is empty",
              "fullTitle": "Register Page: User Negative Test Cases [REG-USER-NEG-003] should display error when Email field is empty",
              "timedOut": null,
              "duration": 1106,
              "state": "passed",
              "speed": "fast",
              "pass": true,
              "fail": false,
              "pending": false,
              "context": null,
              "code": "_registerPage.default.fillRegistrationForm(_generateUser.firstName, _generateUser.lastName, \"\", _generateUser.password);\n_registerPage.default.assertErrorMessageVisible(this.message.registration.emailRequired);",
              "err": {},
              "uuid": "78fbdf10-62cb-4fdd-b98f-9e62e26a70f8",
              "parentUUID": "8a35eec7-3305-4b9c-a879-a231c68f026f",
              "isHook": false,
              "skipped": false
            },
            {
              "title": "[REG-USER-NEG-004] should display error when Password field is empty",
              "fullTitle": "Register Page: User Negative Test Cases [REG-USER-NEG-004] should display error when Password field is empty",
              "timedOut": null,
              "duration": 1222,
              "state": "passed",
              "speed": "fast",
              "pass": true,
              "fail": false,
              "pending": false,
              "context": null,
              "code": "_registerPage.default.fillRegistrationForm(_generateUser.firstName, _generateUser.lastName, _generateUser.email, \"\");\n_registerPage.default.assertErrorMessageVisible(this.message.registration.passwordRequired);",
              "err": {},
              "uuid": "cac07713-acf4-4a76-8396-5f119829b189",
              "parentUUID": "8a35eec7-3305-4b9c-a879-a231c68f026f",
              "isHook": false,
              "skipped": false
            },
            {
              "title": "[REG-USER-NEG-005] should display errors for all fields when submitting an empty form",
              "fullTitle": "Register Page: User Negative Test Cases [REG-USER-NEG-005] should display errors for all fields when submitting an empty form",
              "timedOut": null,
              "duration": 822,
              "state": "passed",
              "speed": "fast",
              "pass": true,
              "fail": false,
              "pending": false,
              "context": null,
              "code": "_registerPage.default.fillRegistrationForm(\"\", \"\", \"\", \"\");\nconst requiredFields = [this.message.registration.firstNameRequired, this.message.registration.lastNameRequired, this.message.registration.emailRequired, this.message.registration.passwordRequired];\nrequiredFields.forEach(msg => {\n  _registerPage.default.assertErrorMessageVisible(msg);\n});",
              "err": {},
              "uuid": "179ac97f-40ce-4c42-8d20-1cd2ddc8935d",
              "parentUUID": "8a35eec7-3305-4b9c-a879-a231c68f026f",
              "isHook": false,
              "skipped": false
            },
            {
              "title": "[REG-USER-NEG-006] should display error when registering with an already registered email",
              "fullTitle": "Register Page: User Negative Test Cases [REG-USER-NEG-006] should display error when registering with an already registered email",
              "timedOut": null,
              "duration": 1411,
              "state": "passed",
              "speed": "fast",
              "pass": true,
              "fail": false,
              "pending": false,
              "context": null,
              "code": "_registerPage.default.fillRegistrationForm(_generateUser.firstName, _generateUser.lastName, this.userCredential.validLoginData.email, _generateUser.password);\n_registerPage.default.assertInputErrorMessageIsDisplayed();",
              "err": {},
              "uuid": "ed76d648-f115-413e-a673-c0b8c386d895",
              "parentUUID": "8a35eec7-3305-4b9c-a879-a231c68f026f",
              "isHook": false,
              "skipped": false
            }
          ],
          "suites": [],
          "passes": [
            "949cadfa-581c-428f-8270-d139bafe01ac",
            "9ff58233-04df-4bd0-9722-af69ae6462e3",
            "78fbdf10-62cb-4fdd-b98f-9e62e26a70f8",
            "cac07713-acf4-4a76-8396-5f119829b189",
            "179ac97f-40ce-4c42-8d20-1cd2ddc8935d",
            "ed76d648-f115-413e-a673-c0b8c386d895"
          ],
          "failures": [],
          "pending": [],
          "skipped": [],
          "duration": 8576,
          "root": false,
          "rootEmpty": false,
          "_timeout": 2000
        }
      ],
      "passes": [],
      "failures": [],
      "pending": [],
      "skipped": [],
      "duration": 0,
      "root": true,
      "rootEmpty": true,
      "_timeout": 2000
    }
  ],
  "meta": {
    "mocha": {
      "version": "7.2.0"
    },
    "mochawesome": {
      "options": {
        "quiet": false,
        "reportFilename": "mochawesome",
        "saveHtml": false,
        "saveJson": true,
        "consoleReporter": "spec",
        "useInlineDiffs": false,
        "code": true
      },
      "version": "7.1.3"
    },
    "marge": {
      "options": {
        "charts": true,
        "reportDir": "reports/mochawesome",
        "overwrite": false,
        "html": false,
        "json": true
      },
      "version": "6.2.0"
    }
  }
}