{
  "stats": {
    "suites": 1,
    "tests": 2,
    "passes": 2,
    "pending": 0,
    "failures": 0,
    "start": "2025-06-02T02:04:32.589Z",
    "end": "2025-06-02T02:04:36.215Z",
    "duration": 3626,
    "testsRegistered": 2,
    "passPercent": 100,
    "pendingPercent": 0,
    "other": 0,
    "hasOther": false,
    "skipped": 0,
    "hasSkipped": false
  },
  "results": [
    {
      "uuid": "dcc21af5-9641-45b7-a23d-8bbd44cfdbe5",
      "title": "",
      "fullFile": "cypress/e2e/ui/register/realtor-register-positive.cy.js",
      "file": "cypress/e2e/ui/register/realtor-register-positive.cy.js",
      "beforeHooks": [],
      "afterHooks": [],
      "tests": [],
      "suites": [
        {
          "uuid": "e730f34e-96f6-4958-8f74-b2838efa00ea",
          "title": "Register Page: Realtor Positive Test Cases",
          "fullFile": "",
          "file": "",
          "beforeHooks": [],
          "afterHooks": [],
          "tests": [
            {
              "title": "[REG-REALTOR-POS-001] should register as a realtor when the checkbox is checked and display a welcome message",
              "fullTitle": "Register Page: Realtor Positive Test Cases [REG-REALTOR-POS-001] should register as a realtor when the checkbox is checked and display a welcome message",
              "timedOut": null,
              "duration": 3258,
              "state": "passed",
              "speed": "fast",
              "pass": true,
              "fail": false,
              "pending": false,
              "context": null,
              "code": "_registerPage.default.checkRegisterRealtor();\n_registerPage.default.fillRegistrationForm(_generateUser.firstName, _generateUser.lastName, _generateUser.email, _generateUser.password);\n_registerPage.default.assertWelcomeMessageIsDisplayed();",
              "err": {},
              "uuid": "65dc0702-8dba-4174-9142-e0ec952aa6d8",
              "parentUUID": "e730f34e-96f6-4958-8f74-b2838efa00ea",
              "isHook": false,
              "skipped": false
            },
            {
              "title": "[REG-REALTOR-POS-002] should keep realtor registration option unchecked when the checkbox is not selected",
              "fullTitle": "Register Page: Realtor Positive Test Cases [REG-REALTOR-POS-002] should keep realtor registration option unchecked when the checkbox is not selected",
              "timedOut": null,
              "duration": 324,
              "state": "passed",
              "speed": "fast",
              "pass": true,
              "fail": false,
              "pending": false,
              "context": null,
              "code": "_registerPage.default.uncheckedRegisterRealtor();\n_registerPage.default.verifyRegisterRealtorIsUnchecked();",
              "err": {},
              "uuid": "f3978ba2-6588-4fc2-a3f7-3f94b8e42a60",
              "parentUUID": "e730f34e-96f6-4958-8f74-b2838efa00ea",
              "isHook": false,
              "skipped": false
            }
          ],
          "suites": [],
          "passes": [
            "65dc0702-8dba-4174-9142-e0ec952aa6d8",
            "f3978ba2-6588-4fc2-a3f7-3f94b8e42a60"
          ],
          "failures": [],
          "pending": [],
          "skipped": [],
          "duration": 3582,
          "root": false,
          "rootEmpty": false,
          "_timeout": 2000
        }
      ],
      "passes": [],
      "failures": [],
      "pending": [],
      "skipped": [],
      "duration": 0,
      "root": true,
      "rootEmpty": true,
      "_timeout": 2000
    }
  ],
  "meta": {
    "mocha": {
      "version": "7.2.0"
    },
    "mochawesome": {
      "options": {
        "quiet": false,
        "reportFilename": "mochawesome",
        "saveHtml": false,
        "saveJson": true,
        "consoleReporter": "spec",
        "useInlineDiffs": false,
        "code": true
      },
      "version": "7.1.3"
    },
    "marge": {
      "options": {
        "charts": true,
        "reportDir": "reports/mochawesome",
        "overwrite": false,
        "html": false,
        "json": true
      },
      "version": "6.2.0"
    }
  }
}