{
  "stats": {
    "suites": 1,
    "tests": 1,
    "passes": 1,
    "pending": 0,
    "failures": 0,
    "start": "2025-06-03T14:04:54.781Z",
    "end": "2025-06-03T14:04:57.111Z",
    "duration": 2330,
    "testsRegistered": 1,
    "passPercent": 100,
    "pendingPercent": 0,
    "other": 0,
    "hasOther": false,
    "skipped": 0,
    "hasSkipped": false
  },
  "results": [
    {
      "uuid": "2a47494e-6693-4b6a-b43c-41c68931258d",
      "title": "",
      "fullFile": "cypress/e2e/ui/login/logout-positive.cy.js",
      "file": "cypress/e2e/ui/login/logout-positive.cy.js",
      "beforeHooks": [],
      "afterHooks": [],
      "tests": [],
      "suites": [
        {
          "uuid": "e08d2faa-9ac4-463f-82bd-af303855e1eb",
          "title": "User Logout Functionality - Positive Test Case",
          "fullFile": "",
          "file": "",
          "beforeHooks": [],
          "afterHooks": [],
          "tests": [
            {
              "title": "[LOGOUT-POS-001] should successfully logout and redirect the user to login page",
              "fullTitle": "User Logout Functionality - Positive Test Case [LOGOUT-POS-001] should successfully logout and redirect the user to login page",
              "timedOut": null,
              "duration": 2271,
              "state": "passed",
              "speed": "fast",
              "pass": true,
              "fail": false,
              "pending": false,
              "context": null,
              "code": "_headerComponent.default.clickUserIconMenuButton();\n_headerComponent.default.clickLogoutButton();\ncy.url().should(\"include\", \"/auth/login\");",
              "err": {},
              "uuid": "2cef97cd-b0f8-4abf-b5af-b259b62175df",
              "parentUUID": "e08d2faa-9ac4-463f-82bd-af303855e1eb",
              "isHook": false,
              "skipped": false
            }
          ],
          "suites": [],
          "passes": [
            "2cef97cd-b0f8-4abf-b5af-b259b62175df"
          ],
          "failures": [],
          "pending": [],
          "skipped": [],
          "duration": 2271,
          "root": false,
          "rootEmpty": false,
          "_timeout": 2000
        }
      ],
      "passes": [],
      "failures": [],
      "pending": [],
      "skipped": [],
      "duration": 0,
      "root": true,
      "rootEmpty": true,
      "_timeout": 2000
    }
  ],
  "meta": {
    "mocha": {
      "version": "7.2.0"
    },
    "mochawesome": {
      "options": {
        "quiet": false,
        "reportFilename": "mochawesome",
        "saveHtml": false,
        "saveJson": true,
        "consoleReporter": "spec",
        "useInlineDiffs": false,
        "code": true
      },
      "version": "7.1.3"
    },
    "marge": {
      "options": {
        "charts": true,
        "reportDir": "reports/mochawesome",
        "overwrite": false,
        "html": false,
        "json": true
      },
      "version": "6.2.0"
    }
  }
}