{
  "stats": {
    "suites": 1,
    "tests": 1,
    "passes": 1,
    "pending": 0,
    "failures": 0,
    "start": "2025-06-02T02:04:38.585Z",
    "end": "2025-06-02T02:04:40.830Z",
    "duration": 2245,
    "testsRegistered": 1,
    "passPercent": 100,
    "pendingPercent": 0,
    "other": 0,
    "hasOther": false,
    "skipped": 0,
    "hasSkipped": false
  },
  "results": [
    {
      "uuid": "dc0e9fe4-d13c-4c7a-8589-17cd08913c26",
      "title": "",
      "fullFile": "cypress/e2e/api/listing-search/api-search-listing.cy.js",
      "file": "cypress/e2e/api/listing-search/api-search-listing.cy.js",
      "beforeHooks": [],
      "afterHooks": [],
      "tests": [],
      "suites": [
        {
          "uuid": "a81f0120-31bc-4c27-b2b8-e661e0696ef0",
          "title": "End-to-End: property listing creation , search created property , and delete created property listing  by ID via API",
          "fullFile": "",
          "file": "",
          "beforeHooks": [],
          "afterHooks": [],
          "tests": [
            {
              "title": "[LISTING-004] Should filter and display listings based on selected state",
              "fullTitle": "End-to-End: property listing creation , search created property , and delete created property listing  by ID via API [LISTING-004] Should filter and display listings based on selected state",
              "timedOut": null,
              "duration": 1950,
              "state": "passed",
              "speed": "fast",
              "pass": true,
              "fail": false,
              "pending": false,
              "context": null,
              "code": "_home.default.searchState(_newPropertyListingData.default.newRealEstateAPI.state);\nconst fullState = _newPropertyListingData.default.newRealEstateAPI.state; // \"California\"\nconst abbrState = _stateAbbreviations.default[fullState]; //\"CA\"\n_featuredListings.default.verifyAllResultsIncludeState([fullState, abbrState]);",
              "err": {},
              "uuid": "e1b615c0-c30e-4e01-88b0-6ce78ba245e8",
              "parentUUID": "a81f0120-31bc-4c27-b2b8-e661e0696ef0",
              "isHook": false,
              "skipped": false
            }
          ],
          "suites": [],
          "passes": [
            "e1b615c0-c30e-4e01-88b0-6ce78ba245e8"
          ],
          "failures": [],
          "pending": [],
          "skipped": [],
          "duration": 1950,
          "root": false,
          "rootEmpty": false,
          "_timeout": 2000
        }
      ],
      "passes": [],
      "failures": [],
      "pending": [],
      "skipped": [],
      "duration": 0,
      "root": true,
      "rootEmpty": true,
      "_timeout": 2000
    }
  ],
  "meta": {
    "mocha": {
      "version": "7.2.0"
    },
    "mochawesome": {
      "options": {
        "quiet": false,
        "reportFilename": "mochawesome",
        "saveHtml": false,
        "saveJson": true,
        "consoleReporter": "spec",
        "useInlineDiffs": false,
        "code": true
      },
      "version": "7.1.3"
    },
    "marge": {
      "options": {
        "charts": true,
        "reportDir": "reports/mochawesome",
        "overwrite": false,
        "html": false,
        "json": true
      },
      "version": "6.2.0"
    }
  }
}