{
  "stats": {
    "suites": 1,
    "tests": 2,
    "passes": 2,
    "pending": 0,
    "failures": 0,
    "start": "2025-06-02T02:07:42.780Z",
    "end": "2025-06-02T02:07:46.488Z",
    "duration": 3708,
    "testsRegistered": 2,
    "passPercent": 100,
    "pendingPercent": 0,
    "other": 0,
    "hasOther": false,
    "skipped": 0,
    "hasSkipped": false
  },
  "results": [
    {
      "uuid": "0f784e37-44a0-4c00-9517-2703500b58a3",
      "title": "",
      "fullFile": "cypress/e2e/ui/register/realtor-register-positive.cy.js",
      "file": "cypress/e2e/ui/register/realtor-register-positive.cy.js",
      "beforeHooks": [],
      "afterHooks": [],
      "tests": [],
      "suites": [
        {
          "uuid": "00fd53a3-9a2a-4507-a46a-81da4285e232",
          "title": "Register Page: Realtor Positive Test Cases",
          "fullFile": "",
          "file": "",
          "beforeHooks": [],
          "afterHooks": [],
          "tests": [
            {
              "title": "[REG-REALTOR-POS-001] should register as a realtor when the checkbox is checked and display a welcome message",
              "fullTitle": "Register Page: Realtor Positive Test Cases [REG-REALTOR-POS-001] should register as a realtor when the checkbox is checked and display a welcome message",
              "timedOut": null,
              "duration": 3392,
              "state": "passed",
              "speed": "fast",
              "pass": true,
              "fail": false,
              "pending": false,
              "context": null,
              "code": "_registerPage.default.checkRegisterRealtor();\n_registerPage.default.fillRegistrationForm(_generateUser.firstName, _generateUser.lastName, _generateUser.email, _generateUser.password);\n_registerPage.default.assertWelcomeMessageIsDisplayed();",
              "err": {},
              "uuid": "08da9af9-9657-4ecb-8d1a-70ae340b2015",
              "parentUUID": "00fd53a3-9a2a-4507-a46a-81da4285e232",
              "isHook": false,
              "skipped": false
            },
            {
              "title": "[REG-REALTOR-POS-002] should keep realtor registration option unchecked when the checkbox is not selected",
              "fullTitle": "Register Page: Realtor Positive Test Cases [REG-REALTOR-POS-002] should keep realtor registration option unchecked when the checkbox is not selected",
              "timedOut": null,
              "duration": 277,
              "state": "passed",
              "speed": "fast",
              "pass": true,
              "fail": false,
              "pending": false,
              "context": null,
              "code": "_registerPage.default.uncheckedRegisterRealtor();\n_registerPage.default.verifyRegisterRealtorIsUnchecked();",
              "err": {},
              "uuid": "7f5f1e54-eb74-41d0-994b-16344a287164",
              "parentUUID": "00fd53a3-9a2a-4507-a46a-81da4285e232",
              "isHook": false,
              "skipped": false
            }
          ],
          "suites": [],
          "passes": [
            "08da9af9-9657-4ecb-8d1a-70ae340b2015",
            "7f5f1e54-eb74-41d0-994b-16344a287164"
          ],
          "failures": [],
          "pending": [],
          "skipped": [],
          "duration": 3669,
          "root": false,
          "rootEmpty": false,
          "_timeout": 2000
        }
      ],
      "passes": [],
      "failures": [],
      "pending": [],
      "skipped": [],
      "duration": 0,
      "root": true,
      "rootEmpty": true,
      "_timeout": 2000
    }
  ],
  "meta": {
    "mocha": {
      "version": "7.2.0"
    },
    "mochawesome": {
      "options": {
        "quiet": false,
        "reportFilename": "mochawesome",
        "saveHtml": false,
        "saveJson": true,
        "consoleReporter": "spec",
        "useInlineDiffs": false,
        "code": true
      },
      "version": "7.1.3"
    },
    "marge": {
      "options": {
        "charts": true,
        "reportDir": "reports/mochawesome",
        "overwrite": false,
        "html": false,
        "json": true
      },
      "version": "6.2.0"
    }
  }
}