{
  "stats": {
    "suites": 1,
    "tests": 1,
    "passes": 1,
    "pending": 0,
    "failures": 0,
    "start": "2025-06-03T14:05:10.611Z",
    "end": "2025-06-03T14:05:13.245Z",
    "duration": 2634,
    "testsRegistered": 1,
    "passPercent": 100,
    "pendingPercent": 0,
    "other": 0,
    "hasOther": false,
    "skipped": 0,
    "hasSkipped": false
  },
  "results": [
    {
      "uuid": "e5a95a78-3c4e-480c-b9c7-5943c6f6c967",
      "title": "",
      "fullFile": "cypress/e2e/ui/featured-listings/featured-listing-search.cy.js",
      "file": "cypress/e2e/ui/featured-listings/featured-listing-search.cy.js",
      "beforeHooks": [],
      "afterHooks": [],
      "tests": [],
      "suites": [
        {
          "uuid": "066b9fdb-7c44-421b-9920-077c0e7b6bda",
          "title": "Featured Listings Page: Property Search Functionality and Results Validation",
          "fullFile": "",
          "file": "",
          "beforeHooks": [],
          "afterHooks": [],
          "tests": [
            {
              "title": "[FEATLIST-001] should display correct property details after performing a featured listing search",
              "fullTitle": "Featured Listings Page: Property Search Functionality and Results Validation [FEATLIST-001] should display correct property details after performing a featured listing search",
              "timedOut": null,
              "duration": 2590,
              "state": "passed",
              "speed": "fast",
              "pass": true,
              "fail": false,
              "pending": false,
              "context": null,
              "code": "_home.default.fillHomeSearchForm({\n  keyword: _searchFormData.default.homePageSearchFormData.searchByKeyword,\n  bedrooms: _searchFormData.default.homePageSearchFormData.searchByBedrooms,\n  city: _searchFormData.default.homePageSearchFormData.searchByCity,\n  state: _searchFormData.default.homePageSearchFormData.searchByState\n});\ncy.url().should(\"include\", \"featured-listings\");\n_featuredListings.default.verifyResultOfThePropertyDetails(_validationPropertyDetails.default.expectedFeaturedCardDetails);",
              "err": {},
              "uuid": "fb1e0a92-5fe7-433b-96ec-99168a1ccfed",
              "parentUUID": "066b9fdb-7c44-421b-9920-077c0e7b6bda",
              "isHook": false,
              "skipped": false
            }
          ],
          "suites": [],
          "passes": [
            "fb1e0a92-5fe7-433b-96ec-99168a1ccfed"
          ],
          "failures": [],
          "pending": [],
          "skipped": [],
          "duration": 2590,
          "root": false,
          "rootEmpty": false,
          "_timeout": 2000
        }
      ],
      "passes": [],
      "failures": [],
      "pending": [],
      "skipped": [],
      "duration": 0,
      "root": true,
      "rootEmpty": true,
      "_timeout": 2000
    }
  ],
  "meta": {
    "mocha": {
      "version": "7.2.0"
    },
    "mochawesome": {
      "options": {
        "quiet": false,
        "reportFilename": "mochawesome",
        "saveHtml": false,
        "saveJson": true,
        "consoleReporter": "spec",
        "useInlineDiffs": false,
        "code": true
      },
      "version": "7.1.3"
    },
    "marge": {
      "options": {
        "charts": true,
        "reportDir": "reports/mochawesome",
        "overwrite": false,
        "html": false,
        "json": true
      },
      "version": "6.2.0"
    }
  }
}