{
  "stats": {
    "suites": 1,
    "tests": 2,
    "passes": 2,
    "pending": 0,
    "failures": 0,
    "start": "2025-06-02T02:07:45.587Z",
    "end": "2025-06-02T02:07:46.498Z",
    "duration": 911,
    "testsRegistered": 2,
    "passPercent": 100,
    "pendingPercent": 0,
    "other": 0,
    "hasOther": false,
    "skipped": 0,
    "hasSkipped": false
  },
  "results": [
    {
      "uuid": "e2339664-3c9a-4d48-b087-2888aa6d5590",
      "title": "",
      "fullFile": "cypress/e2e/api/listings/api-create-listing.cy.js",
      "file": "cypress/e2e/api/listings/api-create-listing.cy.js",
      "beforeHooks": [],
      "afterHooks": [],
      "tests": [],
      "suites": [
        {
          "uuid": "82434eec-e3e4-4883-9da6-9db4f5e11d14",
          "title": "End-to-End: Create and Delete Property Listing via API",
          "fullFile": "",
          "file": "",
          "beforeHooks": [],
          "afterHooks": [],
          "tests": [
            {
              "title": "[LISTING-001] should create a new property listing via API",
              "fullTitle": "End-to-End: Create and Delete Property Listing via API [LISTING-001] should create a new property listing via API",
              "timedOut": null,
              "duration": 772,
              "state": "passed",
              "speed": "fast",
              "pass": true,
              "fail": false,
              "pending": false,
              "context": null,
              "code": "cy.fixture('new-property-listing-data.json').then(data => {\n  cy.createListing({\n    listingData: data.newRealEstateAPI,\n    imagePath: 'images/beautifulHouse.png'\n  }).then(listingId => {\n    cy.log(`New Listing Created! ID: ${listingId}`);\n    cy.writeFile(path, {\n      listingId\n    });\n  });\n});",
              "err": {},
              "uuid": "14176425-ad03-42c1-8d62-089b4ecbb191",
              "parentUUID": "82434eec-e3e4-4883-9da6-9db4f5e11d14",
              "isHook": false,
              "skipped": false
            },
            {
              "title": "[LISTING-002] should delete the created property listing by ID via API",
              "fullTitle": "End-to-End: Create and Delete Property Listing via API [LISTING-002] should delete the created property listing by ID via API",
              "timedOut": null,
              "duration": 102,
              "state": "passed",
              "speed": "fast",
              "pass": true,
              "fail": false,
              "pending": false,
              "context": null,
              "code": "cy.fixture('last-listing-ID.json').then(({\n  listingId\n}) => {\n  cy.deleteListing(listingId).then(response => {\n    cy.log(`Deleted Listing ID: ${listingId}`);\n    expect(response.status).to.eq(200);\n  });\n});",
              "err": {},
              "uuid": "430112b6-8d50-43d4-8fd3-3f7784f897bf",
              "parentUUID": "82434eec-e3e4-4883-9da6-9db4f5e11d14",
              "isHook": false,
              "skipped": false
            }
          ],
          "suites": [],
          "passes": [
            "14176425-ad03-42c1-8d62-089b4ecbb191",
            "430112b6-8d50-43d4-8fd3-3f7784f897bf"
          ],
          "failures": [],
          "pending": [],
          "skipped": [],
          "duration": 874,
          "root": false,
          "rootEmpty": false,
          "_timeout": 2000
        }
      ],
      "passes": [],
      "failures": [],
      "pending": [],
      "skipped": [],
      "duration": 0,
      "root": true,
      "rootEmpty": true,
      "_timeout": 2000
    }
  ],
  "meta": {
    "mocha": {
      "version": "7.2.0"
    },
    "mochawesome": {
      "options": {
        "quiet": false,
        "reportFilename": "mochawesome",
        "saveHtml": false,
        "saveJson": true,
        "consoleReporter": "spec",
        "useInlineDiffs": false,
        "code": true
      },
      "version": "7.1.3"
    },
    "marge": {
      "options": {
        "charts": true,
        "reportDir": "reports/mochawesome",
        "overwrite": false,
        "html": false,
        "json": true
      },
      "version": "6.2.0"
    }
  }
}