{
  "stats": {
    "suites": 1,
    "tests": 2,
    "passes": 2,
    "pending": 0,
    "failures": 0,
    "start": "2025-06-02T02:07:33.841Z",
    "end": "2025-06-02T02:07:42.335Z",
    "duration": 8494,
    "testsRegistered": 2,
    "passPercent": 100,
    "pendingPercent": 0,
    "other": 0,
    "hasOther": false,
    "skipped": 0,
    "hasSkipped": false
  },
  "results": [
    {
      "uuid": "51abc5ac-214f-4640-b770-c31f6ba1f9e4",
      "title": "",
      "fullFile": "cypress/e2e/ui/property-listing/property-details.cy.js",
      "file": "cypress/e2e/ui/property-listing/property-details.cy.js",
      "beforeHooks": [],
      "afterHooks": [],
      "tests": [],
      "suites": [
        {
          "uuid": "853577fc-c9c5-48c1-bdd9-12a53d348386",
          "title": "Property Details Page: UI and Form Functionality",
          "fullFile": "",
          "file": "",
          "beforeHooks": [],
          "afterHooks": [],
          "tests": [
            {
              "title": "[PROPDET-001] should display all property details correctly",
              "fullTitle": "Property Details Page: UI and Form Functionality [PROPDET-001] should display all property details correctly",
              "timedOut": null,
              "duration": 3527,
              "state": "passed",
              "speed": "fast",
              "pass": true,
              "fail": false,
              "pending": false,
              "context": null,
              "code": "_featuredListingsPage.default.clickMoreButton();\n_propertyDetailsPage.default.verifyAllDetails(_validationPropertyDetails.default.expectedPropertyDetails);\n_propertyDetailsPage.default.verifyRealtorName();",
              "err": {},
              "uuid": "fdf74fa2-47c3-4bdd-b8b4-4e71bdfff0ba",
              "parentUUID": "853577fc-c9c5-48c1-bdd9-12a53d348386",
              "isHook": false,
              "skipped": false
            },
            {
              "title": "[PROPDET-002] should allow users to submit an inquiry form and redirect back to featured listings",
              "fullTitle": "Property Details Page: UI and Form Functionality [PROPDET-002] should allow users to submit an inquiry form and redirect back to featured listings",
              "timedOut": null,
              "duration": 4847,
              "state": "passed",
              "speed": "fast",
              "pass": true,
              "fail": false,
              "pending": false,
              "context": null,
              "code": "_featuredListingsPage.default.clickMoreButton();\n_propertyDetailsPage.default.clickMakeAnInquiryButton();\n_propertyDetailsPage.default.fillInquiryForm(_formData.default.inquiryFormData);\ncy.reload();\ncy.url().should(\"include\", \"featured-listings\");",
              "err": {},
              "uuid": "06d32907-9d41-4993-b16e-57b2aca82c55",
              "parentUUID": "853577fc-c9c5-48c1-bdd9-12a53d348386",
              "isHook": false,
              "skipped": false
            }
          ],
          "suites": [],
          "passes": [
            "fdf74fa2-47c3-4bdd-b8b4-4e71bdfff0ba",
            "06d32907-9d41-4993-b16e-57b2aca82c55"
          ],
          "failures": [],
          "pending": [],
          "skipped": [],
          "duration": 8374,
          "root": false,
          "rootEmpty": false,
          "_timeout": 2000
        }
      ],
      "passes": [],
      "failures": [],
      "pending": [],
      "skipped": [],
      "duration": 0,
      "root": true,
      "rootEmpty": true,
      "_timeout": 2000
    }
  ],
  "meta": {
    "mocha": {
      "version": "7.2.0"
    },
    "mochawesome": {
      "options": {
        "quiet": false,
        "reportFilename": "mochawesome",
        "saveHtml": false,
        "saveJson": true,
        "consoleReporter": "spec",
        "useInlineDiffs": false,
        "code": true
      },
      "version": "7.1.3"
    },
    "marge": {
      "options": {
        "charts": true,
        "reportDir": "reports/mochawesome",
        "overwrite": false,
        "html": false,
        "json": true
      },
      "version": "6.2.0"
    }
  }
}