{
  "stats": {
    "suites": 1,
    "tests": 3,
    "passes": 3,
    "pending": 0,
    "failures": 0,
    "start": "2025-06-02T02:07:48.227Z",
    "end": "2025-06-02T02:07:51.545Z",
    "duration": 3318,
    "testsRegistered": 3,
    "passPercent": 100,
    "pendingPercent": 0,
    "other": 0,
    "hasOther": false,
    "skipped": 0,
    "hasSkipped": false
  },
  "results": [
    {
      "uuid": "f8a2ecda-47de-4fd3-83f2-6e6e7585722c",
      "title": "",
      "fullFile": "cypress/e2e/ui/login/login-negative.cy.js",
      "file": "cypress/e2e/ui/login/login-negative.cy.js",
      "beforeHooks": [],
      "afterHooks": [],
      "tests": [],
      "suites": [
        {
          "uuid": "9b6a54fc-7172-4ff3-be3c-57bc7b5e4852",
          "title": "Login Functionality: Negative Test Cases",
          "fullFile": "",
          "file": "",
          "beforeHooks": [],
          "afterHooks": [],
          "tests": [
            {
              "title": "LOGIN-NEG-001] should display error for invalid email and password format",
              "fullTitle": "Login Functionality: Negative Test Cases LOGIN-NEG-001] should display error for invalid email and password format",
              "timedOut": null,
              "duration": 1765,
              "state": "passed",
              "speed": "fast",
              "pass": true,
              "fail": false,
              "pending": false,
              "context": null,
              "code": "_loginPage.default.login(this.userCredential.invalidLoginData.email, this.userCredential.invalidLoginData.password);\n_loginPage.default.assertErrorMessageVisible(this.message.login.invalidEmail);",
              "err": {},
              "uuid": "d4191db5-8b35-44d0-834d-a91f6674b54c",
              "parentUUID": "9b6a54fc-7172-4ff3-be3c-57bc7b5e4852",
              "isHook": false,
              "skipped": false
            },
            {
              "title": "[LOGIN-NEG-002] should display error when email filed is empty",
              "fullTitle": "Login Functionality: Negative Test Cases [LOGIN-NEG-002] should display error when email filed is empty",
              "timedOut": null,
              "duration": 705,
              "state": "passed",
              "speed": "fast",
              "pass": true,
              "fail": false,
              "pending": false,
              "context": null,
              "code": "_loginPage.default.login(\"\", this.userCredential.validLoginData.password);\n_loginPage.default.assertErrorMessageVisible(this.message.login.emailRequired);",
              "err": {},
              "uuid": "1f29bd4e-f597-43ca-9e94-cc9a7bb1ab64",
              "parentUUID": "9b6a54fc-7172-4ff3-be3c-57bc7b5e4852",
              "isHook": false,
              "skipped": false
            },
            {
              "title": "[LOGIN-NEG-003] should display error when password field is empty",
              "fullTitle": "Login Functionality: Negative Test Cases [LOGIN-NEG-003] should display error when password field is empty",
              "timedOut": null,
              "duration": 775,
              "state": "passed",
              "speed": "fast",
              "pass": true,
              "fail": false,
              "pending": false,
              "context": null,
              "code": "_loginPage.default.login(this.userCredential.validLoginData.email, \"\");\n_loginPage.default.assertErrorMessageVisible(this.message.login.passwordRequired);",
              "err": {},
              "uuid": "d9f43de6-e05c-4c39-a0a7-bcaae5fc102e",
              "parentUUID": "9b6a54fc-7172-4ff3-be3c-57bc7b5e4852",
              "isHook": false,
              "skipped": false
            }
          ],
          "suites": [],
          "passes": [
            "d4191db5-8b35-44d0-834d-a91f6674b54c",
            "1f29bd4e-f597-43ca-9e94-cc9a7bb1ab64",
            "d9f43de6-e05c-4c39-a0a7-bcaae5fc102e"
          ],
          "failures": [],
          "pending": [],
          "skipped": [],
          "duration": 3245,
          "root": false,
          "rootEmpty": false,
          "_timeout": 2000
        }
      ],
      "passes": [],
      "failures": [],
      "pending": [],
      "skipped": [],
      "duration": 0,
      "root": true,
      "rootEmpty": true,
      "_timeout": 2000
    }
  ],
  "meta": {
    "mocha": {
      "version": "7.2.0"
    },
    "mochawesome": {
      "options": {
        "quiet": false,
        "reportFilename": "mochawesome",
        "saveHtml": false,
        "saveJson": true,
        "consoleReporter": "spec",
        "useInlineDiffs": false,
        "code": true
      },
      "version": "7.1.3"
    },
    "marge": {
      "options": {
        "charts": true,
        "reportDir": "reports/mochawesome",
        "overwrite": false,
        "html": false,
        "json": true
      },
      "version": "6.2.0"
    }
  }
}