{
  "stats": {
    "suites": 1,
    "tests": 1,
    "passes": 1,
    "pending": 0,
    "failures": 0,
    "start": "2025-06-03T14:05:08.750Z",
    "end": "2025-06-03T14:05:08.970Z",
    "duration": 220,
    "testsRegistered": 1,
    "passPercent": 100,
    "pendingPercent": 0,
    "other": 0,
    "hasOther": false,
    "skipped": 0,
    "hasSkipped": false
  },
  "results": [
    {
      "uuid": "3ec991db-7e01-4445-9d0b-fef9ee67925f",
      "title": "",
      "fullFile": "cypress/e2e/api/listings/api-delete-listing.cy.js",
      "file": "cypress/e2e/api/listings/api-delete-listing.cy.js",
      "beforeHooks": [],
      "afterHooks": [],
      "tests": [],
      "suites": [
        {
          "uuid": "464ee325-b488-495d-96a6-9cd3ca26a2a4",
          "title": "Delete Property Listing via API",
          "fullFile": "",
          "file": "",
          "beforeHooks": [],
          "afterHooks": [],
          "tests": [
            {
              "title": "should delete multiple listings individually",
              "fullTitle": "Delete Property Listing via API should delete multiple listings individually",
              "timedOut": null,
              "duration": 208,
              "state": "passed",
              "speed": "fast",
              "pass": true,
              "fail": false,
              "pending": false,
              "context": null,
              "code": "const bearerToken = `Bearer ${localStorage.getItem(\"accessToken\") || \"\"}`;\nlistingIds.forEach(listingId => {\n  cy.api({\n    method: \"DELETE\",\n    url: `/api/estate-objects/${listingId}`,\n    headers: {\n      Authorization: bearerToken\n    }\n  }).then(response => {\n    expect(response.status).to.eq(200);\n  });\n});",
              "err": {},
              "uuid": "0efce596-faeb-4978-9fe3-99454a84d667",
              "parentUUID": "464ee325-b488-495d-96a6-9cd3ca26a2a4",
              "isHook": false,
              "skipped": false
            }
          ],
          "suites": [],
          "passes": [
            "0efce596-faeb-4978-9fe3-99454a84d667"
          ],
          "failures": [],
          "pending": [],
          "skipped": [],
          "duration": 208,
          "root": false,
          "rootEmpty": false,
          "_timeout": 2000
        }
      ],
      "passes": [],
      "failures": [],
      "pending": [],
      "skipped": [],
      "duration": 0,
      "root": true,
      "rootEmpty": true,
      "_timeout": 2000
    }
  ],
  "meta": {
    "mocha": {
      "version": "7.2.0"
    },
    "mochawesome": {
      "options": {
        "quiet": false,
        "reportFilename": "mochawesome",
        "saveHtml": false,
        "saveJson": true,
        "consoleReporter": "spec",
        "useInlineDiffs": false,
        "code": true
      },
      "version": "7.1.3"
    },
    "marge": {
      "options": {
        "charts": true,
        "reportDir": "reports/mochawesome",
        "overwrite": false,
        "html": false,
        "json": true
      },
      "version": "6.2.0"
    }
  }
}