{
  "stats": {
    "suites": 1,
    "tests": 1,
    "passes": 1,
    "pending": 0,
    "failures": 0,
    "start": "2025-06-02T02:07:36.358Z",
    "end": "2025-06-02T02:07:39.154Z",
    "duration": 2796,
    "testsRegistered": 1,
    "passPercent": 100,
    "pendingPercent": 0,
    "other": 0,
    "hasOther": false,
    "skipped": 0,
    "hasSkipped": false
  },
  "results": [
    {
      "uuid": "8b56c48d-eea7-4646-854d-26afd997bf24",
      "title": "",
      "fullFile": "cypress/e2e/ui/register/realtor-register-negative.cy.js",
      "file": "cypress/e2e/ui/register/realtor-register-negative.cy.js",
      "beforeHooks": [],
      "afterHooks": [],
      "tests": [],
      "suites": [
        {
          "uuid": "9bca4f2e-6e7f-4f25-93a1-0fe75eb21789",
          "title": "Register Page: Realtor Negative Test Cases",
          "fullFile": "",
          "file": "",
          "beforeHooks": [],
          "afterHooks": [],
          "tests": [
            {
              "title": "[REG-REALTOR-NEG-001] Should display error when attempting to register with an already registered email",
              "fullTitle": "Register Page: Realtor Negative Test Cases [REG-REALTOR-NEG-001] Should display error when attempting to register with an already registered email",
              "timedOut": null,
              "duration": 2750,
              "state": "passed",
              "speed": "fast",
              "pass": true,
              "fail": false,
              "pending": false,
              "context": null,
              "code": "_registerPage.default.fillRegistrationForm(_generateUser.firstName, _generateUser.lastName, this.userCredential.validLoginData.email, _generateUser.password);\n_registerPage.default.assertInputErrorMessageIsDisplayed();",
              "err": {},
              "uuid": "3af54daa-8b66-4d01-81d1-0ec2565db9ad",
              "parentUUID": "9bca4f2e-6e7f-4f25-93a1-0fe75eb21789",
              "isHook": false,
              "skipped": false
            }
          ],
          "suites": [],
          "passes": [
            "3af54daa-8b66-4d01-81d1-0ec2565db9ad"
          ],
          "failures": [],
          "pending": [],
          "skipped": [],
          "duration": 2750,
          "root": false,
          "rootEmpty": false,
          "_timeout": 2000
        }
      ],
      "passes": [],
      "failures": [],
      "pending": [],
      "skipped": [],
      "duration": 0,
      "root": true,
      "rootEmpty": true,
      "_timeout": 2000
    }
  ],
  "meta": {
    "mocha": {
      "version": "7.2.0"
    },
    "mochawesome": {
      "options": {
        "quiet": false,
        "reportFilename": "mochawesome",
        "saveHtml": false,
        "saveJson": true,
        "consoleReporter": "spec",
        "useInlineDiffs": false,
        "code": true
      },
      "version": "7.1.3"
    },
    "marge": {
      "options": {
        "charts": true,
        "reportDir": "reports/mochawesome",
        "overwrite": false,
        "html": false,
        "json": true
      },
      "version": "6.2.0"
    }
  }
}