{
  "stats": {
    "suites": 1,
    "tests": 1,
    "passes": 1,
    "pending": 0,
    "failures": 0,
    "start": "2025-06-02T02:07:58.087Z",
    "end": "2025-06-02T02:07:58.865Z",
    "duration": 778,
    "testsRegistered": 1,
    "passPercent": 100,
    "pendingPercent": 0,
    "other": 0,
    "hasOther": false,
    "skipped": 0,
    "hasSkipped": false
  },
  "results": [
    {
      "uuid": "cf5e6b86-bda6-469f-a92a-fa5253adbab0",
      "title": "",
      "fullFile": "cypress/e2e/ui/home/home-search.cy.js",
      "file": "cypress/e2e/ui/home/home-search.cy.js",
      "beforeHooks": [],
      "afterHooks": [],
      "tests": [],
      "suites": [
        {
          "uuid": "38f7dd98-7e14-4731-8132-7b9ff533f944",
          "title": "Home Page: Property Search Functionality",
          "fullFile": "",
          "file": "",
          "beforeHooks": [],
          "afterHooks": [],
          "tests": [
            {
              "title": "[HOME-003] should filter and display listings within the selected price range",
              "fullTitle": "Home Page: Property Search Functionality [HOME-003] should filter and display listings within the selected price range",
              "timedOut": null,
              "duration": 762,
              "state": "passed",
              "speed": "fast",
              "pass": true,
              "fail": false,
              "pending": false,
              "context": null,
              "code": "",
              "err": {},
              "uuid": "ae313349-bb2c-4df9-8670-949be169c670",
              "parentUUID": "38f7dd98-7e14-4731-8132-7b9ff533f944",
              "isHook": false,
              "skipped": false
            }
          ],
          "suites": [],
          "passes": [
            "ae313349-bb2c-4df9-8670-949be169c670"
          ],
          "failures": [],
          "pending": [],
          "skipped": [],
          "duration": 762,
          "root": false,
          "rootEmpty": false,
          "_timeout": 2000
        }
      ],
      "passes": [],
      "failures": [],
      "pending": [],
      "skipped": [],
      "duration": 0,
      "root": true,
      "rootEmpty": true,
      "_timeout": 2000
    }
  ],
  "meta": {
    "mocha": {
      "version": "7.2.0"
    },
    "mochawesome": {
      "options": {
        "quiet": false,
        "reportFilename": "mochawesome",
        "saveHtml": false,
        "saveJson": true,
        "consoleReporter": "spec",
        "useInlineDiffs": false,
        "code": true
      },
      "version": "7.1.3"
    },
    "marge": {
      "options": {
        "charts": true,
        "reportDir": "reports/mochawesome",
        "overwrite": false,
        "html": false,
        "json": true
      },
      "version": "6.2.0"
    }
  }
}