{
  "stats": {
    "suites": 1,
    "tests": 3,
    "passes": 3,
    "pending": 0,
    "failures": 0,
    "start": "2025-06-02T02:04:38.516Z",
    "end": "2025-06-02T02:04:41.972Z",
    "duration": 3456,
    "testsRegistered": 3,
    "passPercent": 100,
    "pendingPercent": 0,
    "other": 0,
    "hasOther": false,
    "skipped": 0,
    "hasSkipped": false
  },
  "results": [
    {
      "uuid": "7fa6e944-86b6-4ed3-bec3-4a54b28e49c3",
      "title": "",
      "fullFile": "cypress/e2e/ui/login/login-negative.cy.js",
      "file": "cypress/e2e/ui/login/login-negative.cy.js",
      "beforeHooks": [],
      "afterHooks": [],
      "tests": [],
      "suites": [
        {
          "uuid": "f32d53f7-30ca-4689-80ed-f076bda64e55",
          "title": "Login Functionality: Negative Test Cases",
          "fullFile": "",
          "file": "",
          "beforeHooks": [],
          "afterHooks": [],
          "tests": [
            {
              "title": "LOGIN-NEG-001] should display error for invalid email and password format",
              "fullTitle": "Login Functionality: Negative Test Cases LOGIN-NEG-001] should display error for invalid email and password format",
              "timedOut": null,
              "duration": 1797,
              "state": "passed",
              "speed": "fast",
              "pass": true,
              "fail": false,
              "pending": false,
              "context": null,
              "code": "_loginPage.default.login(this.userCredential.invalidLoginData.email, this.userCredential.invalidLoginData.password);\n_loginPage.default.assertErrorMessageVisible(this.message.login.invalidEmail);",
              "err": {},
              "uuid": "73d32913-0f40-4331-8f45-09f9b0433ac0",
              "parentUUID": "f32d53f7-30ca-4689-80ed-f076bda64e55",
              "isHook": false,
              "skipped": false
            },
            {
              "title": "[LOGIN-NEG-002] should display error when email filed is empty",
              "fullTitle": "Login Functionality: Negative Test Cases [LOGIN-NEG-002] should display error when email filed is empty",
              "timedOut": null,
              "duration": 829,
              "state": "passed",
              "speed": "fast",
              "pass": true,
              "fail": false,
              "pending": false,
              "context": null,
              "code": "_loginPage.default.login(\"\", this.userCredential.validLoginData.password);\n_loginPage.default.assertErrorMessageVisible(this.message.login.emailRequired);",
              "err": {},
              "uuid": "a1384a5e-48fe-4f77-b0c1-0ab3144ae94e",
              "parentUUID": "f32d53f7-30ca-4689-80ed-f076bda64e55",
              "isHook": false,
              "skipped": false
            },
            {
              "title": "[LOGIN-NEG-003] should display error when password field is empty",
              "fullTitle": "Login Functionality: Negative Test Cases [LOGIN-NEG-003] should display error when password field is empty",
              "timedOut": null,
              "duration": 750,
              "state": "passed",
              "speed": "fast",
              "pass": true,
              "fail": false,
              "pending": false,
              "context": null,
              "code": "_loginPage.default.login(this.userCredential.validLoginData.email, \"\");\n_loginPage.default.assertErrorMessageVisible(this.message.login.passwordRequired);",
              "err": {},
              "uuid": "79c9344a-5cff-4f2e-bd2e-9aecd3a69fbc",
              "parentUUID": "f32d53f7-30ca-4689-80ed-f076bda64e55",
              "isHook": false,
              "skipped": false
            }
          ],
          "suites": [],
          "passes": [
            "73d32913-0f40-4331-8f45-09f9b0433ac0",
            "a1384a5e-48fe-4f77-b0c1-0ab3144ae94e",
            "79c9344a-5cff-4f2e-bd2e-9aecd3a69fbc"
          ],
          "failures": [],
          "pending": [],
          "skipped": [],
          "duration": 3376,
          "root": false,
          "rootEmpty": false,
          "_timeout": 2000
        }
      ],
      "passes": [],
      "failures": [],
      "pending": [],
      "skipped": [],
      "duration": 0,
      "root": true,
      "rootEmpty": true,
      "_timeout": 2000
    }
  ],
  "meta": {
    "mocha": {
      "version": "7.2.0"
    },
    "mochawesome": {
      "options": {
        "quiet": false,
        "reportFilename": "mochawesome",
        "saveHtml": false,
        "saveJson": true,
        "consoleReporter": "spec",
        "useInlineDiffs": false,
        "code": true
      },
      "version": "7.1.3"
    },
    "marge": {
      "options": {
        "charts": true,
        "reportDir": "reports/mochawesome",
        "overwrite": false,
        "html": false,
        "json": true
      },
      "version": "6.2.0"
    }
  }
}