{
  "stats": {
    "suites": 1,
    "tests": 3,
    "passes": 3,
    "pending": 0,
    "failures": 0,
    "start": "2025-06-03T14:05:03.990Z",
    "end": "2025-06-03T14:05:09.294Z",
    "duration": 5304,
    "testsRegistered": 3,
    "passPercent": 100,
    "pendingPercent": 0,
    "other": 0,
    "hasOther": false,
    "skipped": 0,
    "hasSkipped": false
  },
  "results": [
    {
      "uuid": "e5fd6799-f6d6-4d5e-9077-630249e111a9",
      "title": "",
      "fullFile": "cypress/e2e/ui/register/user-register-positive.cy.js",
      "file": "cypress/e2e/ui/register/user-register-positive.cy.js",
      "beforeHooks": [],
      "afterHooks": [],
      "tests": [],
      "suites": [
        {
          "uuid": "8ce9de32-19d6-4da9-beb9-adef96abf529",
          "title": "Register Page: User Positive Test Cases",
          "fullFile": "",
          "file": "",
          "beforeHooks": [],
          "afterHooks": [],
          "tests": [
            {
              "title": "[REG-USER-POS-001] should allow user to input all required registration fields and verify values",
              "fullTitle": "Register Page: User Positive Test Cases [REG-USER-POS-001] should allow user to input all required registration fields and verify values",
              "timedOut": null,
              "duration": 2139,
              "state": "passed",
              "speed": "fast",
              "pass": true,
              "fail": false,
              "pending": false,
              "context": null,
              "code": "_registerPage.default.fillFirstName(_generateUser.firstName);\n_registerPage.default.fillLastName(_generateUser.lastName);\n_registerPage.default.fillEmail(_generateUser.email);\n_registerPage.default.fillPassword(_generateUser.password);\n_registerPage.default.assertRegisterFieldsContainValues(_generateUser.firstName, _generateUser.lastName, _generateUser.email, _generateUser.password);",
              "err": {},
              "uuid": "dee10443-97d6-470e-a6d6-8d19a438d68d",
              "parentUUID": "8ce9de32-19d6-4da9-beb9-adef96abf529",
              "isHook": false,
              "skipped": false
            },
            {
              "title": "[REG-USER-POS-002] should register user with valid new credentials and redirect to profile page",
              "fullTitle": "Register Page: User Positive Test Cases [REG-USER-POS-002] should register user with valid new credentials and redirect to profile page",
              "timedOut": null,
              "duration": 1585,
              "state": "passed",
              "speed": "fast",
              "pass": true,
              "fail": false,
              "pending": false,
              "context": null,
              "code": "_registerPage.default.fillRegistrationForm(_generateUser.firstName, _generateUser.lastName, _generateUser.email, _generateUser.password);\ncy.url().should(\"include\", \"dashboard/user/profile\");",
              "err": {},
              "uuid": "56f42021-9d8b-496d-9e1d-4d35c6c2a2c8",
              "parentUUID": "8ce9de32-19d6-4da9-beb9-adef96abf529",
              "isHook": false,
              "skipped": false
            },
            {
              "title": "[REG-USER-POS-003] should toggle password visibility on the registration form",
              "fullTitle": "Register Page: User Positive Test Cases [REG-USER-POS-003] should toggle password visibility on the registration form",
              "timedOut": null,
              "duration": 1511,
              "state": "passed",
              "speed": "fast",
              "pass": true,
              "fail": false,
              "pending": false,
              "context": null,
              "code": "_registerPage.default.fillFirstName(_generateUser.firstName);\n_registerPage.default.fillLastName(_generateUser.lastName);\n_registerPage.default.fillEmail(_generateUser.email);\n_registerPage.default.fillPassword(_generateUser.password);\n_registerPage.default.verifyPasswordVisibilityToggleShowsPassword(_generateUser.password);\n_registerPage.default.verifyPasswordVisibilityToggleHidesPassword();",
              "err": {},
              "uuid": "90d453da-f7f7-4e22-bf9b-ac87407dd835",
              "parentUUID": "8ce9de32-19d6-4da9-beb9-adef96abf529",
              "isHook": false,
              "skipped": false
            }
          ],
          "suites": [],
          "passes": [
            "dee10443-97d6-470e-a6d6-8d19a438d68d",
            "56f42021-9d8b-496d-9e1d-4d35c6c2a2c8",
            "90d453da-f7f7-4e22-bf9b-ac87407dd835"
          ],
          "failures": [],
          "pending": [],
          "skipped": [],
          "duration": 5235,
          "root": false,
          "rootEmpty": false,
          "_timeout": 2000
        }
      ],
      "passes": [],
      "failures": [],
      "pending": [],
      "skipped": [],
      "duration": 0,
      "root": true,
      "rootEmpty": true,
      "_timeout": 2000
    }
  ],
  "meta": {
    "mocha": {
      "version": "7.2.0"
    },
    "mochawesome": {
      "options": {
        "quiet": false,
        "reportFilename": "mochawesome",
        "saveHtml": false,
        "saveJson": true,
        "consoleReporter": "spec",
        "useInlineDiffs": false,
        "code": true
      },
      "version": "7.1.3"
    },
    "marge": {
      "options": {
        "charts": true,
        "reportDir": "reports/mochawesome",
        "overwrite": false,
        "html": false,
        "json": true
      },
      "version": "6.2.0"
    }
  }
}