{
  "stats": {
    "suites": 1,
    "tests": 6,
    "passes": 6,
    "pending": 0,
    "failures": 0,
    "start": "2025-06-02T02:04:40.429Z",
    "end": "2025-06-02T02:04:48.917Z",
    "duration": 8488,
    "testsRegistered": 6,
    "passPercent": 100,
    "pendingPercent": 0,
    "other": 0,
    "hasOther": false,
    "skipped": 0,
    "hasSkipped": false
  },
  "results": [
    {
      "uuid": "523ba20a-ffe3-4fbd-bcf1-00b80317fc35",
      "title": "",
      "fullFile": "cypress/e2e/ui/register/user-register-negative.cy.js",
      "file": "cypress/e2e/ui/register/user-register-negative.cy.js",
      "beforeHooks": [],
      "afterHooks": [],
      "tests": [],
      "suites": [
        {
          "uuid": "a71bd457-6369-492d-bdb5-48e48db2e0de",
          "title": "Register Page: User Negative Test Cases",
          "fullFile": "",
          "file": "",
          "beforeHooks": [],
          "afterHooks": [],
          "tests": [
            {
              "title": "[REG-USER-NEG-001] should display error when First Name field is empty",
              "fullTitle": "Register Page: User Negative Test Cases [REG-USER-NEG-001] should display error when First Name field is empty",
              "timedOut": null,
              "duration": 2584,
              "state": "passed",
              "speed": "fast",
              "pass": true,
              "fail": false,
              "pending": false,
              "context": null,
              "code": "_registerPage.default.fillRegistrationForm(\"\", _generateUser.lastName, _generateUser.email, _generateUser.password);\n_registerPage.default.assertErrorMessageVisible(this.message.registration.firstNameRequired);",
              "err": {},
              "uuid": "bce1f6e4-1783-4df1-8101-b909c8321bdf",
              "parentUUID": "a71bd457-6369-492d-bdb5-48e48db2e0de",
              "isHook": false,
              "skipped": false
            },
            {
              "title": "[REG-USER-NEG-002] should display error when Last Name field is empty",
              "fullTitle": "Register Page: User Negative Test Cases [REG-USER-NEG-002] should display error when Last Name field is empty",
              "timedOut": null,
              "duration": 1375,
              "state": "passed",
              "speed": "fast",
              "pass": true,
              "fail": false,
              "pending": false,
              "context": null,
              "code": "_registerPage.default.fillRegistrationForm(_generateUser.firstName, \"\", _generateUser.email, _generateUser.password);\n_registerPage.default.assertErrorMessageVisible(this.message.registration.lastNameRequired);",
              "err": {},
              "uuid": "de52f79a-64a9-437a-b396-811441f28ed4",
              "parentUUID": "a71bd457-6369-492d-bdb5-48e48db2e0de",
              "isHook": false,
              "skipped": false
            },
            {
              "title": "[REG-USER-NEG-003] should display error when Email field is empty",
              "fullTitle": "Register Page: User Negative Test Cases [REG-USER-NEG-003] should display error when Email field is empty",
              "timedOut": null,
              "duration": 1061,
              "state": "passed",
              "speed": "fast",
              "pass": true,
              "fail": false,
              "pending": false,
              "context": null,
              "code": "_registerPage.default.fillRegistrationForm(_generateUser.firstName, _generateUser.lastName, \"\", _generateUser.password);\n_registerPage.default.assertErrorMessageVisible(this.message.registration.emailRequired);",
              "err": {},
              "uuid": "0e5eeacf-7277-4e2b-967e-7677de2fec37",
              "parentUUID": "a71bd457-6369-492d-bdb5-48e48db2e0de",
              "isHook": false,
              "skipped": false
            },
            {
              "title": "[REG-USER-NEG-004] should display error when Password field is empty",
              "fullTitle": "Register Page: User Negative Test Cases [REG-USER-NEG-004] should display error when Password field is empty",
              "timedOut": null,
              "duration": 1145,
              "state": "passed",
              "speed": "fast",
              "pass": true,
              "fail": false,
              "pending": false,
              "context": null,
              "code": "_registerPage.default.fillRegistrationForm(_generateUser.firstName, _generateUser.lastName, _generateUser.email, \"\");\n_registerPage.default.assertErrorMessageVisible(this.message.registration.passwordRequired);",
              "err": {},
              "uuid": "5ab1eaad-5d77-4636-bb72-7df0835672e1",
              "parentUUID": "a71bd457-6369-492d-bdb5-48e48db2e0de",
              "isHook": false,
              "skipped": false
            },
            {
              "title": "[REG-USER-NEG-005] should display errors for all fields when submitting an empty form",
              "fullTitle": "Register Page: User Negative Test Cases [REG-USER-NEG-005] should display errors for all fields when submitting an empty form",
              "timedOut": null,
              "duration": 803,
              "state": "passed",
              "speed": "fast",
              "pass": true,
              "fail": false,
              "pending": false,
              "context": null,
              "code": "_registerPage.default.fillRegistrationForm(\"\", \"\", \"\", \"\");\nconst requiredFields = [this.message.registration.firstNameRequired, this.message.registration.lastNameRequired, this.message.registration.emailRequired, this.message.registration.passwordRequired];\nrequiredFields.forEach(msg => {\n  _registerPage.default.assertErrorMessageVisible(msg);\n});",
              "err": {},
              "uuid": "54055244-e2a5-4abd-b3d0-222ab3ff090a",
              "parentUUID": "a71bd457-6369-492d-bdb5-48e48db2e0de",
              "isHook": false,
              "skipped": false
            },
            {
              "title": "[REG-USER-NEG-006] should display error when registering with an already registered email",
              "fullTitle": "Register Page: User Negative Test Cases [REG-USER-NEG-006] should display error when registering with an already registered email",
              "timedOut": null,
              "duration": 1410,
              "state": "passed",
              "speed": "fast",
              "pass": true,
              "fail": false,
              "pending": false,
              "context": null,
              "code": "_registerPage.default.fillRegistrationForm(_generateUser.firstName, _generateUser.lastName, this.userCredential.validLoginData.email, _generateUser.password);\n_registerPage.default.assertInputErrorMessageIsDisplayed();",
              "err": {},
              "uuid": "56cebcf4-9e9e-4878-8664-5d1da4316b83",
              "parentUUID": "a71bd457-6369-492d-bdb5-48e48db2e0de",
              "isHook": false,
              "skipped": false
            }
          ],
          "suites": [],
          "passes": [
            "bce1f6e4-1783-4df1-8101-b909c8321bdf",
            "de52f79a-64a9-437a-b396-811441f28ed4",
            "0e5eeacf-7277-4e2b-967e-7677de2fec37",
            "5ab1eaad-5d77-4636-bb72-7df0835672e1",
            "54055244-e2a5-4abd-b3d0-222ab3ff090a",
            "56cebcf4-9e9e-4878-8664-5d1da4316b83"
          ],
          "failures": [],
          "pending": [],
          "skipped": [],
          "duration": 8378,
          "root": false,
          "rootEmpty": false,
          "_timeout": 2000
        }
      ],
      "passes": [],
      "failures": [],
      "pending": [],
      "skipped": [],
      "duration": 0,
      "root": true,
      "rootEmpty": true,
      "_timeout": 2000
    }
  ],
  "meta": {
    "mocha": {
      "version": "7.2.0"
    },
    "mochawesome": {
      "options": {
        "quiet": false,
        "reportFilename": "mochawesome",
        "saveHtml": false,
        "saveJson": true,
        "consoleReporter": "spec",
        "useInlineDiffs": false,
        "code": true
      },
      "version": "7.1.3"
    },
    "marge": {
      "options": {
        "charts": true,
        "reportDir": "reports/mochawesome",
        "overwrite": false,
        "html": false,
        "json": true
      },
      "version": "6.2.0"
    }
  }
}