{
  "stats": {
    "suites": 1,
    "tests": 1,
    "passes": 1,
    "pending": 0,
    "failures": 0,
    "start": "2025-06-03T14:05:08.881Z",
    "end": "2025-06-03T14:05:09.804Z",
    "duration": 923,
    "testsRegistered": 1,
    "passPercent": 100,
    "pendingPercent": 0,
    "other": 0,
    "hasOther": false,
    "skipped": 0,
    "hasSkipped": false
  },
  "results": [
    {
      "uuid": "f006c341-ae57-4777-a761-751b2317bffc",
      "title": "",
      "fullFile": "cypress/e2e/ui/home/home-search.cy.js",
      "file": "cypress/e2e/ui/home/home-search.cy.js",
      "beforeHooks": [],
      "afterHooks": [],
      "tests": [],
      "suites": [
        {
          "uuid": "d273af7a-1385-4364-ae60-23fe13ecb989",
          "title": "Home Page: Property Search Functionality",
          "fullFile": "",
          "file": "",
          "beforeHooks": [],
          "afterHooks": [],
          "tests": [
            {
              "title": "[HOME-003] should filter and display listings within the selected price range",
              "fullTitle": "Home Page: Property Search Functionality [HOME-003] should filter and display listings within the selected price range",
              "timedOut": null,
              "duration": 895,
              "state": "passed",
              "speed": "fast",
              "pass": true,
              "fail": false,
              "pending": false,
              "context": null,
              "code": "",
              "err": {},
              "uuid": "50fcb1f9-9224-4aa1-928c-2d9190efc12a",
              "parentUUID": "d273af7a-1385-4364-ae60-23fe13ecb989",
              "isHook": false,
              "skipped": false
            }
          ],
          "suites": [],
          "passes": [
            "50fcb1f9-9224-4aa1-928c-2d9190efc12a"
          ],
          "failures": [],
          "pending": [],
          "skipped": [],
          "duration": 895,
          "root": false,
          "rootEmpty": false,
          "_timeout": 2000
        }
      ],
      "passes": [],
      "failures": [],
      "pending": [],
      "skipped": [],
      "duration": 0,
      "root": true,
      "rootEmpty": true,
      "_timeout": 2000
    }
  ],
  "meta": {
    "mocha": {
      "version": "7.2.0"
    },
    "mochawesome": {
      "options": {
        "quiet": false,
        "reportFilename": "mochawesome",
        "saveHtml": false,
        "saveJson": true,
        "consoleReporter": "spec",
        "useInlineDiffs": false,
        "code": true
      },
      "version": "7.1.3"
    },
    "marge": {
      "options": {
        "charts": true,
        "reportDir": "reports/mochawesome",
        "overwrite": false,
        "html": false,
        "json": true
      },
      "version": "6.2.0"
    }
  }
}